INFO:websockets.server:server listening on 10.45.2.39:9000
INFO:websockets.server:connection open
INFO:ocpp:1: receive message [2,"cdb776a2-a2b4-44d5-bbc3-48d714154844","BootNotification",{"chargePointModel":"type-2","chargePointVendor":"Teison-AC","chargePointSerialNumber":"AISEN001","firmwareVersion":"V0.0.1"}]
INFO:ocpp:1: send [3,"cdb776a2-a2b4-44d5-bbc3-48d714154844",{"currentTime":"2023-03-01T15:02:47.088698","interval":300,"status":"Accepted"}]
INFO:ocpp:1: receive message [2,"f14549bc-124f-4264-9590-0395b2dc3c54","MeterValues",{"connectorId":1,"meterValue":[{"timestamp":"2023-03-01T15:02:47","sampledValue":[{"value":"236.4","measurand":"Voltage","unit":"V","phase":"L1"},{"value":"0.0","measurand":"Current.Export","unit":"A","phase":"L1"},{"value":"236.3","measurand":"Voltage","unit":"V","phase":"L2"},{"value":"238.0","measurand":"Current.Export","unit":"A","phase":"L2"},{"value":"2380.1","measurand":"Voltage","unit":"V","phase":"L3"},{"value":"0.0","measurand":"Current.Export","unit":"A","phase":"L1"},{"value":"14","measurand":"Temperature","unit":"Celsius"},{"value":"0","measurand":"Power.Active.Export","unit":"W"},{"value":"0","measurand":"Energy.Active.Export.Register","unit":"Wh"}]}]}]
INFO:ocpp:1: send [3,"f14549bc-124f-4264-9590-0395b2dc3c54",{}]
INFO:ocpp:1: receive message [2,"1e5d9b0b-da91-4bda-ad95-796132fd1146","StatusNotification",{"connectorId":1,"errorCode":"NoError","status":"Available","timestamp":"2023-03-01T15:02:47"}]
INFO:ocpp:1: send [3,"1e5d9b0b-da91-4bda-ad95-796132fd1146",{}]
INFO:ocpp:1: receive message [2,"46be64e1-df7f-41b7-9c5e-406facb45d7a","MeterValues",{"connectorId":1,"meterValue":[{"timestamp":"2023-03-01T15:02:57","sampledValue":[{"value":"236.4","measurand":"Voltage","unit":"V","phase":"L1"},{"value":"0.0","measurand":"Current.Export","unit":"A","phase":"L1"},{"value":"236.3","measurand":"Voltage","unit":"V","phase":"L2"},{"value":"238.1","measurand":"Current.Export","unit":"A","phase":"L2"},{"value":"2381.2","measurand":"Voltage","unit":"V","phase":"L3"},{"value":"0.0","measurand":"Current.Export","unit":"A","phase":"L1"},{"value":"14","measurand":"Temperature","unit":"Celsius"},{"value":"0","measurand":"Power.Active.Export","unit":"W"},{"value":"0","measurand":"Energy.Active.Export.Register","unit":"Wh"}]}]}]
INFO:ocpp:1: send [3,"46be64e1-df7f-41b7-9c5e-406facb45d7a",{}]
INFO:ocpp:1: receive message [2,"67d2dfd3-8f44-4d33-a3cc-965cafdfe448","MeterValues",{"connectorId":1,"meterValue":[{"timestamp":"2023-03-01T15:03:07","sampledValue":[{"value":"236.6","measurand":"Voltage","unit":"V","phase":"L1"},{"value":"0.0","measurand":"Current.Export","unit":"A","phase":"L1"},{"value":"236.9","measurand":"Voltage","unit":"V","phase":"L2"},{"value":"237.3","measurand":"Current.Export","unit":"A","phase":"L2"},{"value":"2373.6","measurand":"Voltage","unit":"V","phase":"L3"},{"value":"0.0","measurand":"Current.Export","unit":"A","phase":"L1"},{"value":"14","measurand":"Temperature","unit":"Celsius"},{"value":"0","measurand":"Power.Active.Export","unit":"W"},{"value":"0","measurand":"Energy.Active.Export.Register","unit":"Wh"}]}]}]
INFO:ocpp:1: send [3,"67d2dfd3-8f44-4d33-a3cc-965cafdfe448",{}]
INFO:ocpp:1: receive message [2,"a4dc1073-eddf-42d6-a0b6-2bf978a02ebb","MeterValues",{"connectorId":1,"meterValue":[{"timestamp":"2023-03-01T15:03:17","sampledValue":[{"value":"236.7","measurand":"Voltage","unit":"V","phase":"L1"},{"value":"0.0","measurand":"Current.Export","unit":"A","phase":"L1"},{"value":"236.6","measurand":"Voltage","unit":"V","phase":"L2"},{"value":"237.9","measurand":"Current.Export","unit":"A","phase":"L2"},{"value":"2379.5","measurand":"Voltage","unit":"V","phase":"L3"},{"value":"0.0","measurand":"Current.Export","unit":"A","phase":"L1"},{"value":"14","measurand":"Temperature","unit":"Celsius"},{"value":"0","measurand":"Power.Active.Export","unit":"W"},{"value":"0","measurand":"Energy.Active.Export.Register","unit":"Wh"}]}]}]
INFO:ocpp:1: send [3,"a4dc1073-eddf-42d6-a0b6-2bf978a02ebb",{}]
INFO:ocpp:1: receive message [2,"ba6cdd8c-6c3f-44d7-9718-d964412eb5e0","StatusNotification",{"connectorId":1,"errorCode":"NoError","status":"Available","timestamp":"2023-03-01T15:03:17"}]
INFO:ocpp:1: send [3,"ba6cdd8c-6c3f-44d7-9718-d964412eb5e0",{}]
INFO:ocpp:1: receive message [2,"f07ebac1-1c4a-4977-acda-b891cb916dfd","MeterValues",{"connectorId":1,"meterValue":[{"timestamp":"2023-03-01T15:03:27","sampledValue":[{"value":"236.4","measurand":"Voltage","unit":"V","phase":"L1"},{"value":"0.0","measurand":"Current.Export","unit":"A","phase":"L1"},{"value":"236.3","measurand":"Voltage","unit":"V","phase":"L2"},{"value":"237.5","measurand":"Current.Export","unit":"A","phase":"L2"},{"value":"2375.9","measurand":"Voltage","unit":"V","phase":"L3"},{"value":"0.0","measurand":"Current.Export","unit":"A","phase":"L1"},{"value":"14","measurand":"Temperature","unit":"Celsius"},{"value":"0","measurand":"Power.Active.Export","unit":"W"},{"value":"0","measurand":"Energy.Active.Export.Register","unit":"Wh"}]}]}]
INFO:ocpp:1: send [3,"f07ebac1-1c4a-4977-acda-b891cb916dfd",{}]
INFO:ocpp:1: receive message [2,"65ebcfeb-1055-4781-87fa-1352947df191","StatusNotification",{"connectorId":1,"errorCode":"NoError","status":"Preparing","timestamp":"2023-03-01T15:03:34"}]
INFO:ocpp:1: send [3,"65ebcfeb-1055-4781-87fa-1352947df191",{}]
INFO:ocpp:1: receive message [2,"2201df83-bdc1-4a79-9221-275a5b219ac2","Authorize",{"idTag":"62E783BA"}]
INFO:ocpp:1: send [3,"2201df83-bdc1-4a79-9221-275a5b219ac2",{"idTagInfo":{"status":"Accepted","expiryDate":"2023-03-15T20:02:47.088698"}}]
INFO:ocpp:1: receive message [2,"7b55c315-187d-4ae2-8a27-d24a94e543b9","MeterValues",{"connectorId":1,"meterValue":[{"timestamp":"2023-03-01T15:03:37","sampledValue":[{"value":"236.3","measurand":"Voltage","unit":"V","phase":"L1"},{"value":"0.0","measurand":"Current.Export","unit":"A","phase":"L1"},{"value":"236.8","measurand":"Voltage","unit":"V","phase":"L2"},{"value":"237.7","measurand":"Current.Export","unit":"A","phase":"L2"},{"value":"2377.8","measurand":"Voltage","unit":"V","phase":"L3"},{"value":"0.0","measurand":"Current.Export","unit":"A","phase":"L1"},{"value":"14","measurand":"Temperature","unit":"Celsius"},{"value":"0","measurand":"Power.Active.Export","unit":"W"},{"value":"0","measurand":"Energy.Active.Export.Register","unit":"Wh"}]}]}]
INFO:ocpp:1: send [3,"7b55c315-187d-4ae2-8a27-d24a94e543b9",{}]
INFO:ocpp:1: receive message [2,"677983e0-81fd-4520-8cd2-39ade167c8f4","StatusNotification",{"connectorId":1,"errorCode":"NoError","status":"Preparing","timestamp":"2023-03-01T15:03:37"}]
INFO:ocpp:1: send [3,"677983e0-81fd-4520-8cd2-39ade167c8f4",{}]
INFO:ocpp:1: receive message [2,"21c1c1b5-d5a7-4bea-a2d3-c2694b5b21a2","StartTransaction",{"connectorId":1,"idTag":"62E783BA","meterStart":0,"timestamp":"2023-03-01T15:03:37"}]
ERROR:ocpp:Error while handling request '<Call - unique_id=21c1c1b5-d5a7-4bea-a2d3-c2694b5b21a2, action=StartTransaction, payload={'connectorId': 1, 'idTag': '62E783BA', 'meterStart': 0, 'timestamp': '2023-03-01T15:03:37'}>'
Traceback (most recent call last):
  File "/home/elite/Workplace/quanto/lib/python3.9/site-packages/mysql/connector/connection_cext.py", line 608, in cmd_query
    self._cmysql.query(
_mysql_connector.MySQLInterfaceError: Unknown column 'meterstart' in 'field list'

The above exception was the direct cause of the following exception:

Traceback (most recent call last):
  File "/home/elite/Workplace/quanto/lib/python3.9/site-packages/ocpp/charge_point.py", line 200, in _handle_call
    response = await response
  File "/home/elite/Workplace/quanto/app.py", line 331, in on_start_transaction
    postdb.execute(start_charging, (id_tag, connector_id, meter_start, timestamp))
  File "/home/elite/Workplace/quanto/lib/python3.9/site-packages/mysql/connector/cursor_cext.py", line 330, in execute
    result = self._cnx.cmd_query(
  File "/home/elite/Workplace/quanto/lib/python3.9/site-packages/mysql/connector/connection_cext.py", line 616, in cmd_query
    raise get_mysql_exception(
mysql.connector.errors.ProgrammingError: 1054 (42S22): Unknown column 'meterstart' in 'field list'
INFO:ocpp:1: send [4,"21c1c1b5-d5a7-4bea-a2d3-c2694b5b21a2","InternalError","An unexpected error occurred.",{}]
INFO:ocpp:1: receive message [2,"86fc3d46-c5dd-49f9-9326-94d5b263a877","StatusNotification",{"connectorId":1,"errorCode":"NoError","status":"Charging","timestamp":"2023-03-01T15:03:37"}]
INFO:ocpp:1: send [3,"86fc3d46-c5dd-49f9-9326-94d5b263a877",{}]
INFO:ocpp:1: receive message [2,"c30aae1a-f40a-4eac-a229-4316bc530022","StopTransaction",{"idTag":"62E783BA","meterStop":38,"timestamp":"2023-03-01T15:03:45","transactionId":0,"reason":"Local"}]
INFO:ocpp:1: send [3,"c30aae1a-f40a-4eac-a229-4316bc530022",{"idTagInfo":{"status":"Accepted","expiryDate":"2023-03-13T20:02:47.088698"}}]
INFO:ocpp:1: receive message [2,"121a7cc3-2e3d-4b7e-9c28-e7cd3005aa17","StatusNotification",{"connectorId":1,"errorCode":"NoError","status":"Finishing","timestamp":"2023-03-01T15:03:45"}]
INFO:ocpp:1: send [3,"121a7cc3-2e3d-4b7e-9c28-e7cd3005aa17",{}]
INFO:ocpp:1: receive message [2,"fc0d10cb-5ad7-4442-803e-75df8d3395a9","MeterValues",{"connectorId":1,"meterValue":[{"timestamp":"2023-03-01T15:03:47","sampledValue":[{"value":"236.7","measurand":"Voltage","unit":"V","phase":"L1"},{"value":"0.3","measurand":"Current.Export","unit":"A","phase":"L1"},{"value":"236.8","measurand":"Voltage","unit":"V","phase":"L2"},{"value":"237.2","measurand":"Current.Export","unit":"A","phase":"L2"},{"value":"2372.5","measurand":"Voltage","unit":"V","phase":"L3"},{"value":"0.1","measurand":"Current.Export","unit":"A","phase":"L1"},{"value":"13","measurand":"Temperature","unit":"Celsius"},{"value":"11","measurand":"Power.Active.Export","unit":"W"},{"value":"49","measurand":"Energy.Active.Export.Register","unit":"Wh"}]}]}]
INFO:ocpp:1: send [3,"fc0d10cb-5ad7-4442-803e-75df8d3395a9",{}]
INFO:ocpp:1: receive message [2,"5348006c-0517-44c7-a0fb-1dd8715645c5","MeterValues",{"connectorId":1,"meterValue":[{"timestamp":"2023-03-01T15:03:57","sampledValue":[{"value":"236.3","measurand":"Voltage","unit":"V","phase":"L1"},{"value":"0.0","measurand":"Current.Export","unit":"A","phase":"L1"},{"value":"236.2","measurand":"Voltage","unit":"V","phase":"L2"},{"value":"237.4","measurand":"Current.Export","unit":"A","phase":"L2"},{"value":"2374.9","measurand":"Voltage","unit":"V","phase":"L3"},{"value":"0.0","measurand":"Current.Export","unit":"A","phase":"L1"},{"value":"13","measurand":"Temperature","unit":"Celsius"},{"value":"0","measurand":"Power.Active.Export","unit":"W"},{"value":"49","measurand":"Energy.Active.Export.Register","unit":"Wh"}]}]}]
INFO:ocpp:1: send [3,"5348006c-0517-44c7-a0fb-1dd8715645c5",{}]
INFO:ocpp:1: receive message [2,"048a143f-cba1-44da-abf4-46fcca48b84e","StatusNotification",{"connectorId":1,"errorCode":"NoError","status":"Available","timestamp":"2023-03-01T15:04:00"}]
INFO:ocpp:1: send [3,"048a143f-cba1-44da-abf4-46fcca48b84e",{}]
INFO:ocpp:1: receive message [2,"3d0d39dc-0cc2-4678-9535-039492c9d08c","StatusNotification",{"connectorId":1,"errorCode":"NoError","status":"Preparing","timestamp":"2023-03-01T15:04:03"}]
INFO:ocpp:1: send [3,"3d0d39dc-0cc2-4678-9535-039492c9d08c",{}]
INFO:ocpp:1: receive message [2,"44f7b02f-9045-41f6-9720-c46c808fb4a8","MeterValues",{"connectorId":1,"meterValue":[{"timestamp":"2023-03-01T15:04:07","sampledValue":[{"value":"236.5","measurand":"Voltage","unit":"V","phase":"L1"},{"value":"0.0","measurand":"Current.Export","unit":"A","phase":"L1"},{"value":"236.3","measurand":"Voltage","unit":"V","phase":"L2"},{"value":"237.5","measurand":"Current.Export","unit":"A","phase":"L2"},{"value":"2375.7","measurand":"Voltage","unit":"V","phase":"L3"},{"value":"0.0","measurand":"Current.Export","unit":"A","phase":"L1"},{"value":"13","measurand":"Temperature","unit":"Celsius"},{"value":"0","measurand":"Power.Active.Export","unit":"W"},{"value":"49","measurand":"Energy.Active.Export.Register","unit":"Wh"}]}]}]
INFO:ocpp:1: send [3,"44f7b02f-9045-41f6-9720-c46c808fb4a8",{}]
INFO:ocpp:1: receive message [2,"177edbb1-a284-48aa-b512-f100e0d10725","Authorize",{"idTag":"62E783BA"}]
INFO:ocpp:1: send [3,"177edbb1-a284-48aa-b512-f100e0d10725",{"idTagInfo":{"status":"Accepted","expiryDate":"2023-03-15T20:02:47.088698"}}]
INFO:ocpp:1: receive message [2,"a971b97c-6799-42cd-89e9-42f9683899c1","StatusNotification",{"connectorId":1,"errorCode":"NoError","status":"Preparing","timestamp":"2023-03-01T15:04:07"}]
INFO:ocpp:1: send [3,"a971b97c-6799-42cd-89e9-42f9683899c1",{}]
INFO:ocpp:1: receive message [2,"df8cac46-7057-442f-ac76-4aecccec11a7","StartTransaction",{"connectorId":1,"idTag":"62E783BA","meterStart":49,"timestamp":"2023-03-01T15:04:08"}]
ERROR:ocpp:Error while handling request '<Call - unique_id=df8cac46-7057-442f-ac76-4aecccec11a7, action=StartTransaction, payload={'connectorId': 1, 'idTag': '62E783BA', 'meterStart': 49, 'timestamp': '2023-03-01T15:04:08'}>'
Traceback (most recent call last):
  File "/home/elite/Workplace/quanto/lib/python3.9/site-packages/mysql/connector/connection_cext.py", line 608, in cmd_query
    self._cmysql.query(
_mysql_connector.MySQLInterfaceError: Unknown column 'meterstart' in 'field list'

The above exception was the direct cause of the following exception:

Traceback (most recent call last):
  File "/home/elite/Workplace/quanto/lib/python3.9/site-packages/ocpp/charge_point.py", line 200, in _handle_call
    response = await response
  File "/home/elite/Workplace/quanto/app.py", line 331, in on_start_transaction
    postdb.execute(start_charging, (id_tag, connector_id, meter_start, timestamp))
  File "/home/elite/Workplace/quanto/lib/python3.9/site-packages/mysql/connector/cursor_cext.py", line 330, in execute
    result = self._cnx.cmd_query(
  File "/home/elite/Workplace/quanto/lib/python3.9/site-packages/mysql/connector/connection_cext.py", line 616, in cmd_query
    raise get_mysql_exception(
mysql.connector.errors.ProgrammingError: 1054 (42S22): Unknown column 'meterstart' in 'field list'
INFO:ocpp:1: send [4,"df8cac46-7057-442f-ac76-4aecccec11a7","InternalError","An unexpected error occurred.",{}]
INFO:ocpp:1: receive message [2,"0d11abd5-8cb1-4c90-b642-baea72ae19eb","StatusNotification",{"connectorId":1,"errorCode":"NoError","status":"Charging","timestamp":"2023-03-01T15:04:08"}]
INFO:ocpp:1: send [3,"0d11abd5-8cb1-4c90-b642-baea72ae19eb",{}]
INFO:ocpp:1: receive message [2,"b10ad87e-daa3-4674-a913-4c990517ab81","MeterValues",{"connectorId":1,"transactionId":0,"meterValue":[{"timestamp":"2023-03-01T15:04:17","sampledValue":[{"value":"236.5","measurand":"Voltage","unit":"V","phase":"L1"},{"value":"17.5","measurand":"Current.Export","unit":"A","phase":"L1"},{"value":"236.6","measurand":"Voltage","unit":"V","phase":"L2"},{"value":"236.9","measurand":"Current.Export","unit":"A","phase":"L2"},{"value":"2369.1","measurand":"Voltage","unit":"V","phase":"L3"},{"value":"2.8","measurand":"Current.Export","unit":"A","phase":"L1"},{"value":"13","measurand":"Temperature","unit":"Celsius"},{"value":"545","measurand":"Power.Active.Export","unit":"W"},{"value":"105","measurand":"Energy.Active.Export.Register","unit":"Wh"}]}]}]
INFO:ocpp:1: send [3,"b10ad87e-daa3-4674-a913-4c990517ab81",{}]
INFO:ocpp:1: receive message [2,"b1ee1a81-0d2d-466f-a812-b6d77f8fa2f4","MeterValues",{"connectorId":1,"transactionId":0,"meterValue":[{"timestamp":"2023-03-01T15:04:27","sampledValue":[{"value":"233.9","measurand":"Voltage","unit":"V","phase":"L1"},{"value":"77.3","measurand":"Current.Export","unit":"A","phase":"L1"},{"value":"233.6","measurand":"Voltage","unit":"V","phase":"L2"},{"value":"239.2","measurand":"Current.Export","unit":"A","phase":"L2"},{"value":"2392.6","measurand":"Voltage","unit":"V","phase":"L3"},{"value":"4.8","measurand":"Current.Export","unit":"A","phase":"L1"},{"value":"13","measurand":"Temperature","unit":"Celsius"},{"value":"3748","measurand":"Power.Active.Export","unit":"W"},{"value":"514","measurand":"Energy.Active.Export.Register","unit":"Wh"}]}]}]
INFO:ocpp:1: send [3,"b1ee1a81-0d2d-466f-a812-b6d77f8fa2f4",{}]
INFO:ocpp:1: receive message [2,"a860d71a-8fe5-4203-9b02-627890d49214","MeterValues",{"connectorId":1,"transactionId":0,"meterValue":[{"timestamp":"2023-03-01T15:04:37","sampledValue":[{"value":"232.7","measurand":"Voltage","unit":"V","phase":"L1"},{"value":"157.8","measurand":"Current.Export","unit":"A","phase":"L1"},{"value":"232.9","measurand":"Voltage","unit":"V","phase":"L2"},{"value":"233.8","measurand":"Current.Export","unit":"A","phase":"L2"},{"value":"2338.9","measurand":"Voltage","unit":"V","phase":"L3"},{"value":"159.3","measurand":"Current.Export","unit":"A","phase":"L1"},{"value":"13","measurand":"Temperature","unit":"Celsius"},{"value":"11111","measurand":"Power.Active.Export","unit":"W"},{"value":"2513","measurand":"Energy.Active.Export.Register","unit":"Wh"}]}]}]
INFO:ocpp:1: send [3,"a860d71a-8fe5-4203-9b02-627890d49214",{}]
INFO:ocpp:1: receive message [2,"a9b0c904-9973-45aa-b727-abc7d47eca8a","StatusNotification",{"connectorId":1,"errorCode":"NoError","status":"Charging","timestamp":"2023-03-01T15:04:38"}]
INFO:ocpp:1: send [3,"a9b0c904-9973-45aa-b727-abc7d47eca8a",{}]
INFO:ocpp:1: receive message [2,"3c911ccc-c72a-4d11-955a-532d7c51b305","MeterValues",{"connectorId":1,"transactionId":0,"meterValue":[{"timestamp":"2023-03-01T15:04:47","sampledValue":[{"value":"232.4","measurand":"Voltage","unit":"V","phase":"L1"},{"value":"158.6","measurand":"Current.Export","unit":"A","phase":"L1"},{"value":"232.6","measurand":"Voltage","unit":"V","phase":"L2"},{"value":"233.9","measurand":"Current.Export","unit":"A","phase":"L2"},{"value":"2339.6","measurand":"Voltage","unit":"V","phase":"L3"},{"value":"160.3","measurand":"Current.Export","unit":"A","phase":"L1"},{"value":"13","measurand":"Temperature","unit":"Celsius"},{"value":"11175","measurand":"Power.Active.Export","unit":"W"},{"value":"5651","measurand":"Energy.Active.Export.Register","unit":"Wh"}]}]}]
INFO:ocpp:1: send [3,"3c911ccc-c72a-4d11-955a-532d7c51b305",{}]
INFO:ocpp:1: receive message [2,"45c279db-75dd-4eb7-991c-1f2c0b423653","MeterValues",{"connectorId":1,"transactionId":0,"meterValue":[{"timestamp":"2023-03-01T15:04:57","sampledValue":[{"value":"232.8","measurand":"Voltage","unit":"V","phase":"L1"},{"value":"159.1","measurand":"Current.Export","unit":"A","phase":"L1"},{"value":"233.1","measurand":"Voltage","unit":"V","phase":"L2"},{"value":"233.8","measurand":"Current.Export","unit":"A","phase":"L2"},{"value":"2338.6","measurand":"Voltage","unit":"V","phase":"L3"},{"value":"160.7","measurand":"Current.Export","unit":"A","phase":"L1"},{"value":"13","measurand":"Temperature","unit":"Celsius"},{"value":"11215","measurand":"Power.Active.Export","unit":"W"},{"value":"8777","measurand":"Energy.Active.Export.Register","unit":"Wh"}]}]}]
INFO:ocpp:1: send [3,"45c279db-75dd-4eb7-991c-1f2c0b423653",{}]
INFO:ocpp:1: receive message [2,"dfad7771-cf1d-4207-932b-15fd6945bb6b","MeterValues",{"connectorId":1,"transactionId":0,"meterValue":[{"timestamp":"2023-03-01T15:05:07","sampledValue":[{"value":"232.7","measurand":"Voltage","unit":"V","phase":"L1"},{"value":"159.6","measurand":"Current.Export","unit":"A","phase":"L1"},{"value":"233.1","measurand":"Voltage","unit":"V","phase":"L2"},{"value":"233.8","measurand":"Current.Export","unit":"A","phase":"L2"},{"value":"2338.2","measurand":"Voltage","unit":"V","phase":"L3"},{"value":"160.8","measurand":"Current.Export","unit":"A","phase":"L1"},{"value":"13","measurand":"Temperature","unit":"Celsius"},{"value":"11235","measurand":"Power.Active.Export","unit":"W"},{"value":"11602","measurand":"Energy.Active.Export.Register","unit":"Wh"}]}]}]
INFO:ocpp:1: send [3,"dfad7771-cf1d-4207-932b-15fd6945bb6b",{}]
INFO:ocpp:1: receive message [2,"0d3f93d4-2e60-4c03-93e8-a09d371e2f51","StatusNotification",{"connectorId":1,"errorCode":"NoError","status":"Charging","timestamp":"2023-03-01T15:05:08"}]
INFO:ocpp:1: send [3,"0d3f93d4-2e60-4c03-93e8-a09d371e2f51",{}]
INFO:ocpp:1: receive message [2,"03b48c41-702a-47ee-a764-40355294faeb","MeterValues",{"connectorId":1,"transactionId":0,"meterValue":[{"timestamp":"2023-03-01T15:05:17","sampledValue":[{"value":"232.7","measurand":"Voltage","unit":"V","phase":"L1"},{"value":"158.9","measurand":"Current.Export","unit":"A","phase":"L1"},{"value":"233.0","measurand":"Voltage","unit":"V","phase":"L2"},{"value":"233.9","measurand":"Current.Export","unit":"A","phase":"L2"},{"value":"2339.2","measurand":"Voltage","unit":"V","phase":"L3"},{"value":"160.5","measurand":"Current.Export","unit":"A","phase":"L1"},{"value":"13","measurand":"Temperature","unit":"Celsius"},{"value":"11206","measurand":"Power.Active.Export","unit":"W"},{"value":"14754","measurand":"Energy.Active.Export.Register","unit":"Wh"}]}]}]
INFO:ocpp:1: send [3,"03b48c41-702a-47ee-a764-40355294faeb",{}]
INFO:ocpp:1: receive message [2,"dcdad462-5c65-4173-a4f6-ad0f369c8634","MeterValues",{"connectorId":1,"transactionId":0,"meterValue":[{"timestamp":"2023-03-01T15:05:27","sampledValue":[{"value":"232.8","measurand":"Voltage","unit":"V","phase":"L1"},{"value":"159.0","measurand":"Current.Export","unit":"A","phase":"L1"},{"value":"233.3","measurand":"Voltage","unit":"V","phase":"L2"},{"value":"233.5","measurand":"Current.Export","unit":"A","phase":"L2"},{"value":"2335.8","measurand":"Voltage","unit":"V","phase":"L3"},{"value":"160.6","measurand":"Current.Export","unit":"A","phase":"L1"},{"value":"13","measurand":"Temperature","unit":"Celsius"},{"value":"11212","measurand":"Power.Active.Export","unit":"W"},{"value":"17890","measurand":"Energy.Active.Export.Register","unit":"Wh"}]}]}]
INFO:ocpp:1: send [3,"dcdad462-5c65-4173-a4f6-ad0f369c8634",{}]
INFO:ocpp:1: receive message [2,"49c9d2e3-a466-4341-ba33-e0c8d166eb89","MeterValues",{"connectorId":1,"transactionId":0,"meterValue":[{"timestamp":"2023-03-01T15:05:37","sampledValue":[{"value":"233.3","measurand":"Voltage","unit":"V","phase":"L1"},{"value":"159.4","measurand":"Current.Export","unit":"A","phase":"L1"},{"value":"233.8","measurand":"Voltage","unit":"V","phase":"L2"},{"value":"234.1","measurand":"Current.Export","unit":"A","phase":"L2"},{"value":"2341.2","measurand":"Voltage","unit":"V","phase":"L3"},{"value":"160.7","measurand":"Current.Export","unit":"A","phase":"L1"},{"value":"13","measurand":"Temperature","unit":"Celsius"},{"value":"11250","measurand":"Power.Active.Export","unit":"W"},{"value":"21033","measurand":"Energy.Active.Export.Register","unit":"Wh"}]}]}]
INFO:ocpp:1: send [3,"49c9d2e3-a466-4341-ba33-e0c8d166eb89",{}]
INFO:ocpp:1: receive message [2,"027db558-cfa0-4efa-9930-1f5dc043e44e","StatusNotification",{"connectorId":1,"errorCode":"NoError","status":"Charging","timestamp":"2023-03-01T15:05:38"}]
INFO:ocpp:1: send [3,"027db558-cfa0-4efa-9930-1f5dc043e44e",{}]
INFO:ocpp:1: receive message [2,"43e2da5b-c6d8-414d-a63d-dc63df91a827","Heartbeat",{}]
INFO:ocpp:1: send [3,"43e2da5b-c6d8-414d-a63d-dc63df91a827",{"currentTime":"2023-03-01T15:02:47.088698Z"}]
INFO:ocpp:1: receive message [2,"e2e5879d-03d2-477b-b336-7e5182618b4a","MeterValues",{"connectorId":1,"transactionId":0,"meterValue":[{"timestamp":"2023-03-01T15:02:48","sampledValue":[{"value":"232.9","measurand":"Voltage","unit":"V","phase":"L1"},{"value":"159.5","measurand":"Current.Export","unit":"A","phase":"L1"},{"value":"233.7","measurand":"Voltage","unit":"V","phase":"L2"},{"value":"234.6","measurand":"Current.Export","unit":"A","phase":"L2"},{"value":"2346.3","measurand":"Voltage","unit":"V","phase":"L3"},{"value":"160.9","measurand":"Current.Export","unit":"A","phase":"L1"},{"value":"13","measurand":"Temperature","unit":"Celsius"},{"value":"11255","measurand":"Power.Active.Export","unit":"W"},{"value":"24187","measurand":"Energy.Active.Export.Register","unit":"Wh"}]}]}]
INFO:ocpp:1: send [3,"e2e5879d-03d2-477b-b336-7e5182618b4a",{}]
INFO:ocpp:1: receive message [2,"6bfac543-6cb3-4723-ba6b-71edcd834ecb","MeterValues",{"connectorId":1,"transactionId":0,"meterValue":[{"timestamp":"2023-03-01T15:02:58","sampledValue":[{"value":"233.2","measurand":"Voltage","unit":"V","phase":"L1"},{"value":"159.3","measurand":"Current.Export","unit":"A","phase":"L1"},{"value":"233.2","measurand":"Voltage","unit":"V","phase":"L2"},{"value":"234.6","measurand":"Current.Export","unit":"A","phase":"L2"},{"value":"2346.5","measurand":"Voltage","unit":"V","phase":"L3"},{"value":"160.7","measurand":"Current.Export","unit":"A","phase":"L1"},{"value":"13","measurand":"Temperature","unit":"Celsius"},{"value":"11240","measurand":"Power.Active.Export","unit":"W"},{"value":"27332","measurand":"Energy.Active.Export.Register","unit":"Wh"}]}]}]
INFO:ocpp:1: send [3,"6bfac543-6cb3-4723-ba6b-71edcd834ecb",{}]
INFO:ocpp:1: receive message [2,"b62e408f-9bbb-40ce-bdb3-38c9f38b7f40","MeterValues",{"connectorId":1,"transactionId":0,"meterValue":[{"timestamp":"2023-03-01T15:03:08","sampledValue":[{"value":"233.5","measurand":"Voltage","unit":"V","phase":"L1"},{"value":"159.1","measurand":"Current.Export","unit":"A","phase":"L1"},{"value":"233.4","measurand":"Voltage","unit":"V","phase":"L2"},{"value":"235.0","measurand":"Current.Export","unit":"A","phase":"L2"},{"value":"2350.2","measurand":"Voltage","unit":"V","phase":"L3"},{"value":"160.8","measurand":"Current.Export","unit":"A","phase":"L1"},{"value":"13","measurand":"Temperature","unit":"Celsius"},{"value":"11247","measurand":"Power.Active.Export","unit":"W"},{"value":"30477","measurand":"Energy.Active.Export.Register","unit":"Wh"}]}]}]
INFO:ocpp:1: send [3,"b62e408f-9bbb-40ce-bdb3-38c9f38b7f40",{}]
INFO:ocpp:1: receive message [2,"4a506cc4-d52b-465d-9811-aa544651c036","StatusNotification",{"connectorId":1,"errorCode":"NoError","status":"Charging","timestamp":"2023-03-01T15:03:09"}]
INFO:ocpp:1: send [3,"4a506cc4-d52b-465d-9811-aa544651c036",{}]
INFO:ocpp:1: receive message [2,"46888256-e432-4cfe-b0d8-01e86e6feea5","MeterValues",{"connectorId":1,"transactionId":0,"meterValue":[{"timestamp":"2023-03-01T15:03:18","sampledValue":[{"value":"233.4","measurand":"Voltage","unit":"V","phase":"L1"},{"value":"159.7","measurand":"Current.Export","unit":"A","phase":"L1"},{"value":"232.7","measurand":"Voltage","unit":"V","phase":"L2"},{"value":"235.1","measurand":"Current.Export","unit":"A","phase":"L2"},{"value":"2351.0","measurand":"Voltage","unit":"V","phase":"L3"},{"value":"161.2","measurand":"Current.Export","unit":"A","phase":"L1"},{"value":"13","measurand":"Temperature","unit":"Celsius"},{"value":"11277","measurand":"Power.Active.Export","unit":"W"},{"value":"33636","measurand":"Energy.Active.Export.Register","unit":"Wh"}]}]}]
INFO:ocpp:1: send [3,"46888256-e432-4cfe-b0d8-01e86e6feea5",{}]
INFO:ocpp:1: receive message [2,"8010b44d-317c-419b-951e-d4847fdca146","MeterValues",{"connectorId":1,"transactionId":0,"meterValue":[{"timestamp":"2023-03-01T15:03:28","sampledValue":[{"value":"233.6","measurand":"Voltage","unit":"V","phase":"L1"},{"value":"159.6","measurand":"Current.Export","unit":"A","phase":"L1"},{"value":"233.4","measurand":"Voltage","unit":"V","phase":"L2"},{"value":"235.1","measurand":"Current.Export","unit":"A","phase":"L2"},{"value":"2351.7","measurand":"Voltage","unit":"V","phase":"L3"},{"value":"161.1","measurand":"Current.Export","unit":"A","phase":"L1"},{"value":"13","measurand":"Temperature","unit":"Celsius"},{"value":"11284","measurand":"Power.Active.Export","unit":"W"},{"value":"36802","measurand":"Energy.Active.Export.Register","unit":"Wh"}]}]}]
INFO:ocpp:1: send [3,"8010b44d-317c-419b-951e-d4847fdca146",{}]
INFO:ocpp:1: receive message [2,"aea3c10a-56c8-459d-ada5-12bce8e85f62","MeterValues",{"connectorId":1,"transactionId":0,"meterValue":[{"timestamp":"2023-03-01T15:03:38","sampledValue":[{"value":"233.5","measurand":"Voltage","unit":"V","phase":"L1"},{"value":"158.8","measurand":"Current.Export","unit":"A","phase":"L1"},{"value":"233.6","measurand":"Voltage","unit":"V","phase":"L2"},{"value":"235.1","measurand":"Current.Export","unit":"A","phase":"L2"},{"value":"2351.4","measurand":"Voltage","unit":"V","phase":"L3"},{"value":"160.5","measurand":"Current.Export","unit":"A","phase":"L1"},{"value":"13","measurand":"Temperature","unit":"Celsius"},{"value":"11239","measurand":"Power.Active.Export","unit":"W"},{"value":"39954","measurand":"Energy.Active.Export.Register","unit":"Wh"}]}]}]
INFO:ocpp:1: send [3,"aea3c10a-56c8-459d-ada5-12bce8e85f62",{}]
INFO:ocpp:1: receive message [2,"321cd83e-510d-4dc0-811d-435f081415fd","StatusNotification",{"connectorId":1,"errorCode":"NoError","status":"Charging","timestamp":"2023-03-01T15:03:39"}]
INFO:ocpp:1: send [3,"321cd83e-510d-4dc0-811d-435f081415fd",{}]
INFO:ocpp:1: receive message [2,"3be7517c-2a6f-4e2c-84f5-de9477295581","MeterValues",{"connectorId":1,"transactionId":0,"meterValue":[{"timestamp":"2023-03-01T15:03:48","sampledValue":[{"value":"233.5","measurand":"Voltage","unit":"V","phase":"L1"},{"value":"159.5","measurand":"Current.Export","unit":"A","phase":"L1"},{"value":"233.7","measurand":"Voltage","unit":"V","phase":"L2"},{"value":"234.4","measurand":"Current.Export","unit":"A","phase":"L2"},{"value":"2344.2","measurand":"Voltage","unit":"V","phase":"L3"},{"value":"160.7","measurand":"Current.Export","unit":"A","phase":"L1"},{"value":"13","measurand":"Temperature","unit":"Celsius"},{"value":"11261","measurand":"Power.Active.Export","unit":"W"},{"value":"43100","measurand":"Energy.Active.Export.Register","unit":"Wh"}]}]}]
INFO:ocpp:1: send [3,"3be7517c-2a6f-4e2c-84f5-de9477295581",{}]
INFO:ocpp:1: receive message [2,"67968212-d495-404b-a0ab-e4a9995fbd58","MeterValues",{"connectorId":1,"transactionId":0,"meterValue":[{"timestamp":"2023-03-01T15:03:58","sampledValue":[{"value":"233.3","measurand":"Voltage","unit":"V","phase":"L1"},{"value":"160.0","measurand":"Current.Export","unit":"A","phase":"L1"},{"value":"233.5","measurand":"Voltage","unit":"V","phase":"L2"},{"value":"234.5","measurand":"Current.Export","unit":"A","phase":"L2"},{"value":"2345.4","measurand":"Voltage","unit":"V","phase":"L3"},{"value":"161.5","measurand":"Current.Export","unit":"A","phase":"L1"},{"value":"13","measurand":"Temperature","unit":"Celsius"},{"value":"11298","measurand":"Power.Active.Export","unit":"W"},{"value":"46256","measurand":"Energy.Active.Export.Register","unit":"Wh"}]}]}]
INFO:ocpp:1: send [3,"67968212-d495-404b-a0ab-e4a9995fbd58",{}]
INFO:ocpp:1: receive message [2,"c05f7e01-6f9e-4522-aca2-3a4b64d1867b","MeterValues",{"connectorId":1,"transactionId":0,"meterValue":[{"timestamp":"2023-03-01T15:04:08","sampledValue":[{"value":"233.4","measurand":"Voltage","unit":"V","phase":"L1"},{"value":"160.2","measurand":"Current.Export","unit":"A","phase":"L1"},{"value":"233.5","measurand":"Voltage","unit":"V","phase":"L2"},{"value":"234.2","measurand":"Current.Export","unit":"A","phase":"L2"},{"value":"2342.7","measurand":"Voltage","unit":"V","phase":"L3"},{"value":"161.7","measurand":"Current.Export","unit":"A","phase":"L1"},{"value":"13","measurand":"Temperature","unit":"Celsius"},{"value":"11310","measurand":"Power.Active.Export","unit":"W"},{"value":"49421","measurand":"Energy.Active.Export.Register","unit":"Wh"}]}]}]
INFO:ocpp:1: send [3,"c05f7e01-6f9e-4522-aca2-3a4b64d1867b",{}]
INFO:ocpp:1: receive message [2,"62064fe9-211a-47fe-8331-ca2a5985751b","StatusNotification",{"connectorId":1,"errorCode":"NoError","status":"Charging","timestamp":"2023-03-01T15:04:09"}]
INFO:ocpp:1: send [3,"62064fe9-211a-47fe-8331-ca2a5985751b",{}]
INFO:ocpp:1: receive message [2,"c234847a-f0cf-4e22-b2ed-aeda55daa6a0","MeterValues",{"connectorId":1,"transactionId":0,"meterValue":[{"timestamp":"2023-03-01T15:04:18","sampledValue":[{"value":"233.5","measurand":"Voltage","unit":"V","phase":"L1"},{"value":"160.3","measurand":"Current.Export","unit":"A","phase":"L1"},{"value":"233.1","measurand":"Voltage","unit":"V","phase":"L2"},{"value":"234.4","measurand":"Current.Export","unit":"A","phase":"L2"},{"value":"2344.6","measurand":"Voltage","unit":"V","phase":"L3"},{"value":"161.8","measurand":"Current.Export","unit":"A","phase":"L1"},{"value":"13","measurand":"Temperature","unit":"Celsius"},{"value":"11311","measurand":"Power.Active.Export","unit":"W"},{"value":"52580","measurand":"Energy.Active.Export.Register","unit":"Wh"}]}]}]
INFO:ocpp:1: send [3,"c234847a-f0cf-4e22-b2ed-aeda55daa6a0",{}]
INFO:ocpp:1: receive message [2,"9117f934-69b5-4cec-a33f-4aa507df886c","StopTransaction",{"idTag":"62E783BA","meterStop":54797,"timestamp":"2023-03-01T15:04:26","transactionId":0,"reason":"Local"}]
INFO:ocpp:1: send [3,"9117f934-69b5-4cec-a33f-4aa507df886c",{"idTagInfo":{"status":"Accepted","expiryDate":"2023-03-13T20:02:47.088698"}}]
INFO:ocpp:1: receive message [2,"b1eecd5f-afb8-44e1-ac56-dafbc6075f99","StatusNotification",{"connectorId":1,"errorCode":"NoError","status":"Finishing","timestamp":"2023-03-01T15:04:26"}]
INFO:ocpp:1: send [3,"b1eecd5f-afb8-44e1-ac56-dafbc6075f99",{}]
INFO:ocpp:1: receive message [2,"4f1907d5-af9f-4180-91ae-afae20ede6a0","MeterValues",{"connectorId":1,"meterValue":[{"timestamp":"2023-03-01T15:04:28","sampledValue":[{"value":"237.0","measurand":"Voltage","unit":"V","phase":"L1"},{"value":"1.6","measurand":"Current.Export","unit":"A","phase":"L1"},{"value":"236.1","measurand":"Voltage","unit":"V","phase":"L2"},{"value":"238.0","measurand":"Current.Export","unit":"A","phase":"L2"},{"value":"2380.9","measurand":"Voltage","unit":"V","phase":"L3"},{"value":"1.6","measurand":"Current.Export","unit":"A","phase":"L1"},{"value":"13","measurand":"Temperature","unit":"Celsius"},{"value":"115","measurand":"Power.Active.Export","unit":"W"},{"value":"55285","measurand":"Energy.Active.Export.Register","unit":"Wh"}]}]}]
INFO:ocpp:1: send [3,"4f1907d5-af9f-4180-91ae-afae20ede6a0",{}]
INFO:ocpp:1: receive message [2,"7232798b-38b3-4799-b629-2a6bf6c253ee","MeterValues",{"connectorId":1,"meterValue":[{"timestamp":"2023-03-01T15:04:38","sampledValue":[{"value":"237.2","measurand":"Voltage","unit":"V","phase":"L1"},{"value":"0.0","measurand":"Current.Export","unit":"A","phase":"L1"},{"value":"236.2","measurand":"Voltage","unit":"V","phase":"L2"},{"value":"238.2","measurand":"Current.Export","unit":"A","phase":"L2"},{"value":"2382.0","measurand":"Voltage","unit":"V","phase":"L3"},{"value":"0.0","measurand":"Current.Export","unit":"A","phase":"L1"},{"value":"13","measurand":"Temperature","unit":"Celsius"},{"value":"0","measurand":"Power.Active.Export","unit":"W"},{"value":"55296","measurand":"Energy.Active.Export.Register","unit":"Wh"}]}]}]
INFO:ocpp:1: send [3,"7232798b-38b3-4799-b629-2a6bf6c253ee",{}]
INFO:ocpp:1: receive message [2,"1a3add45-db51-482d-a632-3a8d2aacb926","MeterValues",{"connectorId":1,"meterValue":[{"timestamp":"2023-03-01T15:04:48","sampledValue":[{"value":"237.5","measurand":"Voltage","unit":"V","phase":"L1"},{"value":"0.0","measurand":"Current.Export","unit":"A","phase":"L1"},{"value":"236.9","measurand":"Voltage","unit":"V","phase":"L2"},{"value":"238.1","measurand":"Current.Export","unit":"A","phase":"L2"},{"value":"2381.1","measurand":"Voltage","unit":"V","phase":"L3"},{"value":"0.0","measurand":"Current.Export","unit":"A","phase":"L1"},{"value":"13","measurand":"Temperature","unit":"Celsius"},{"value":"0","measurand":"Power.Active.Export","unit":"W"},{"value":"55296","measurand":"Energy.Active.Export.Register","unit":"Wh"}]}]}]
INFO:ocpp:1: send [3,"1a3add45-db51-482d-a632-3a8d2aacb926",{}]
INFO:ocpp:1: receive message [2,"39cf04dd-aea2-467d-a855-bc0056bbe63b","StatusNotification",{"connectorId":1,"errorCode":"NoError","status":"Available","timestamp":"2023-03-01T15:04:50"}]
INFO:ocpp:1: send [3,"39cf04dd-aea2-467d-a855-bc0056bbe63b",{}]
INFO:ocpp:1: receive message [2,"7259eda1-e469-4272-9e40-56883cc70f3a","MeterValues",{"connectorId":1,"meterValue":[{"timestamp":"2023-03-01T15:04:58","sampledValue":[{"value":"237.1","measurand":"Voltage","unit":"V","phase":"L1"},{"value":"0.0","measurand":"Current.Export","unit":"A","phase":"L1"},{"value":"236.1","measurand":"Voltage","unit":"V","phase":"L2"},{"value":"238.1","measurand":"Current.Export","unit":"A","phase":"L2"},{"value":"2381.2","measurand":"Voltage","unit":"V","phase":"L3"},{"value":"0.0","measurand":"Current.Export","unit":"A","phase":"L1"},{"value":"13","measurand":"Temperature","unit":"Celsius"},{"value":"0","measurand":"Power.Active.Export","unit":"W"},{"value":"55296","measurand":"Energy.Active.Export.Register","unit":"Wh"}]}]}]
INFO:ocpp:1: send [3,"7259eda1-e469-4272-9e40-56883cc70f3a",{}]
INFO:websockets.server:connection closed
INFO:websockets.server:server listening on 10.45.2.39:9000
INFO:websockets.server:connection open
INFO:ocpp:1: receive message [2,"3d69991a-bf84-4a05-b05d-59c462f7d0e0","BootNotification",{"chargePointModel":"type-2","chargePointVendor":"Teison-AC","chargePointSerialNumber":"AISEN001","firmwareVersion":"V0.0.1"}]
INFO:ocpp:1: send [3,"3d69991a-bf84-4a05-b05d-59c462f7d0e0",{"currentTime":"2023-03-01T15:08:08.910162","interval":300,"status":"Accepted"}]
INFO:ocpp:1: receive message [2,"57642205-b9c8-44ef-a303-fe6ac8b4b35f","MeterValues",{"connectorId":1,"meterValue":[{"timestamp":"2023-03-01T15:08:09","sampledValue":[{"value":"236.5","measurand":"Voltage","unit":"V","phase":"L1"},{"value":"0.0","measurand":"Current.Export","unit":"A","phase":"L1"},{"value":"236.7","measurand":"Voltage","unit":"V","phase":"L2"},{"value":"235.6","measurand":"Current.Export","unit":"A","phase":"L2"},{"value":"2356.4","measurand":"Voltage","unit":"V","phase":"L3"},{"value":"0.0","measurand":"Current.Export","unit":"A","phase":"L1"},{"value":"13","measurand":"Temperature","unit":"Celsius"},{"value":"0","measurand":"Power.Active.Export","unit":"W"},{"value":"0","measurand":"Energy.Active.Export.Register","unit":"Wh"}]}]}]
INFO:ocpp:1: send [3,"57642205-b9c8-44ef-a303-fe6ac8b4b35f",{}]
INFO:ocpp:1: receive message [2,"49487a07-8a95-4743-bd4c-cc26a0c05c8f","MeterValues",{"connectorId":1,"meterValue":[{"timestamp":"2023-03-01T15:08:19","sampledValue":[{"value":"236.7","measurand":"Voltage","unit":"V","phase":"L1"},{"value":"0.0","measurand":"Current.Export","unit":"A","phase":"L1"},{"value":"236.4","measurand":"Voltage","unit":"V","phase":"L2"},{"value":"236.5","measurand":"Current.Export","unit":"A","phase":"L2"},{"value":"2365.9","measurand":"Voltage","unit":"V","phase":"L3"},{"value":"0.0","measurand":"Current.Export","unit":"A","phase":"L1"},{"value":"13","measurand":"Temperature","unit":"Celsius"},{"value":"0","measurand":"Power.Active.Export","unit":"W"},{"value":"0","measurand":"Energy.Active.Export.Register","unit":"Wh"}]}]}]
INFO:ocpp:1: send [3,"49487a07-8a95-4743-bd4c-cc26a0c05c8f",{}]
INFO:ocpp:1: receive message [2,"6e12c4d3-cde3-4ac5-a3a6-7d935aad011e","StatusNotification",{"connectorId":1,"errorCode":"NoError","status":"Preparing","timestamp":"2023-03-01T15:08:28"}]
INFO:ocpp:1: send [3,"6e12c4d3-cde3-4ac5-a3a6-7d935aad011e",{}]
INFO:ocpp:1: receive message [2,"8d2f2646-aa01-4235-a3b2-4bee0b8e0bdf","MeterValues",{"connectorId":1,"meterValue":[{"timestamp":"2023-03-01T15:08:29","sampledValue":[{"value":"236.9","measurand":"Voltage","unit":"V","phase":"L1"},{"value":"0.0","measurand":"Current.Export","unit":"A","phase":"L1"},{"value":"236.7","measurand":"Voltage","unit":"V","phase":"L2"},{"value":"236.9","measurand":"Current.Export","unit":"A","phase":"L2"},{"value":"2369.1","measurand":"Voltage","unit":"V","phase":"L3"},{"value":"0.0","measurand":"Current.Export","unit":"A","phase":"L1"},{"value":"13","measurand":"Temperature","unit":"Celsius"},{"value":"0","measurand":"Power.Active.Export","unit":"W"},{"value":"0","measurand":"Energy.Active.Export.Register","unit":"Wh"}]}]}]
INFO:ocpp:1: send [3,"8d2f2646-aa01-4235-a3b2-4bee0b8e0bdf",{}]
INFO:ocpp:1: receive message [2,"3bb9be61-8c34-4077-9025-1f45797c9620","Authorize",{"idTag":"62E783BA"}]
INFO:ocpp:1: send [3,"3bb9be61-8c34-4077-9025-1f45797c9620",{"idTagInfo":{"status":"Accepted","expiryDate":"2023-03-15T20:08:08.910162"}}]
INFO:ocpp:1: receive message [2,"3a04bbfd-3f86-4e4b-b3fb-df7f322c34c3","StatusNotification",{"connectorId":1,"errorCode":"NoError","status":"Preparing","timestamp":"2023-03-01T15:08:31"}]
INFO:ocpp:1: send [3,"3a04bbfd-3f86-4e4b-b3fb-df7f322c34c3",{}]
INFO:ocpp:1: receive message [2,"c4103783-6def-4015-93d1-79733a6d9fe1","StartTransaction",{"connectorId":1,"idTag":"62E783BA","meterStart":0,"timestamp":"2023-03-01T15:08:31"}]
ERROR:ocpp:Error while handling request '<Call - unique_id=c4103783-6def-4015-93d1-79733a6d9fe1, action=StartTransaction, payload={'connectorId': 1, 'idTag': '62E783BA', 'meterStart': 0, 'timestamp': '2023-03-01T15:08:31'}>'
Traceback (most recent call last):
  File "/home/elite/Workplace/quanto/lib/python3.9/site-packages/ocpp/messages.py", line 227, in validate_payload
    validator.validate(message.payload)
  File "/home/elite/Workplace/quanto/lib/python3.9/site-packages/jsonschema/validators.py", line 314, in validate
    raise error
jsonschema.exceptions.ValidationError: datetime.datetime(2023, 3, 15, 20, 8, 8, 910162) is not of type 'string'

Failed validating 'type' in schema['properties']['idTagInfo']['properties']['expiryDate']:
    {'format': 'date-time', 'type': 'string'}

On instance['idTagInfo']['expiryDate']:
    datetime.datetime(2023, 3, 15, 20, 8, 8, 910162)

During handling of the above exception, another exception occurred:

Traceback (most recent call last):
  File "/home/elite/Workplace/quanto/lib/python3.9/site-packages/ocpp/charge_point.py", line 153, in route_message
    await self._handle_call(msg)
  File "/home/elite/Workplace/quanto/lib/python3.9/site-packages/ocpp/charge_point.py", line 224, in _handle_call
    validate_payload(response, self._ocpp_version)
  File "/home/elite/Workplace/quanto/lib/python3.9/site-packages/ocpp/messages.py", line 230, in validate_payload
    raise TypeConstraintViolationError(
ocpp.exceptions.TypeConstraintViolationError: TypeConstraintViolationError: Payload for Action is syntactically correct but at least one of the fields violates data type constraints (e.g. “somestring”: 12), {'cause': "datetime.datetime(2023, 3, 15, 20, 8, 8, 910162) is not of type 'string'", 'ocpp_message': <CallResult - unique_id=c4103783-6def-4015-93d1-79733a6d9fe1, action=StartTransaction, payload={'transactionId': 1, 'idTagInfo': {'status': <AuthorizationStatus.accepted: 'Accepted'>, 'expiryDate': datetime.datetime(2023, 3, 15, 20, 8, 8, 910162)}}>}
ERROR:websockets.server:connection handler failed
Traceback (most recent call last):
  File "/home/elite/Workplace/quanto/lib/python3.9/site-packages/ocpp/messages.py", line 61, in default
    return obj.to_json()
AttributeError: 'datetime.datetime' object has no attribute 'to_json'

During handling of the above exception, another exception occurred:

Traceback (most recent call last):
  File "/home/elite/Workplace/quanto/lib/python3.9/site-packages/websockets/legacy/server.py", line 236, in handler
    await self.ws_handler(self)
  File "/home/elite/Workplace/quanto/lib/python3.9/site-packages/websockets/legacy/server.py", line 1175, in _ws_handler
    return await cast(
  File "/home/elite/Workplace/quanto/app.py", line 423, in on_connect
    await cp.start()
  File "/home/elite/Workplace/quanto/lib/python3.9/site-packages/ocpp/charge_point.py", line 130, in start
    await self.route_message(message)
  File "/home/elite/Workplace/quanto/lib/python3.9/site-packages/ocpp/charge_point.py", line 156, in route_message
    response = msg.create_call_error(error).to_json()
  File "/home/elite/Workplace/quanto/lib/python3.9/site-packages/ocpp/messages.py", line 417, in to_json
    return json.dumps(
  File "/usr/lib/python3.9/json/__init__.py", line 234, in dumps
    return cls(
  File "/usr/lib/python3.9/json/encoder.py", line 199, in encode
    chunks = self.iterencode(o, _one_shot=True)
  File "/usr/lib/python3.9/json/encoder.py", line 257, in iterencode
    return _iterencode(o, 0)
  File "/home/elite/Workplace/quanto/lib/python3.9/site-packages/ocpp/messages.py", line 61, in default
    return obj.to_json()
  File "/home/elite/Workplace/quanto/lib/python3.9/site-packages/ocpp/messages.py", line 373, in to_json
    return json.dumps(
  File "/usr/lib/python3.9/json/__init__.py", line 234, in dumps
    return cls(
  File "/usr/lib/python3.9/json/encoder.py", line 199, in encode
    chunks = self.iterencode(o, _one_shot=True)
  File "/usr/lib/python3.9/json/encoder.py", line 257, in iterencode
    return _iterencode(o, 0)
  File "/home/elite/Workplace/quanto/lib/python3.9/site-packages/ocpp/messages.py", line 63, in default
    raise e
  File "/home/elite/Workplace/quanto/lib/python3.9/site-packages/ocpp/messages.py", line 58, in default
    return json.JSONEncoder.default(self, obj)
  File "/usr/lib/python3.9/json/encoder.py", line 179, in default
    raise TypeError(f'Object of type {o.__class__.__name__} '
TypeError: Object of type datetime is not JSON serializable
INFO:websockets.server:connection closed
INFO:websockets.server:connection open
INFO:ocpp:1: receive message [2,"8d37fdb9-16f4-4544-9edc-2edd860114f4","BootNotification",{"chargePointModel":"type-2","chargePointVendor":"Teison-AC","chargePointSerialNumber":"AISEN001","firmwareVersion":"V0.0.1"}]
INFO:ocpp:1: send [3,"8d37fdb9-16f4-4544-9edc-2edd860114f4",{"currentTime":"2023-03-01T15:08:08.910162","interval":300,"status":"Accepted"}]
INFO:ocpp:1: receive message [2,"049db9e3-b411-458b-895c-da26529bec3c","MeterValues",{"connectorId":1,"transactionId":0,"meterValue":[{"timestamp":"2023-03-01T15:08:08","sampledValue":[{"value":"233.2","measurand":"Voltage","unit":"V","phase":"L1"},{"value":"160.4","measurand":"Current.Export","unit":"A","phase":"L1"},{"value":"233.5","measurand":"Voltage","unit":"V","phase":"L2"},{"value":"234.9","measurand":"Current.Export","unit":"A","phase":"L2"},{"value":"2349.2","measurand":"Voltage","unit":"V","phase":"L3"},{"value":"161.7","measurand":"Current.Export","unit":"A","phase":"L1"},{"value":"13","measurand":"Temperature","unit":"Celsius"},{"value":"11322","measurand":"Power.Active.Export","unit":"W"},{"value":"13403","measurand":"Energy.Active.Export.Register","unit":"Wh"}]}]}]
INFO:ocpp:1: send [3,"049db9e3-b411-458b-895c-da26529bec3c",{}]
INFO:ocpp:1: receive message [2,"6841638c-6c98-4760-b682-54b0be941797","StatusNotification",{"connectorId":1,"errorCode":"NoError","status":"Charging","timestamp":"2023-03-01T15:08:08"}]
INFO:ocpp:1: send [3,"6841638c-6c98-4760-b682-54b0be941797",{}]
INFO:ocpp:1: receive message [2,"ac82efda-399d-473c-a472-d0e155131023","MeterValues",{"connectorId":1,"transactionId":0,"meterValue":[{"timestamp":"2023-03-01T15:08:18","sampledValue":[{"value":"232.8","measurand":"Voltage","unit":"V","phase":"L1"},{"value":"159.3","measurand":"Current.Export","unit":"A","phase":"L1"},{"value":"233.0","measurand":"Voltage","unit":"V","phase":"L2"},{"value":"234.6","measurand":"Current.Export","unit":"A","phase":"L2"},{"value":"2346.1","measurand":"Voltage","unit":"V","phase":"L3"},{"value":"160.8","measurand":"Current.Export","unit":"A","phase":"L1"},{"value":"13","measurand":"Temperature","unit":"Celsius"},{"value":"11234","measurand":"Power.Active.Export","unit":"W"},{"value":"16548","measurand":"Energy.Active.Export.Register","unit":"Wh"}]}]}]
INFO:ocpp:1: send [3,"ac82efda-399d-473c-a472-d0e155131023",{}]
INFO:ocpp:1: receive message [2,"8a2eac88-8df5-416b-b44e-808eb044cc35","MeterValues",{"connectorId":1,"transactionId":0,"meterValue":[{"timestamp":"2023-03-01T15:08:28","sampledValue":[{"value":"232.8","measurand":"Voltage","unit":"V","phase":"L1"},{"value":"160.0","measurand":"Current.Export","unit":"A","phase":"L1"},{"value":"233.3","measurand":"Voltage","unit":"V","phase":"L2"},{"value":"234.9","measurand":"Current.Export","unit":"A","phase":"L2"},{"value":"2349.1","measurand":"Voltage","unit":"V","phase":"L3"},{"value":"161.6","measurand":"Current.Export","unit":"A","phase":"L1"},{"value":"13","measurand":"Temperature","unit":"Celsius"},{"value":"11294","measurand":"Power.Active.Export","unit":"W"},{"value":"19704","measurand":"Energy.Active.Export.Register","unit":"Wh"}]}]}]
INFO:ocpp:1: send [3,"8a2eac88-8df5-416b-b44e-808eb044cc35",{}]
INFO:ocpp:1: receive message [2,"d8f05d8b-c117-4abe-86f0-17505d1fccf8","StopTransaction",{"idTag":"62E783BA","meterStop":20019,"timestamp":"2023-03-01T15:08:29","transactionId":0,"reason":"Local"}]
INFO:ocpp:1: send [3,"d8f05d8b-c117-4abe-86f0-17505d1fccf8",{"idTagInfo":{"status":"Accepted","expiryDate":"2023-03-13T20:08:08.910162"}}]
INFO:ocpp:1: receive message [2,"967ca037-74e1-4522-bd2a-cc34dd2f9152","StatusNotification",{"connectorId":1,"errorCode":"NoError","status":"Finishing","timestamp":"2023-03-01T15:08:29"}]
INFO:ocpp:1: send [3,"967ca037-74e1-4522-bd2a-cc34dd2f9152",{}]
INFO:ocpp:1: receive message [2,"2de954f5-29e3-421f-872e-b9563cd05fc8","MeterValues",{"connectorId":1,"meterValue":[{"timestamp":"2023-03-01T15:08:38","sampledValue":[{"value":"236.8","measurand":"Voltage","unit":"V","phase":"L1"},{"value":"0.0","measurand":"Current.Export","unit":"A","phase":"L1"},{"value":"236.3","measurand":"Voltage","unit":"V","phase":"L2"},{"value":"238.3","measurand":"Current.Export","unit":"A","phase":"L2"},{"value":"2383.8","measurand":"Voltage","unit":"V","phase":"L3"},{"value":"0.0","measurand":"Current.Export","unit":"A","phase":"L1"},{"value":"13","measurand":"Temperature","unit":"Celsius"},{"value":"0","measurand":"Power.Active.Export","unit":"W"},{"value":"20381","measurand":"Energy.Active.Export.Register","unit":"Wh"}]}]}]
INFO:ocpp:1: send [3,"2de954f5-29e3-421f-872e-b9563cd05fc8",{}]
INFO:ocpp:1: receive message [2,"6cb3de04-9d39-410b-83dc-1f35c2dc6568","MeterValues",{"connectorId":1,"meterValue":[{"timestamp":"2023-03-01T15:08:48","sampledValue":[{"value":"236.9","measurand":"Voltage","unit":"V","phase":"L1"},{"value":"0.0","measurand":"Current.Export","unit":"A","phase":"L1"},{"value":"236.3","measurand":"Voltage","unit":"V","phase":"L2"},{"value":"238.4","measurand":"Current.Export","unit":"A","phase":"L2"},{"value":"2384.6","measurand":"Voltage","unit":"V","phase":"L3"},{"value":"0.0","measurand":"Current.Export","unit":"A","phase":"L1"},{"value":"13","measurand":"Temperature","unit":"Celsius"},{"value":"0","measurand":"Power.Active.Export","unit":"W"},{"value":"20381","measurand":"Energy.Active.Export.Register","unit":"Wh"}]}]}]
INFO:ocpp:1: send [3,"6cb3de04-9d39-410b-83dc-1f35c2dc6568",{}]
INFO:ocpp:1: receive message [2,"d2266ce6-7dd0-406d-983e-9be559ab9731","MeterValues",{"connectorId":1,"meterValue":[{"timestamp":"2023-03-01T15:08:58","sampledValue":[{"value":"236.5","measurand":"Voltage","unit":"V","phase":"L1"},{"value":"0.0","measurand":"Current.Export","unit":"A","phase":"L1"},{"value":"236.2","measurand":"Voltage","unit":"V","phase":"L2"},{"value":"238.2","measurand":"Current.Export","unit":"A","phase":"L2"},{"value":"2382.4","measurand":"Voltage","unit":"V","phase":"L3"},{"value":"0.0","measurand":"Current.Export","unit":"A","phase":"L1"},{"value":"13","measurand":"Temperature","unit":"Celsius"},{"value":"0","measurand":"Power.Active.Export","unit":"W"},{"value":"20381","measurand":"Energy.Active.Export.Register","unit":"Wh"}]}]}]
INFO:ocpp:1: send [3,"d2266ce6-7dd0-406d-983e-9be559ab9731",{}]
INFO:ocpp:1: receive message [2,"268a550f-c478-4518-b6e5-f89d004bac6a","StatusNotification",{"connectorId":1,"errorCode":"NoError","status":"Finishing","timestamp":"2023-03-01T15:08:59"}]
INFO:ocpp:1: send [3,"268a550f-c478-4518-b6e5-f89d004bac6a",{}]
INFO:ocpp:1: receive message [2,"0b842056-71e4-444b-8761-b9a52f1176bb","MeterValues",{"connectorId":1,"meterValue":[{"timestamp":"2023-03-01T15:09:08","sampledValue":[{"value":"236.8","measurand":"Voltage","unit":"V","phase":"L1"},{"value":"0.0","measurand":"Current.Export","unit":"A","phase":"L1"},{"value":"236.3","measurand":"Voltage","unit":"V","phase":"L2"},{"value":"238.3","measurand":"Current.Export","unit":"A","phase":"L2"},{"value":"2383.1","measurand":"Voltage","unit":"V","phase":"L3"},{"value":"0.0","measurand":"Current.Export","unit":"A","phase":"L1"},{"value":"13","measurand":"Temperature","unit":"Celsius"},{"value":"0","measurand":"Power.Active.Export","unit":"W"},{"value":"20381","measurand":"Energy.Active.Export.Register","unit":"Wh"}]}]}]
INFO:ocpp:1: send [3,"0b842056-71e4-444b-8761-b9a52f1176bb",{}]
INFO:ocpp:1: receive message [2,"1f0426a0-99c3-4e65-9078-2e55ba4a6d46","MeterValues",{"connectorId":1,"meterValue":[{"timestamp":"2023-03-01T15:09:18","sampledValue":[{"value":"237.1","measurand":"Voltage","unit":"V","phase":"L1"},{"value":"0.0","measurand":"Current.Export","unit":"A","phase":"L1"},{"value":"236.6","measurand":"Voltage","unit":"V","phase":"L2"},{"value":"238.4","measurand":"Current.Export","unit":"A","phase":"L2"},{"value":"2384.4","measurand":"Voltage","unit":"V","phase":"L3"},{"value":"0.0","measurand":"Current.Export","unit":"A","phase":"L1"},{"value":"13","measurand":"Temperature","unit":"Celsius"},{"value":"0","measurand":"Power.Active.Export","unit":"W"},{"value":"20381","measurand":"Energy.Active.Export.Register","unit":"Wh"}]}]}]
INFO:ocpp:1: send [3,"1f0426a0-99c3-4e65-9078-2e55ba4a6d46",{}]
INFO:ocpp:1: receive message [2,"a804f98b-4032-49b5-9cef-e7a612637641","MeterValues",{"connectorId":1,"meterValue":[{"timestamp":"2023-03-01T15:09:28","sampledValue":[{"value":"236.9","measurand":"Voltage","unit":"V","phase":"L1"},{"value":"0.0","measurand":"Current.Export","unit":"A","phase":"L1"},{"value":"236.7","measurand":"Voltage","unit":"V","phase":"L2"},{"value":"237.8","measurand":"Current.Export","unit":"A","phase":"L2"},{"value":"2378.9","measurand":"Voltage","unit":"V","phase":"L3"},{"value":"0.0","measurand":"Current.Export","unit":"A","phase":"L1"},{"value":"13","measurand":"Temperature","unit":"Celsius"},{"value":"0","measurand":"Power.Active.Export","unit":"W"},{"value":"20381","measurand":"Energy.Active.Export.Register","unit":"Wh"}]}]}]
INFO:ocpp:1: send [3,"a804f98b-4032-49b5-9cef-e7a612637641",{}]
INFO:ocpp:1: receive message [2,"a0656c32-7e2d-4d00-8d0a-3b56916893a6","StatusNotification",{"connectorId":1,"errorCode":"NoError","status":"Finishing","timestamp":"2023-03-01T15:09:29"}]
INFO:ocpp:1: send [3,"a0656c32-7e2d-4d00-8d0a-3b56916893a6",{}]
INFO:ocpp:1: receive message [2,"d2e14708-9d6d-4565-b5f2-84029add29c0","MeterValues",{"connectorId":1,"meterValue":[{"timestamp":"2023-03-01T15:09:38","sampledValue":[{"value":"236.8","measurand":"Voltage","unit":"V","phase":"L1"},{"value":"0.0","measurand":"Current.Export","unit":"A","phase":"L1"},{"value":"236.8","measurand":"Voltage","unit":"V","phase":"L2"},{"value":"237.5","measurand":"Current.Export","unit":"A","phase":"L2"},{"value":"2375.8","measurand":"Voltage","unit":"V","phase":"L3"},{"value":"0.0","measurand":"Current.Export","unit":"A","phase":"L1"},{"value":"13","measurand":"Temperature","unit":"Celsius"},{"value":"0","measurand":"Power.Active.Export","unit":"W"},{"value":"20381","measurand":"Energy.Active.Export.Register","unit":"Wh"}]}]}]
INFO:ocpp:1: send [3,"d2e14708-9d6d-4565-b5f2-84029add29c0",{}]
INFO:ocpp:1: receive message [2,"faca476f-391f-4bf5-a282-a45cb33b6162","MeterValues",{"connectorId":1,"meterValue":[{"timestamp":"2023-03-01T15:09:48","sampledValue":[{"value":"236.6","measurand":"Voltage","unit":"V","phase":"L1"},{"value":"0.0","measurand":"Current.Export","unit":"A","phase":"L1"},{"value":"236.2","measurand":"Voltage","unit":"V","phase":"L2"},{"value":"238.1","measurand":"Current.Export","unit":"A","phase":"L2"},{"value":"2381.2","measurand":"Voltage","unit":"V","phase":"L3"},{"value":"0.0","measurand":"Current.Export","unit":"A","phase":"L1"},{"value":"13","measurand":"Temperature","unit":"Celsius"},{"value":"0","measurand":"Power.Active.Export","unit":"W"},{"value":"20381","measurand":"Energy.Active.Export.Register","unit":"Wh"}]}]}]
INFO:ocpp:1: send [3,"faca476f-391f-4bf5-a282-a45cb33b6162",{}]
INFO:ocpp:1: receive message [2,"3a01a0d3-a61b-40c7-91b0-1c1e382d2285","StatusNotification",{"connectorId":1,"errorCode":"NoError","status":"Available","timestamp":"2023-03-01T15:09:51"}]
INFO:ocpp:1: send [3,"3a01a0d3-a61b-40c7-91b0-1c1e382d2285",{}]
INFO:ocpp:1: receive message [2,"5629afba-b5e3-4133-8bb0-c78b20329797","MeterValues",{"connectorId":1,"meterValue":[{"timestamp":"2023-03-01T15:09:58","sampledValue":[{"value":"236.8","measurand":"Voltage","unit":"V","phase":"L1"},{"value":"0.0","measurand":"Current.Export","unit":"A","phase":"L1"},{"value":"236.7","measurand":"Voltage","unit":"V","phase":"L2"},{"value":"237.7","measurand":"Current.Export","unit":"A","phase":"L2"},{"value":"2377.5","measurand":"Voltage","unit":"V","phase":"L3"},{"value":"0.0","measurand":"Current.Export","unit":"A","phase":"L1"},{"value":"13","measurand":"Temperature","unit":"Celsius"},{"value":"0","measurand":"Power.Active.Export","unit":"W"},{"value":"20381","measurand":"Energy.Active.Export.Register","unit":"Wh"}]}]}]
INFO:ocpp:1: send [3,"5629afba-b5e3-4133-8bb0-c78b20329797",{}]
INFO:ocpp:1: receive message [2,"cd3e77b6-5a57-4a88-b0a6-748104656825","MeterValues",{"connectorId":1,"meterValue":[{"timestamp":"2023-03-01T15:10:08","sampledValue":[{"value":"237.0","measurand":"Voltage","unit":"V","phase":"L1"},{"value":"0.0","measurand":"Current.Export","unit":"A","phase":"L1"},{"value":"236.5","measurand":"Voltage","unit":"V","phase":"L2"},{"value":"238.4","measurand":"Current.Export","unit":"A","phase":"L2"},{"value":"2384.4","measurand":"Voltage","unit":"V","phase":"L3"},{"value":"0.0","measurand":"Current.Export","unit":"A","phase":"L1"},{"value":"13","measurand":"Temperature","unit":"Celsius"},{"value":"0","measurand":"Power.Active.Export","unit":"W"},{"value":"20381","measurand":"Energy.Active.Export.Register","unit":"Wh"}]}]}]
INFO:ocpp:1: send [3,"cd3e77b6-5a57-4a88-b0a6-748104656825",{}]
INFO:ocpp:1: receive message [2,"323ac151-c388-4e4f-a069-0fe103589557","MeterValues",{"connectorId":1,"meterValue":[{"timestamp":"2023-03-01T15:10:18","sampledValue":[{"value":"236.1","measurand":"Voltage","unit":"V","phase":"L1"},{"value":"0.0","measurand":"Current.Export","unit":"A","phase":"L1"},{"value":"236.7","measurand":"Voltage","unit":"V","phase":"L2"},{"value":"238.9","measurand":"Current.Export","unit":"A","phase":"L2"},{"value":"2389.8","measurand":"Voltage","unit":"V","phase":"L3"},{"value":"0.0","measurand":"Current.Export","unit":"A","phase":"L1"},{"value":"13","measurand":"Temperature","unit":"Celsius"},{"value":"0","measurand":"Power.Active.Export","unit":"W"},{"value":"20381","measurand":"Energy.Active.Export.Register","unit":"Wh"}]}]}]
INFO:ocpp:1: send [3,"323ac151-c388-4e4f-a069-0fe103589557",{}]
INFO:ocpp:1: receive message [2,"401437e6-e6c9-48cc-a363-285322119b78","StatusNotification",{"connectorId":1,"errorCode":"NoError","status":"Available","timestamp":"2023-03-01T15:10:21"}]
INFO:ocpp:1: send [3,"401437e6-e6c9-48cc-a363-285322119b78",{}]
INFO:ocpp:1: receive message [2,"67df6df5-bca6-463e-8bfc-7a5d067942df","MeterValues",{"connectorId":1,"meterValue":[{"timestamp":"2023-03-01T15:10:28","sampledValue":[{"value":"235.5","measurand":"Voltage","unit":"V","phase":"L1"},{"value":"0.0","measurand":"Current.Export","unit":"A","phase":"L1"},{"value":"236.3","measurand":"Voltage","unit":"V","phase":"L2"},{"value":"238.6","measurand":"Current.Export","unit":"A","phase":"L2"},{"value":"2386.8","measurand":"Voltage","unit":"V","phase":"L3"},{"value":"0.0","measurand":"Current.Export","unit":"A","phase":"L1"},{"value":"13","measurand":"Temperature","unit":"Celsius"},{"value":"0","measurand":"Power.Active.Export","unit":"W"},{"value":"20381","measurand":"Energy.Active.Export.Register","unit":"Wh"}]}]}]
INFO:ocpp:1: send [3,"67df6df5-bca6-463e-8bfc-7a5d067942df",{}]
INFO:ocpp:1: receive message [2,"14733307-4ca3-4848-ac13-06cab6691a0e","MeterValues",{"connectorId":1,"meterValue":[{"timestamp":"2023-03-01T15:10:38","sampledValue":[{"value":"235.9","measurand":"Voltage","unit":"V","phase":"L1"},{"value":"0.0","measurand":"Current.Export","unit":"A","phase":"L1"},{"value":"236.6","measurand":"Voltage","unit":"V","phase":"L2"},{"value":"238.5","measurand":"Current.Export","unit":"A","phase":"L2"},{"value":"2385.8","measurand":"Voltage","unit":"V","phase":"L3"},{"value":"0.0","measurand":"Current.Export","unit":"A","phase":"L1"},{"value":"13","measurand":"Temperature","unit":"Celsius"},{"value":"0","measurand":"Power.Active.Export","unit":"W"},{"value":"20381","measurand":"Energy.Active.Export.Register","unit":"Wh"}]}]}]
INFO:ocpp:1: send [3,"14733307-4ca3-4848-ac13-06cab6691a0e",{}]
INFO:ocpp:1: receive message [2,"c3c6e895-77e0-44a8-bd71-5d52f5ec6a20","MeterValues",{"connectorId":1,"meterValue":[{"timestamp":"2023-03-01T15:10:48","sampledValue":[{"value":"235.1","measurand":"Voltage","unit":"V","phase":"L1"},{"value":"0.0","measurand":"Current.Export","unit":"A","phase":"L1"},{"value":"236.7","measurand":"Voltage","unit":"V","phase":"L2"},{"value":"238.8","measurand":"Current.Export","unit":"A","phase":"L2"},{"value":"2388.8","measurand":"Voltage","unit":"V","phase":"L3"},{"value":"0.0","measurand":"Current.Export","unit":"A","phase":"L1"},{"value":"13","measurand":"Temperature","unit":"Celsius"},{"value":"0","measurand":"Power.Active.Export","unit":"W"},{"value":"20381","measurand":"Energy.Active.Export.Register","unit":"Wh"}]}]}]
INFO:ocpp:1: send [3,"c3c6e895-77e0-44a8-bd71-5d52f5ec6a20",{}]
INFO:ocpp:1: receive message [2,"2f7259c5-6b26-4ed3-a5dc-24cf07fb6352","StatusNotification",{"connectorId":1,"errorCode":"NoError","status":"Available","timestamp":"2023-03-01T15:10:51"}]
INFO:ocpp:1: send [3,"2f7259c5-6b26-4ed3-a5dc-24cf07fb6352",{}]
INFO:ocpp:1: receive message [2,"b13e9107-f8ab-4145-a83c-a5316fc849f4","MeterValues",{"connectorId":1,"meterValue":[{"timestamp":"2023-03-01T15:10:58","sampledValue":[{"value":"236.2","measurand":"Voltage","unit":"V","phase":"L1"},{"value":"0.0","measurand":"Current.Export","unit":"A","phase":"L1"},{"value":"237.7","measurand":"Voltage","unit":"V","phase":"L2"},{"value":"237.4","measurand":"Current.Export","unit":"A","phase":"L2"},{"value":"2374.6","measurand":"Voltage","unit":"V","phase":"L3"},{"value":"0.0","measurand":"Current.Export","unit":"A","phase":"L1"},{"value":"13","measurand":"Temperature","unit":"Celsius"},{"value":"0","measurand":"Power.Active.Export","unit":"W"},{"value":"20381","measurand":"Energy.Active.Export.Register","unit":"Wh"}]}]}]
INFO:ocpp:1: send [3,"b13e9107-f8ab-4145-a83c-a5316fc849f4",{}]
INFO:ocpp:1: receive message [2,"3fa3a151-c0b4-45b4-ba8f-5c785b1a1c1b","MeterValues",{"connectorId":1,"meterValue":[{"timestamp":"2023-03-01T15:11:08","sampledValue":[{"value":"235.2","measurand":"Voltage","unit":"V","phase":"L1"},{"value":"0.0","measurand":"Current.Export","unit":"A","phase":"L1"},{"value":"237.7","measurand":"Voltage","unit":"V","phase":"L2"},{"value":"237.8","measurand":"Current.Export","unit":"A","phase":"L2"},{"value":"2378.6","measurand":"Voltage","unit":"V","phase":"L3"},{"value":"0.0","measurand":"Current.Export","unit":"A","phase":"L1"},{"value":"13","measurand":"Temperature","unit":"Celsius"},{"value":"0","measurand":"Power.Active.Export","unit":"W"},{"value":"20381","measurand":"Energy.Active.Export.Register","unit":"Wh"}]}]}]
INFO:ocpp:1: send [3,"3fa3a151-c0b4-45b4-ba8f-5c785b1a1c1b",{}]
INFO:ocpp:1: receive message [2,"a7d5e36c-5b8d-40de-90da-a3e2670fe3c8","MeterValues",{"connectorId":1,"meterValue":[{"timestamp":"2023-03-01T15:11:18","sampledValue":[{"value":"234.7","measurand":"Voltage","unit":"V","phase":"L1"},{"value":"0.0","measurand":"Current.Export","unit":"A","phase":"L1"},{"value":"237.6","measurand":"Voltage","unit":"V","phase":"L2"},{"value":"238.1","measurand":"Current.Export","unit":"A","phase":"L2"},{"value":"2381.8","measurand":"Voltage","unit":"V","phase":"L3"},{"value":"0.0","measurand":"Current.Export","unit":"A","phase":"L1"},{"value":"13","measurand":"Temperature","unit":"Celsius"},{"value":"0","measurand":"Power.Active.Export","unit":"W"},{"value":"20381","measurand":"Energy.Active.Export.Register","unit":"Wh"}]}]}]
INFO:ocpp:1: send [3,"a7d5e36c-5b8d-40de-90da-a3e2670fe3c8",{}]
INFO:ocpp:1: receive message [2,"e243d23c-88d6-40d7-8a98-502f84de6766","StatusNotification",{"connectorId":1,"errorCode":"NoError","status":"Available","timestamp":"2023-03-01T15:11:21"}]
INFO:ocpp:1: send [3,"e243d23c-88d6-40d7-8a98-502f84de6766",{}]
INFO:ocpp:1: receive message [2,"69c34206-3cea-48cf-bdda-66288cd4e06e","MeterValues",{"connectorId":1,"meterValue":[{"timestamp":"2023-03-01T15:11:28","sampledValue":[{"value":"235.7","measurand":"Voltage","unit":"V","phase":"L1"},{"value":"0.0","measurand":"Current.Export","unit":"A","phase":"L1"},{"value":"237.2","measurand":"Voltage","unit":"V","phase":"L2"},{"value":"237.3","measurand":"Current.Export","unit":"A","phase":"L2"},{"value":"2373.3","measurand":"Voltage","unit":"V","phase":"L3"},{"value":"0.0","measurand":"Current.Export","unit":"A","phase":"L1"},{"value":"13","measurand":"Temperature","unit":"Celsius"},{"value":"0","measurand":"Power.Active.Export","unit":"W"},{"value":"20381","measurand":"Energy.Active.Export.Register","unit":"Wh"}]}]}]
INFO:ocpp:1: send [3,"69c34206-3cea-48cf-bdda-66288cd4e06e",{}]
INFO:ocpp:1: receive message [2,"c169dcb3-7aee-468b-8cda-78dff750baa8","Heartbeat",{}]
INFO:ocpp:1: send [3,"c169dcb3-7aee-468b-8cda-78dff750baa8",{"currentTime":"2023-03-01T15:08:08.910162Z"}]
INFO:ocpp:1: receive message [2,"38d86f5b-3b36-4841-bea2-048644958c4e","MeterValues",{"connectorId":1,"meterValue":[{"timestamp":"2023-03-01T15:08:13","sampledValue":[{"value":"235.5","measurand":"Voltage","unit":"V","phase":"L1"},{"value":"0.0","measurand":"Current.Export","unit":"A","phase":"L1"},{"value":"237.0","measurand":"Voltage","unit":"V","phase":"L2"},{"value":"237.1","measurand":"Current.Export","unit":"A","phase":"L2"},{"value":"2371.7","measurand":"Voltage","unit":"V","phase":"L3"},{"value":"0.0","measurand":"Current.Export","unit":"A","phase":"L1"},{"value":"13","measurand":"Temperature","unit":"Celsius"},{"value":"0","measurand":"Power.Active.Export","unit":"W"},{"value":"20381","measurand":"Energy.Active.Export.Register","unit":"Wh"}]}]}]
INFO:ocpp:1: send [3,"38d86f5b-3b36-4841-bea2-048644958c4e",{}]
INFO:ocpp:1: receive message [2,"892a8f41-8904-4653-906e-e704c6115847","MeterValues",{"connectorId":1,"meterValue":[{"timestamp":"2023-03-01T15:08:23","sampledValue":[{"value":"235.3","measurand":"Voltage","unit":"V","phase":"L1"},{"value":"0.0","measurand":"Current.Export","unit":"A","phase":"L1"},{"value":"236.2","measurand":"Voltage","unit":"V","phase":"L2"},{"value":"238.5","measurand":"Current.Export","unit":"A","phase":"L2"},{"value":"2385.4","measurand":"Voltage","unit":"V","phase":"L3"},{"value":"0.0","measurand":"Current.Export","unit":"A","phase":"L1"},{"value":"13","measurand":"Temperature","unit":"Celsius"},{"value":"0","measurand":"Power.Active.Export","unit":"W"},{"value":"20381","measurand":"Energy.Active.Export.Register","unit":"Wh"}]}]}]
INFO:ocpp:1: send [3,"892a8f41-8904-4653-906e-e704c6115847",{}]
INFO:ocpp:1: receive message [2,"1c92df18-c087-4083-8e36-788661d98e2f","StatusNotification",{"connectorId":1,"errorCode":"NoError","status":"Available","timestamp":"2023-03-01T15:08:27"}]
INFO:ocpp:1: send [3,"1c92df18-c087-4083-8e36-788661d98e2f",{}]
INFO:ocpp:1: receive message [2,"c692e574-cfbd-465c-b5b4-0c3eea434ea6","MeterValues",{"connectorId":1,"meterValue":[{"timestamp":"2023-03-01T15:08:33","sampledValue":[{"value":"235.0","measurand":"Voltage","unit":"V","phase":"L1"},{"value":"0.0","measurand":"Current.Export","unit":"A","phase":"L1"},{"value":"236.1","measurand":"Voltage","unit":"V","phase":"L2"},{"value":"238.5","measurand":"Current.Export","unit":"A","phase":"L2"},{"value":"2385.2","measurand":"Voltage","unit":"V","phase":"L3"},{"value":"0.0","measurand":"Current.Export","unit":"A","phase":"L1"},{"value":"13","measurand":"Temperature","unit":"Celsius"},{"value":"0","measurand":"Power.Active.Export","unit":"W"},{"value":"20381","measurand":"Energy.Active.Export.Register","unit":"Wh"}]}]}]
INFO:ocpp:1: send [3,"c692e574-cfbd-465c-b5b4-0c3eea434ea6",{}]
INFO:ocpp:1: receive message [2,"29de7c8f-fa0c-45e1-b4d8-6ca51b17ac8a","MeterValues",{"connectorId":1,"meterValue":[{"timestamp":"2023-03-01T15:08:43","sampledValue":[{"value":"235.8","measurand":"Voltage","unit":"V","phase":"L1"},{"value":"0.0","measurand":"Current.Export","unit":"A","phase":"L1"},{"value":"235.9","measurand":"Voltage","unit":"V","phase":"L2"},{"value":"238.5","measurand":"Current.Export","unit":"A","phase":"L2"},{"value":"2385.7","measurand":"Voltage","unit":"V","phase":"L3"},{"value":"0.0","measurand":"Current.Export","unit":"A","phase":"L1"},{"value":"13","measurand":"Temperature","unit":"Celsius"},{"value":"0","measurand":"Power.Active.Export","unit":"W"},{"value":"20381","measurand":"Energy.Active.Export.Register","unit":"Wh"}]}]}]
INFO:ocpp:1: send [3,"29de7c8f-fa0c-45e1-b4d8-6ca51b17ac8a",{}]
INFO:ocpp:1: receive message [2,"75eb1383-dc17-4577-8456-7a943eeaec60","MeterValues",{"connectorId":1,"meterValue":[{"timestamp":"2023-03-01T15:08:53","sampledValue":[{"value":"236.1","measurand":"Voltage","unit":"V","phase":"L1"},{"value":"0.0","measurand":"Current.Export","unit":"A","phase":"L1"},{"value":"236.4","measurand":"Voltage","unit":"V","phase":"L2"},{"value":"238.8","measurand":"Current.Export","unit":"A","phase":"L2"},{"value":"2388.1","measurand":"Voltage","unit":"V","phase":"L3"},{"value":"0.0","measurand":"Current.Export","unit":"A","phase":"L1"},{"value":"13","measurand":"Temperature","unit":"Celsius"},{"value":"0","measurand":"Power.Active.Export","unit":"W"},{"value":"20381","measurand":"Energy.Active.Export.Register","unit":"Wh"}]}]}]
INFO:ocpp:1: send [3,"75eb1383-dc17-4577-8456-7a943eeaec60",{}]
INFO:ocpp:1: receive message [2,"9f7ad2a9-6580-420f-94f8-adfda1af91a6","StatusNotification",{"connectorId":1,"errorCode":"NoError","status":"Available","timestamp":"2023-03-01T15:08:57"}]
INFO:ocpp:1: send [3,"9f7ad2a9-6580-420f-94f8-adfda1af91a6",{}]
INFO:ocpp:1: receive message [2,"85900ec9-924f-4174-965f-fe105ae7e4c8","MeterValues",{"connectorId":1,"meterValue":[{"timestamp":"2023-03-01T15:09:03","sampledValue":[{"value":"235.8","measurand":"Voltage","unit":"V","phase":"L1"},{"value":"0.0","measurand":"Current.Export","unit":"A","phase":"L1"},{"value":"236.4","measurand":"Voltage","unit":"V","phase":"L2"},{"value":"238.6","measurand":"Current.Export","unit":"A","phase":"L2"},{"value":"2386.1","measurand":"Voltage","unit":"V","phase":"L3"},{"value":"0.0","measurand":"Current.Export","unit":"A","phase":"L1"},{"value":"13","measurand":"Temperature","unit":"Celsius"},{"value":"0","measurand":"Power.Active.Export","unit":"W"},{"value":"20381","measurand":"Energy.Active.Export.Register","unit":"Wh"}]}]}]
INFO:ocpp:1: send [3,"85900ec9-924f-4174-965f-fe105ae7e4c8",{}]
INFO:ocpp:1: receive message [2,"e8d9b2cc-5c69-4da5-983d-4ff30e7f3f3c","MeterValues",{"connectorId":1,"meterValue":[{"timestamp":"2023-03-01T15:09:13","sampledValue":[{"value":"235.8","measurand":"Voltage","unit":"V","phase":"L1"},{"value":"0.0","measurand":"Current.Export","unit":"A","phase":"L1"},{"value":"236.2","measurand":"Voltage","unit":"V","phase":"L2"},{"value":"238.5","measurand":"Current.Export","unit":"A","phase":"L2"},{"value":"2385.0","measurand":"Voltage","unit":"V","phase":"L3"},{"value":"0.0","measurand":"Current.Export","unit":"A","phase":"L1"},{"value":"13","measurand":"Temperature","unit":"Celsius"},{"value":"0","measurand":"Power.Active.Export","unit":"W"},{"value":"20381","measurand":"Energy.Active.Export.Register","unit":"Wh"}]}]}]
INFO:ocpp:1: send [3,"e8d9b2cc-5c69-4da5-983d-4ff30e7f3f3c",{}]
INFO:ocpp:1: receive message [2,"96a01943-9ccc-41ca-b4b2-0d84e2faaf52","MeterValues",{"connectorId":1,"meterValue":[{"timestamp":"2023-03-01T15:09:23","sampledValue":[{"value":"235.6","measurand":"Voltage","unit":"V","phase":"L1"},{"value":"0.0","measurand":"Current.Export","unit":"A","phase":"L1"},{"value":"236.4","measurand":"Voltage","unit":"V","phase":"L2"},{"value":"238.1","measurand":"Current.Export","unit":"A","phase":"L2"},{"value":"2381.6","measurand":"Voltage","unit":"V","phase":"L3"},{"value":"0.0","measurand":"Current.Export","unit":"A","phase":"L1"},{"value":"13","measurand":"Temperature","unit":"Celsius"},{"value":"0","measurand":"Power.Active.Export","unit":"W"},{"value":"20381","measurand":"Energy.Active.Export.Register","unit":"Wh"}]}]}]
INFO:ocpp:1: send [3,"96a01943-9ccc-41ca-b4b2-0d84e2faaf52",{}]
INFO:ocpp:1: receive message [2,"045d94fb-6518-4689-a2ac-e80532e551db","StatusNotification",{"connectorId":1,"errorCode":"NoError","status":"Available","timestamp":"2023-03-01T15:09:27"}]
INFO:ocpp:1: send [3,"045d94fb-6518-4689-a2ac-e80532e551db",{}]
INFO:ocpp:1: receive message [2,"9f9736f4-6f75-410d-86af-7e09e318b5fe","MeterValues",{"connectorId":1,"meterValue":[{"timestamp":"2023-03-01T15:09:33","sampledValue":[{"value":"235.8","measurand":"Voltage","unit":"V","phase":"L1"},{"value":"0.0","measurand":"Current.Export","unit":"A","phase":"L1"},{"value":"236.2","measurand":"Voltage","unit":"V","phase":"L2"},{"value":"238.4","measurand":"Current.Export","unit":"A","phase":"L2"},{"value":"2384.4","measurand":"Voltage","unit":"V","phase":"L3"},{"value":"0.0","measurand":"Current.Export","unit":"A","phase":"L1"},{"value":"13","measurand":"Temperature","unit":"Celsius"},{"value":"0","measurand":"Power.Active.Export","unit":"W"},{"value":"20381","measurand":"Energy.Active.Export.Register","unit":"Wh"}]}]}]
INFO:ocpp:1: send [3,"9f9736f4-6f75-410d-86af-7e09e318b5fe",{}]
INFO:ocpp:1: receive message [2,"7ae9cce7-6fa4-425d-baa5-e49f57a77ada","MeterValues",{"connectorId":1,"meterValue":[{"timestamp":"2023-03-01T15:09:43","sampledValue":[{"value":"236.2","measurand":"Voltage","unit":"V","phase":"L1"},{"value":"0.0","measurand":"Current.Export","unit":"A","phase":"L1"},{"value":"237.1","measurand":"Voltage","unit":"V","phase":"L2"},{"value":"239.2","measurand":"Current.Export","unit":"A","phase":"L2"},{"value":"2392.7","measurand":"Voltage","unit":"V","phase":"L3"},{"value":"0.0","measurand":"Current.Export","unit":"A","phase":"L1"},{"value":"13","measurand":"Temperature","unit":"Celsius"},{"value":"0","measurand":"Power.Active.Export","unit":"W"},{"value":"20381","measurand":"Energy.Active.Export.Register","unit":"Wh"}]}]}]
INFO:ocpp:1: send [3,"7ae9cce7-6fa4-425d-baa5-e49f57a77ada",{}]
INFO:ocpp:1: receive message [2,"954d26d3-ccf6-47c9-b84e-908ce29953fa","MeterValues",{"connectorId":1,"meterValue":[{"timestamp":"2023-03-01T15:09:53","sampledValue":[{"value":"236.1","measurand":"Voltage","unit":"V","phase":"L1"},{"value":"0.0","measurand":"Current.Export","unit":"A","phase":"L1"},{"value":"236.8","measurand":"Voltage","unit":"V","phase":"L2"},{"value":"238.7","measurand":"Current.Export","unit":"A","phase":"L2"},{"value":"2387.9","measurand":"Voltage","unit":"V","phase":"L3"},{"value":"0.0","measurand":"Current.Export","unit":"A","phase":"L1"},{"value":"13","measurand":"Temperature","unit":"Celsius"},{"value":"0","measurand":"Power.Active.Export","unit":"W"},{"value":"20381","measurand":"Energy.Active.Export.Register","unit":"Wh"}]}]}]
INFO:ocpp:1: send [3,"954d26d3-ccf6-47c9-b84e-908ce29953fa",{}]
INFO:ocpp:1: receive message [2,"a9e0707b-a782-4500-8360-dce133c5558c","StatusNotification",{"connectorId":1,"errorCode":"NoError","status":"Available","timestamp":"2023-03-01T15:09:57"}]
INFO:ocpp:1: send [3,"a9e0707b-a782-4500-8360-dce133c5558c",{}]
INFO:ocpp:1: receive message [2,"a3309067-e4e5-498b-a06f-6d1154a9b56f","MeterValues",{"connectorId":1,"meterValue":[{"timestamp":"2023-03-01T15:10:03","sampledValue":[{"value":"236.0","measurand":"Voltage","unit":"V","phase":"L1"},{"value":"0.0","measurand":"Current.Export","unit":"A","phase":"L1"},{"value":"236.8","measurand":"Voltage","unit":"V","phase":"L2"},{"value":"238.7","measurand":"Current.Export","unit":"A","phase":"L2"},{"value":"2387.5","measurand":"Voltage","unit":"V","phase":"L3"},{"value":"0.0","measurand":"Current.Export","unit":"A","phase":"L1"},{"value":"13","measurand":"Temperature","unit":"Celsius"},{"value":"0","measurand":"Power.Active.Export","unit":"W"},{"value":"20381","measurand":"Energy.Active.Export.Register","unit":"Wh"}]}]}]
INFO:ocpp:1: send [3,"a3309067-e4e5-498b-a06f-6d1154a9b56f",{}]
INFO:ocpp:1: receive message [2,"4a49bd3e-9273-46d3-90c4-761721db5ad5","MeterValues",{"connectorId":1,"meterValue":[{"timestamp":"2023-03-01T15:10:13","sampledValue":[{"value":"235.7","measurand":"Voltage","unit":"V","phase":"L1"},{"value":"0.0","measurand":"Current.Export","unit":"A","phase":"L1"},{"value":"236.5","measurand":"Voltage","unit":"V","phase":"L2"},{"value":"238.5","measurand":"Current.Export","unit":"A","phase":"L2"},{"value":"2385.4","measurand":"Voltage","unit":"V","phase":"L3"},{"value":"0.0","measurand":"Current.Export","unit":"A","phase":"L1"},{"value":"13","measurand":"Temperature","unit":"Celsius"},{"value":"0","measurand":"Power.Active.Export","unit":"W"},{"value":"20381","measurand":"Energy.Active.Export.Register","unit":"Wh"}]}]}]
INFO:ocpp:1: send [3,"4a49bd3e-9273-46d3-90c4-761721db5ad5",{}]
INFO:ocpp:1: receive message [2,"84879d43-c5a1-44d5-bc56-0e00c692f957","MeterValues",{"connectorId":1,"meterValue":[{"timestamp":"2023-03-01T15:10:23","sampledValue":[{"value":"235.8","measurand":"Voltage","unit":"V","phase":"L1"},{"value":"0.0","measurand":"Current.Export","unit":"A","phase":"L1"},{"value":"236.5","measurand":"Voltage","unit":"V","phase":"L2"},{"value":"238.5","measurand":"Current.Export","unit":"A","phase":"L2"},{"value":"2385.4","measurand":"Voltage","unit":"V","phase":"L3"},{"value":"0.0","measurand":"Current.Export","unit":"A","phase":"L1"},{"value":"13","measurand":"Temperature","unit":"Celsius"},{"value":"0","measurand":"Power.Active.Export","unit":"W"},{"value":"20381","measurand":"Energy.Active.Export.Register","unit":"Wh"}]}]}]
INFO:ocpp:1: send [3,"84879d43-c5a1-44d5-bc56-0e00c692f957",{}]
INFO:ocpp:1: receive message [2,"cc69592a-36e2-49da-ab82-f8a1b0d9c765","StatusNotification",{"connectorId":1,"errorCode":"NoError","status":"Available","timestamp":"2023-03-01T15:10:27"}]
INFO:ocpp:1: send [3,"cc69592a-36e2-49da-ab82-f8a1b0d9c765",{}]
INFO:ocpp:1: receive message [2,"dc95228f-015a-42df-b133-d7d5e74684d8","MeterValues",{"connectorId":1,"meterValue":[{"timestamp":"2023-03-01T15:10:33","sampledValue":[{"value":"235.7","measurand":"Voltage","unit":"V","phase":"L1"},{"value":"0.0","measurand":"Current.Export","unit":"A","phase":"L1"},{"value":"236.6","measurand":"Voltage","unit":"V","phase":"L2"},{"value":"238.6","measurand":"Current.Export","unit":"A","phase":"L2"},{"value":"2386.2","measurand":"Voltage","unit":"V","phase":"L3"},{"value":"0.0","measurand":"Current.Export","unit":"A","phase":"L1"},{"value":"13","measurand":"Temperature","unit":"Celsius"},{"value":"0","measurand":"Power.Active.Export","unit":"W"},{"value":"20381","measurand":"Energy.Active.Export.Register","unit":"Wh"}]}]}]
INFO:ocpp:1: send [3,"dc95228f-015a-42df-b133-d7d5e74684d8",{}]
INFO:ocpp:1: receive message [2,"a1d1ecde-5554-45eb-b1fb-9d68bf7d6f90","MeterValues",{"connectorId":1,"meterValue":[{"timestamp":"2023-03-01T15:10:43","sampledValue":[{"value":"236.3","measurand":"Voltage","unit":"V","phase":"L1"},{"value":"0.0","measurand":"Current.Export","unit":"A","phase":"L1"},{"value":"236.5","measurand":"Voltage","unit":"V","phase":"L2"},{"value":"238.4","measurand":"Current.Export","unit":"A","phase":"L2"},{"value":"2384.7","measurand":"Voltage","unit":"V","phase":"L3"},{"value":"0.0","measurand":"Current.Export","unit":"A","phase":"L1"},{"value":"13","measurand":"Temperature","unit":"Celsius"},{"value":"0","measurand":"Power.Active.Export","unit":"W"},{"value":"20381","measurand":"Energy.Active.Export.Register","unit":"Wh"}]}]}]
INFO:ocpp:1: send [3,"a1d1ecde-5554-45eb-b1fb-9d68bf7d6f90",{}]
INFO:ocpp:1: receive message [2,"0112e284-ed86-4026-99af-86e743e6180e","MeterValues",{"connectorId":1,"meterValue":[{"timestamp":"2023-03-01T15:10:53","sampledValue":[{"value":"236.9","measurand":"Voltage","unit":"V","phase":"L1"},{"value":"0.0","measurand":"Current.Export","unit":"A","phase":"L1"},{"value":"236.8","measurand":"Voltage","unit":"V","phase":"L2"},{"value":"238.5","measurand":"Current.Export","unit":"A","phase":"L2"},{"value":"2385.0","measurand":"Voltage","unit":"V","phase":"L3"},{"value":"0.0","measurand":"Current.Export","unit":"A","phase":"L1"},{"value":"13","measurand":"Temperature","unit":"Celsius"},{"value":"0","measurand":"Power.Active.Export","unit":"W"},{"value":"20381","measurand":"Energy.Active.Export.Register","unit":"Wh"}]}]}]
INFO:ocpp:1: send [3,"0112e284-ed86-4026-99af-86e743e6180e",{}]
INFO:ocpp:1: receive message [2,"e50a706c-6e30-4b05-b685-25d7f9f29ee2","StatusNotification",{"connectorId":1,"errorCode":"NoError","status":"Available","timestamp":"2023-03-01T15:10:57"}]
INFO:ocpp:1: send [3,"e50a706c-6e30-4b05-b685-25d7f9f29ee2",{}]
INFO:ocpp:1: receive message [2,"f540e065-ed86-44cb-aa45-f7a33a3003e3","MeterValues",{"connectorId":1,"meterValue":[{"timestamp":"2023-03-01T15:11:03","sampledValue":[{"value":"236.9","measurand":"Voltage","unit":"V","phase":"L1"},{"value":"0.0","measurand":"Current.Export","unit":"A","phase":"L1"},{"value":"236.6","measurand":"Voltage","unit":"V","phase":"L2"},{"value":"238.6","measurand":"Current.Export","unit":"A","phase":"L2"},{"value":"2386.1","measurand":"Voltage","unit":"V","phase":"L3"},{"value":"0.0","measurand":"Current.Export","unit":"A","phase":"L1"},{"value":"13","measurand":"Temperature","unit":"Celsius"},{"value":"0","measurand":"Power.Active.Export","unit":"W"},{"value":"20381","measurand":"Energy.Active.Export.Register","unit":"Wh"}]}]}]
INFO:ocpp:1: send [3,"f540e065-ed86-44cb-aa45-f7a33a3003e3",{}]
INFO:ocpp:1: receive message [2,"866f5e89-07b1-4e32-bbcb-e69a534c2db2","MeterValues",{"connectorId":1,"meterValue":[{"timestamp":"2023-03-01T15:11:13","sampledValue":[{"value":"237.0","measurand":"Voltage","unit":"V","phase":"L1"},{"value":"0.0","measurand":"Current.Export","unit":"A","phase":"L1"},{"value":"236.6","measurand":"Voltage","unit":"V","phase":"L2"},{"value":"238.5","measurand":"Current.Export","unit":"A","phase":"L2"},{"value":"2385.0","measurand":"Voltage","unit":"V","phase":"L3"},{"value":"0.0","measurand":"Current.Export","unit":"A","phase":"L1"},{"value":"13","measurand":"Temperature","unit":"Celsius"},{"value":"0","measurand":"Power.Active.Export","unit":"W"},{"value":"20381","measurand":"Energy.Active.Export.Register","unit":"Wh"}]}]}]
INFO:ocpp:1: send [3,"866f5e89-07b1-4e32-bbcb-e69a534c2db2",{}]
INFO:ocpp:1: receive message [2,"cade477b-030f-4b4e-bc69-3205bdeec965","MeterValues",{"connectorId":1,"meterValue":[{"timestamp":"2023-03-01T15:11:23","sampledValue":[{"value":"236.8","measurand":"Voltage","unit":"V","phase":"L1"},{"value":"0.0","measurand":"Current.Export","unit":"A","phase":"L1"},{"value":"236.7","measurand":"Voltage","unit":"V","phase":"L2"},{"value":"238.4","measurand":"Current.Export","unit":"A","phase":"L2"},{"value":"2384.6","measurand":"Voltage","unit":"V","phase":"L3"},{"value":"0.0","measurand":"Current.Export","unit":"A","phase":"L1"},{"value":"13","measurand":"Temperature","unit":"Celsius"},{"value":"0","measurand":"Power.Active.Export","unit":"W"},{"value":"20381","measurand":"Energy.Active.Export.Register","unit":"Wh"}]}]}]
INFO:ocpp:1: send [3,"cade477b-030f-4b4e-bc69-3205bdeec965",{}]
INFO:ocpp:1: receive message [2,"e32fbc29-f619-451b-81a2-68ab39f14e9d","StatusNotification",{"connectorId":1,"errorCode":"NoError","status":"Available","timestamp":"2023-03-01T15:11:27"}]
INFO:ocpp:1: send [3,"e32fbc29-f619-451b-81a2-68ab39f14e9d",{}]
INFO:ocpp:1: receive message [2,"91bf5f56-9d40-4aaf-8b1e-53f7e39888d9","MeterValues",{"connectorId":1,"meterValue":[{"timestamp":"2023-03-01T15:11:33","sampledValue":[{"value":"236.5","measurand":"Voltage","unit":"V","phase":"L1"},{"value":"0.0","measurand":"Current.Export","unit":"A","phase":"L1"},{"value":"236.4","measurand":"Voltage","unit":"V","phase":"L2"},{"value":"238.4","measurand":"Current.Export","unit":"A","phase":"L2"},{"value":"2384.3","measurand":"Voltage","unit":"V","phase":"L3"},{"value":"0.0","measurand":"Current.Export","unit":"A","phase":"L1"},{"value":"13","measurand":"Temperature","unit":"Celsius"},{"value":"0","measurand":"Power.Active.Export","unit":"W"},{"value":"20381","measurand":"Energy.Active.Export.Register","unit":"Wh"}]}]}]
INFO:ocpp:1: send [3,"91bf5f56-9d40-4aaf-8b1e-53f7e39888d9",{}]
INFO:ocpp:1: receive message [2,"acb04e75-e588-4909-a5f4-262dc2448b2b","MeterValues",{"connectorId":1,"meterValue":[{"timestamp":"2023-03-01T15:11:43","sampledValue":[{"value":"236.7","measurand":"Voltage","unit":"V","phase":"L1"},{"value":"0.0","measurand":"Current.Export","unit":"A","phase":"L1"},{"value":"236.2","measurand":"Voltage","unit":"V","phase":"L2"},{"value":"238.2","measurand":"Current.Export","unit":"A","phase":"L2"},{"value":"2382.0","measurand":"Voltage","unit":"V","phase":"L3"},{"value":"0.0","measurand":"Current.Export","unit":"A","phase":"L1"},{"value":"13","measurand":"Temperature","unit":"Celsius"},{"value":"0","measurand":"Power.Active.Export","unit":"W"},{"value":"20381","measurand":"Energy.Active.Export.Register","unit":"Wh"}]}]}]
INFO:ocpp:1: send [3,"acb04e75-e588-4909-a5f4-262dc2448b2b",{}]
INFO:ocpp:1: receive message [2,"d593ce54-756c-438b-861b-bd23b4985295","MeterValues",{"connectorId":1,"meterValue":[{"timestamp":"2023-03-01T15:11:53","sampledValue":[{"value":"236.4","measurand":"Voltage","unit":"V","phase":"L1"},{"value":"0.0","measurand":"Current.Export","unit":"A","phase":"L1"},{"value":"236.2","measurand":"Voltage","unit":"V","phase":"L2"},{"value":"238.0","measurand":"Current.Export","unit":"A","phase":"L2"},{"value":"2380.9","measurand":"Voltage","unit":"V","phase":"L3"},{"value":"0.0","measurand":"Current.Export","unit":"A","phase":"L1"},{"value":"13","measurand":"Temperature","unit":"Celsius"},{"value":"0","measurand":"Power.Active.Export","unit":"W"},{"value":"20381","measurand":"Energy.Active.Export.Register","unit":"Wh"}]}]}]
INFO:ocpp:1: send [3,"d593ce54-756c-438b-861b-bd23b4985295",{}]
INFO:ocpp:1: receive message [2,"af46c1b7-46fc-4af5-87e3-b33d6c0a869f","StatusNotification",{"connectorId":1,"errorCode":"NoError","status":"Available","timestamp":"2023-03-01T15:11:57"}]
INFO:ocpp:1: send [3,"af46c1b7-46fc-4af5-87e3-b33d6c0a869f",{}]
INFO:ocpp:1: receive message [2,"0aeca4cf-283e-4171-8172-099d9cec4ae2","MeterValues",{"connectorId":1,"meterValue":[{"timestamp":"2023-03-01T15:12:03","sampledValue":[{"value":"236.9","measurand":"Voltage","unit":"V","phase":"L1"},{"value":"0.0","measurand":"Current.Export","unit":"A","phase":"L1"},{"value":"236.6","measurand":"Voltage","unit":"V","phase":"L2"},{"value":"237.7","measurand":"Current.Export","unit":"A","phase":"L2"},{"value":"2377.1","measurand":"Voltage","unit":"V","phase":"L3"},{"value":"0.0","measurand":"Current.Export","unit":"A","phase":"L1"},{"value":"13","measurand":"Temperature","unit":"Celsius"},{"value":"0","measurand":"Power.Active.Export","unit":"W"},{"value":"20381","measurand":"Energy.Active.Export.Register","unit":"Wh"}]}]}]
INFO:ocpp:1: send [3,"0aeca4cf-283e-4171-8172-099d9cec4ae2",{}]
INFO:ocpp:1: receive message [2,"d023cc9a-c443-49a2-93d5-013da13561d7","MeterValues",{"connectorId":1,"meterValue":[{"timestamp":"2023-03-01T15:12:13","sampledValue":[{"value":"236.6","measurand":"Voltage","unit":"V","phase":"L1"},{"value":"0.0","measurand":"Current.Export","unit":"A","phase":"L1"},{"value":"236.1","measurand":"Voltage","unit":"V","phase":"L2"},{"value":"237.9","measurand":"Current.Export","unit":"A","phase":"L2"},{"value":"2379.6","measurand":"Voltage","unit":"V","phase":"L3"},{"value":"0.0","measurand":"Current.Export","unit":"A","phase":"L1"},{"value":"13","measurand":"Temperature","unit":"Celsius"},{"value":"0","measurand":"Power.Active.Export","unit":"W"},{"value":"20381","measurand":"Energy.Active.Export.Register","unit":"Wh"}]}]}]
INFO:ocpp:1: send [3,"d023cc9a-c443-49a2-93d5-013da13561d7",{}]
INFO:ocpp:1: receive message [2,"736804f2-178a-48ca-8af2-3e27851ae2d3","MeterValues",{"connectorId":1,"meterValue":[{"timestamp":"2023-03-01T15:12:23","sampledValue":[{"value":"236.6","measurand":"Voltage","unit":"V","phase":"L1"},{"value":"0.0","measurand":"Current.Export","unit":"A","phase":"L1"},{"value":"236.2","measurand":"Voltage","unit":"V","phase":"L2"},{"value":"237.9","measurand":"Current.Export","unit":"A","phase":"L2"},{"value":"2379.4","measurand":"Voltage","unit":"V","phase":"L3"},{"value":"0.0","measurand":"Current.Export","unit":"A","phase":"L1"},{"value":"13","measurand":"Temperature","unit":"Celsius"},{"value":"0","measurand":"Power.Active.Export","unit":"W"},{"value":"20381","measurand":"Energy.Active.Export.Register","unit":"Wh"}]}]}]
INFO:ocpp:1: send [3,"736804f2-178a-48ca-8af2-3e27851ae2d3",{}]
INFO:ocpp:1: receive message [2,"4b7ea00b-7edc-44a2-a472-7e5199212614","StatusNotification",{"connectorId":1,"errorCode":"NoError","status":"Available","timestamp":"2023-03-01T15:12:27"}]
INFO:ocpp:1: send [3,"4b7ea00b-7edc-44a2-a472-7e5199212614",{}]
INFO:ocpp:1: receive message [2,"dd716bdc-5f47-4dc2-b131-30775a77048c","MeterValues",{"connectorId":1,"meterValue":[{"timestamp":"2023-03-01T15:12:33","sampledValue":[{"value":"236.4","measurand":"Voltage","unit":"V","phase":"L1"},{"value":"0.0","measurand":"Current.Export","unit":"A","phase":"L1"},{"value":"236.0","measurand":"Voltage","unit":"V","phase":"L2"},{"value":"238.0","measurand":"Current.Export","unit":"A","phase":"L2"},{"value":"2380.7","measurand":"Voltage","unit":"V","phase":"L3"},{"value":"0.0","measurand":"Current.Export","unit":"A","phase":"L1"},{"value":"13","measurand":"Temperature","unit":"Celsius"},{"value":"0","measurand":"Power.Active.Export","unit":"W"},{"value":"20381","measurand":"Energy.Active.Export.Register","unit":"Wh"}]}]}]
INFO:ocpp:1: send [3,"dd716bdc-5f47-4dc2-b131-30775a77048c",{}]
INFO:websockets.server:connection closed
INFO:websockets.server:server listening on 10.45.2.39:9000
INFO:websockets.server:connection open
INFO:ocpp:1: receive message [2,"a81e0904-cf72-42c9-ba2a-c37f23344c11","BootNotification",{"chargePointModel":"type-2","chargePointVendor":"Teison-AC","chargePointSerialNumber":"AISEN001","firmwareVersion":"V0.0.1"}]
INFO:ocpp:1: send [3,"a81e0904-cf72-42c9-ba2a-c37f23344c11",{"currentTime":"2023-03-01T15:22:19.240687","interval":300,"status":"Accepted"}]
INFO:ocpp:1: receive message [2,"ab47f992-bc94-46a6-94cf-487c5d4c4d24","MeterValues",{"connectorId":1,"meterValue":[{"timestamp":"2023-03-01T15:22:20","sampledValue":[{"value":"236.5","measurand":"Voltage","unit":"V","phase":"L1"},{"value":"0.0","measurand":"Current.Export","unit":"A","phase":"L1"},{"value":"236.3","measurand":"Voltage","unit":"V","phase":"L2"},{"value":"237.9","measurand":"Current.Export","unit":"A","phase":"L2"},{"value":"2379.2","measurand":"Voltage","unit":"V","phase":"L3"},{"value":"0.0","measurand":"Current.Export","unit":"A","phase":"L1"},{"value":"13","measurand":"Temperature","unit":"Celsius"},{"value":"0","measurand":"Power.Active.Export","unit":"W"},{"value":"0","measurand":"Energy.Active.Export.Register","unit":"Wh"}]}]}]
INFO:ocpp:1: send [3,"ab47f992-bc94-46a6-94cf-487c5d4c4d24",{}]
INFO:ocpp:1: receive message [2,"584f959b-81da-47bb-9a04-d983f4caee3c","StatusNotification",{"connectorId":1,"errorCode":"NoError","status":"Preparing","timestamp":"2023-03-01T15:22:25"}]
INFO:ocpp:1: send [3,"584f959b-81da-47bb-9a04-d983f4caee3c",{}]
INFO:ocpp:1: receive message [2,"c9c2148b-5ce1-460e-bbe8-f1a37fe37268","MeterValues",{"connectorId":1,"meterValue":[{"timestamp":"2023-03-01T15:22:30","sampledValue":[{"value":"236.6","measurand":"Voltage","unit":"V","phase":"L1"},{"value":"0.0","measurand":"Current.Export","unit":"A","phase":"L1"},{"value":"236.6","measurand":"Voltage","unit":"V","phase":"L2"},{"value":"238.2","measurand":"Current.Export","unit":"A","phase":"L2"},{"value":"2382.7","measurand":"Voltage","unit":"V","phase":"L3"},{"value":"0.0","measurand":"Current.Export","unit":"A","phase":"L1"},{"value":"13","measurand":"Temperature","unit":"Celsius"},{"value":"0","measurand":"Power.Active.Export","unit":"W"},{"value":"0","measurand":"Energy.Active.Export.Register","unit":"Wh"}]}]}]
INFO:ocpp:1: send [3,"c9c2148b-5ce1-460e-bbe8-f1a37fe37268",{}]
INFO:ocpp:1: receive message [2,"fdd18295-8494-4dca-90a6-9a2012051622","Authorize",{"idTag":"62E783BA"}]
INFO:ocpp:1: send [3,"fdd18295-8494-4dca-90a6-9a2012051622",{"idTagInfo":{"status":"Accepted","expiryDate":"2023-03-15T20:22:19.240687"}}]
INFO:ocpp:1: receive message [2,"2149a363-d438-4b45-aacf-11ac2ef2b740","StatusNotification",{"connectorId":1,"errorCode":"NoError","status":"Preparing","timestamp":"2023-03-01T15:22:37"}]
INFO:ocpp:1: send [3,"2149a363-d438-4b45-aacf-11ac2ef2b740",{}]
INFO:ocpp:1: receive message [2,"e7ab03b0-1541-4c4a-9266-5fe93ab78077","StartTransaction",{"connectorId":1,"idTag":"62E783BA","meterStart":0,"timestamp":"2023-03-01T15:22:37"}]
INFO:ocpp:1: send [3,"e7ab03b0-1541-4c4a-9266-5fe93ab78077",{"transactionId":2,"idTagInfo":{"status":"Accepted","expiryDate":"2023-03-15T20:22:19.240687"}}]
INFO:ocpp:1: receive message [2,"8e6af1cc-2e5b-4edf-87e1-7920034f0ac4","StatusNotification",{"connectorId":1,"errorCode":"NoError","status":"Charging","timestamp":"2023-03-01T15:22:37"}]
INFO:ocpp:1: send [3,"8e6af1cc-2e5b-4edf-87e1-7920034f0ac4",{}]
INFO:ocpp:1: receive message [2,"1a5041a9-f9a2-4771-b614-7e702f1ea8e1","MeterValues",{"connectorId":1,"transactionId":2,"meterValue":[{"timestamp":"2023-03-01T15:22:40","sampledValue":[{"value":"236.6","measurand":"Voltage","unit":"V","phase":"L1"},{"value":"2.8","measurand":"Current.Export","unit":"A","phase":"L1"},{"value":"236.6","measurand":"Voltage","unit":"V","phase":"L2"},{"value":"238.1","measurand":"Current.Export","unit":"A","phase":"L2"},{"value":"2381.6","measurand":"Voltage","unit":"V","phase":"L3"},{"value":"2.8","measurand":"Current.Export","unit":"A","phase":"L1"},{"value":"13","measurand":"Temperature","unit":"Celsius"},{"value":"198","measurand":"Power.Active.Export","unit":"W"},{"value":"10","measurand":"Energy.Active.Export.Register","unit":"Wh"}]}]}]
INFO:ocpp:1: send [3,"1a5041a9-f9a2-4771-b614-7e702f1ea8e1",{}]
INFO:ocpp:1: receive message [2,"7fb81cdb-40a5-4df7-915d-11a0ccc0f620","MeterValues",{"connectorId":1,"transactionId":2,"meterValue":[{"timestamp":"2023-03-01T15:22:50","sampledValue":[{"value":"235.1","measurand":"Voltage","unit":"V","phase":"L1"},{"value":"31.4","measurand":"Current.Export","unit":"A","phase":"L1"},{"value":"236.6","measurand":"Voltage","unit":"V","phase":"L2"},{"value":"238.4","measurand":"Current.Export","unit":"A","phase":"L2"},{"value":"2384.1","measurand":"Voltage","unit":"V","phase":"L3"},{"value":"2.8","measurand":"Current.Export","unit":"A","phase":"L1"},{"value":"13","measurand":"Temperature","unit":"Celsius"},{"value":"938","measurand":"Power.Active.Export","unit":"W"},{"value":"110","measurand":"Energy.Active.Export.Register","unit":"Wh"}]}]}]
INFO:ocpp:1: send [3,"7fb81cdb-40a5-4df7-915d-11a0ccc0f620",{}]
INFO:ocpp:1: receive message [2,"25db6831-2036-4197-bd28-3c128ed445c7","MeterValues",{"connectorId":1,"transactionId":2,"meterValue":[{"timestamp":"2023-03-01T15:23:00","sampledValue":[{"value":"233.7","measurand":"Voltage","unit":"V","phase":"L1"},{"value":"104.9","measurand":"Current.Export","unit":"A","phase":"L1"},{"value":"232.8","measurand":"Voltage","unit":"V","phase":"L2"},{"value":"240.6","measurand":"Current.Export","unit":"A","phase":"L2"},{"value":"2406.4","measurand":"Voltage","unit":"V","phase":"L3"},{"value":"17.3","measurand":"Current.Export","unit":"A","phase":"L1"},{"value":"13","measurand":"Temperature","unit":"Celsius"},{"value":"5338","measurand":"Power.Active.Export","unit":"W"},{"value":"915","measurand":"Energy.Active.Export.Register","unit":"Wh"}]}]}]
INFO:ocpp:1: send [3,"25db6831-2036-4197-bd28-3c128ed445c7",{}]
INFO:ocpp:1: receive message [2,"1329a412-fdae-4b49-83fc-8c18414cc445","StatusNotification",{"connectorId":1,"errorCode":"NoError","status":"Charging","timestamp":"2023-03-01T15:23:07"}]
INFO:ocpp:1: send [3,"1329a412-fdae-4b49-83fc-8c18414cc445",{}]
INFO:ocpp:1: receive message [2,"6a86c6df-37c0-4276-87fe-92f7140a669c","MeterValues",{"connectorId":1,"transactionId":2,"meterValue":[{"timestamp":"2023-03-01T15:23:10","sampledValue":[{"value":"233.3","measurand":"Voltage","unit":"V","phase":"L1"},{"value":"159.1","measurand":"Current.Export","unit":"A","phase":"L1"},{"value":"233.0","measurand":"Voltage","unit":"V","phase":"L2"},{"value":"234.9","measurand":"Current.Export","unit":"A","phase":"L2"},{"value":"2349.6","measurand":"Voltage","unit":"V","phase":"L3"},{"value":"160.7","measurand":"Current.Export","unit":"A","phase":"L1"},{"value":"13","measurand":"Temperature","unit":"Celsius"},{"value":"11237","measurand":"Power.Active.Export","unit":"W"},{"value":"3591","measurand":"Energy.Active.Export.Register","unit":"Wh"}]}]}]
INFO:ocpp:1: send [3,"6a86c6df-37c0-4276-87fe-92f7140a669c",{}]
INFO:ocpp:1: receive message [2,"5dc1f669-34f2-4505-b2ce-f063bfdb6333","MeterValues",{"connectorId":1,"transactionId":2,"meterValue":[{"timestamp":"2023-03-01T15:23:20","sampledValue":[{"value":"234.0","measurand":"Voltage","unit":"V","phase":"L1"},{"value":"159.8","measurand":"Current.Export","unit":"A","phase":"L1"},{"value":"233.6","measurand":"Voltage","unit":"V","phase":"L2"},{"value":"235.5","measurand":"Current.Export","unit":"A","phase":"L2"},{"value":"2355.5","measurand":"Voltage","unit":"V","phase":"L3"},{"value":"161.1","measurand":"Current.Export","unit":"A","phase":"L1"},{"value":"13","measurand":"Temperature","unit":"Celsius"},{"value":"11301","measurand":"Power.Active.Export","unit":"W"},{"value":"6761","measurand":"Energy.Active.Export.Register","unit":"Wh"}]}]}]
INFO:ocpp:1: send [3,"5dc1f669-34f2-4505-b2ce-f063bfdb6333",{}]
INFO:ocpp:1: receive message [2,"b1925fbf-c42d-402a-b176-c0ac76b8cb55","MeterValues",{"connectorId":1,"transactionId":2,"meterValue":[{"timestamp":"2023-03-01T15:23:30","sampledValue":[{"value":"233.8","measurand":"Voltage","unit":"V","phase":"L1"},{"value":"158.6","measurand":"Current.Export","unit":"A","phase":"L1"},{"value":"233.3","measurand":"Voltage","unit":"V","phase":"L2"},{"value":"235.4","measurand":"Current.Export","unit":"A","phase":"L2"},{"value":"2354.7","measurand":"Voltage","unit":"V","phase":"L3"},{"value":"160.0","measurand":"Current.Export","unit":"A","phase":"L1"},{"value":"13","measurand":"Temperature","unit":"Celsius"},{"value":"11218","measurand":"Power.Active.Export","unit":"W"},{"value":"9907","measurand":"Energy.Active.Export.Register","unit":"Wh"}]}]}]
INFO:ocpp:1: send [3,"b1925fbf-c42d-402a-b176-c0ac76b8cb55",{}]
INFO:ocpp:1: receive message [2,"8282baf8-fbf7-4db9-8842-371b8f6fe1fe","StatusNotification",{"connectorId":1,"errorCode":"NoError","status":"Charging","timestamp":"2023-03-01T15:23:37"}]
INFO:ocpp:1: send [3,"8282baf8-fbf7-4db9-8842-371b8f6fe1fe",{}]
INFO:ocpp:1: receive message [2,"70c9398f-b09f-458f-8176-b4571d3cd363","StopTransaction",{"idTag":"62E783BA","meterStop":12108,"timestamp":"2023-03-01T15:23:38","transactionId":2,"reason":"Local"}]
ERROR:ocpp:Error while handling request '<Call - unique_id=70c9398f-b09f-458f-8176-b4571d3cd363, action=StopTransaction, payload={'idTag': '62E783BA', 'meterStop': 12108, 'timestamp': '2023-03-01T15:23:38', 'transactionId': 2, 'reason': 'Local'}>'
Traceback (most recent call last):
  File "/home/elite/Workplace/quanto/lib/python3.9/site-packages/mysql/connector/connection_cext.py", line 608, in cmd_query
    self._cmysql.query(
_mysql_connector.MySQLInterfaceError: Data truncated for column 'meter_stop' at row 1

The above exception was the direct cause of the following exception:

Traceback (most recent call last):
  File "/home/elite/Workplace/quanto/lib/python3.9/site-packages/ocpp/charge_point.py", line 200, in _handle_call
    response = await response
  File "/home/elite/Workplace/quanto/app.py", line 390, in on_stop_transaction
    postdb.execute(stop_charging, (meter_stop, reason, timestamp, transaction_id))
  File "/home/elite/Workplace/quanto/lib/python3.9/site-packages/mysql/connector/cursor_cext.py", line 330, in execute
    result = self._cnx.cmd_query(
  File "/home/elite/Workplace/quanto/lib/python3.9/site-packages/mysql/connector/connection_cext.py", line 616, in cmd_query
    raise get_mysql_exception(
mysql.connector.errors.DatabaseError: 1265 (01000): Data truncated for column 'meter_stop' at row 1
INFO:ocpp:1: send [4,"70c9398f-b09f-458f-8176-b4571d3cd363","InternalError","An unexpected error occurred.",{}]
INFO:ocpp:1: receive message [2,"c81d01e5-878d-43de-861c-ef017575d726","StatusNotification",{"connectorId":1,"errorCode":"NoError","status":"Finishing","timestamp":"2023-03-01T15:23:38"}]
INFO:ocpp:1: send [3,"c81d01e5-878d-43de-861c-ef017575d726",{}]
INFO:ocpp:1: receive message [2,"08a17f79-c264-4dee-967b-f2ac9be633e0","MeterValues",{"connectorId":1,"meterValue":[{"timestamp":"2023-03-01T15:23:40","sampledValue":[{"value":"237.1","measurand":"Voltage","unit":"V","phase":"L1"},{"value":"0.6","measurand":"Current.Export","unit":"A","phase":"L1"},{"value":"236.2","measurand":"Voltage","unit":"V","phase":"L2"},{"value":"238.7","measurand":"Current.Export","unit":"A","phase":"L2"},{"value":"2387.7","measurand":"Voltage","unit":"V","phase":"L3"},{"value":"0.6","measurand":"Current.Export","unit":"A","phase":"L1"},{"value":"13","measurand":"Temperature","unit":"Celsius"},{"value":"42","measurand":"Power.Active.Export","unit":"W"},{"value":"12633","measurand":"Energy.Active.Export.Register","unit":"Wh"}]}]}]
INFO:ocpp:1: send [3,"08a17f79-c264-4dee-967b-f2ac9be633e0",{}]
INFO:ocpp:1: receive message [2,"d2ab013e-2dbd-4142-92f0-a4400db44922","MeterValues",{"connectorId":1,"meterValue":[{"timestamp":"2023-03-01T15:23:50","sampledValue":[{"value":"237.3","measurand":"Voltage","unit":"V","phase":"L1"},{"value":"0.0","measurand":"Current.Export","unit":"A","phase":"L1"},{"value":"236.4","measurand":"Voltage","unit":"V","phase":"L2"},{"value":"238.8","measurand":"Current.Export","unit":"A","phase":"L2"},{"value":"2388.7","measurand":"Voltage","unit":"V","phase":"L3"},{"value":"0.0","measurand":"Current.Export","unit":"A","phase":"L1"},{"value":"13","measurand":"Temperature","unit":"Celsius"},{"value":"0","measurand":"Power.Active.Export","unit":"W"},{"value":"12639","measurand":"Energy.Active.Export.Register","unit":"Wh"}]}]}]
INFO:ocpp:1: send [3,"d2ab013e-2dbd-4142-92f0-a4400db44922",{}]
INFO:ocpp:1: receive message [2,"83d4d73e-515d-4672-a29d-73cf5174a80c","MeterValues",{"connectorId":1,"meterValue":[{"timestamp":"2023-03-01T15:24:00","sampledValue":[{"value":"236.6","measurand":"Voltage","unit":"V","phase":"L1"},{"value":"0.0","measurand":"Current.Export","unit":"A","phase":"L1"},{"value":"236.3","measurand":"Voltage","unit":"V","phase":"L2"},{"value":"239.1","measurand":"Current.Export","unit":"A","phase":"L2"},{"value":"2391.1","measurand":"Voltage","unit":"V","phase":"L3"},{"value":"0.0","measurand":"Current.Export","unit":"A","phase":"L1"},{"value":"13","measurand":"Temperature","unit":"Celsius"},{"value":"0","measurand":"Power.Active.Export","unit":"W"},{"value":"12639","measurand":"Energy.Active.Export.Register","unit":"Wh"}]}]}]
INFO:ocpp:1: send [3,"83d4d73e-515d-4672-a29d-73cf5174a80c",{}]
INFO:ocpp:1: receive message [2,"56331c99-d15e-420b-a64e-bfb4bc2151e4","StatusNotification",{"connectorId":1,"errorCode":"NoError","status":"Finishing","timestamp":"2023-03-01T15:24:08"}]
INFO:ocpp:1: send [3,"56331c99-d15e-420b-a64e-bfb4bc2151e4",{}]
INFO:ocpp:1: receive message [2,"b9d782eb-7d54-41f6-ae8d-77873fb2f78b","MeterValues",{"connectorId":1,"meterValue":[{"timestamp":"2023-03-01T15:24:10","sampledValue":[{"value":"237.1","measurand":"Voltage","unit":"V","phase":"L1"},{"value":"0.0","measurand":"Current.Export","unit":"A","phase":"L1"},{"value":"236.3","measurand":"Voltage","unit":"V","phase":"L2"},{"value":"238.8","measurand":"Current.Export","unit":"A","phase":"L2"},{"value":"2388.6","measurand":"Voltage","unit":"V","phase":"L3"},{"value":"0.0","measurand":"Current.Export","unit":"A","phase":"L1"},{"value":"13","measurand":"Temperature","unit":"Celsius"},{"value":"0","measurand":"Power.Active.Export","unit":"W"},{"value":"12639","measurand":"Energy.Active.Export.Register","unit":"Wh"}]}]}]
INFO:ocpp:1: send [3,"b9d782eb-7d54-41f6-ae8d-77873fb2f78b",{}]
INFO:ocpp:1: receive message [2,"4685aed7-0f9b-4d04-9445-24349da881be","MeterValues",{"connectorId":1,"meterValue":[{"timestamp":"2023-03-01T15:24:20","sampledValue":[{"value":"237.1","measurand":"Voltage","unit":"V","phase":"L1"},{"value":"0.0","measurand":"Current.Export","unit":"A","phase":"L1"},{"value":"236.4","measurand":"Voltage","unit":"V","phase":"L2"},{"value":"238.9","measurand":"Current.Export","unit":"A","phase":"L2"},{"value":"2389.0","measurand":"Voltage","unit":"V","phase":"L3"},{"value":"0.0","measurand":"Current.Export","unit":"A","phase":"L1"},{"value":"13","measurand":"Temperature","unit":"Celsius"},{"value":"0","measurand":"Power.Active.Export","unit":"W"},{"value":"12639","measurand":"Energy.Active.Export.Register","unit":"Wh"}]}]}]
INFO:ocpp:1: send [3,"4685aed7-0f9b-4d04-9445-24349da881be",{}]
INFO:ocpp:1: receive message [2,"9f2d53bb-7581-4c05-a2cf-05d17ca27672","MeterValues",{"connectorId":1,"meterValue":[{"timestamp":"2023-03-01T15:24:30","sampledValue":[{"value":"237.1","measurand":"Voltage","unit":"V","phase":"L1"},{"value":"0.0","measurand":"Current.Export","unit":"A","phase":"L1"},{"value":"235.6","measurand":"Voltage","unit":"V","phase":"L2"},{"value":"238.5","measurand":"Current.Export","unit":"A","phase":"L2"},{"value":"2385.6","measurand":"Voltage","unit":"V","phase":"L3"},{"value":"0.0","measurand":"Current.Export","unit":"A","phase":"L1"},{"value":"13","measurand":"Temperature","unit":"Celsius"},{"value":"0","measurand":"Power.Active.Export","unit":"W"},{"value":"12639","measurand":"Energy.Active.Export.Register","unit":"Wh"}]}]}]
INFO:ocpp:1: send [3,"9f2d53bb-7581-4c05-a2cf-05d17ca27672",{}]
INFO:ocpp:1: receive message [2,"c0e71536-0d49-409e-9331-c6d283824cf0","StatusNotification",{"connectorId":1,"errorCode":"NoError","status":"Finishing","timestamp":"2023-03-01T15:24:38"}]
INFO:ocpp:1: send [3,"c0e71536-0d49-409e-9331-c6d283824cf0",{}]
INFO:ocpp:1: receive message [2,"16469ed9-d486-4aa7-bb30-f3f391169e87","MeterValues",{"connectorId":1,"meterValue":[{"timestamp":"2023-03-01T15:24:40","sampledValue":[{"value":"237.1","measurand":"Voltage","unit":"V","phase":"L1"},{"value":"0.0","measurand":"Current.Export","unit":"A","phase":"L1"},{"value":"235.6","measurand":"Voltage","unit":"V","phase":"L2"},{"value":"238.5","measurand":"Current.Export","unit":"A","phase":"L2"},{"value":"2385.6","measurand":"Voltage","unit":"V","phase":"L3"},{"value":"0.0","measurand":"Current.Export","unit":"A","phase":"L1"},{"value":"13","measurand":"Temperature","unit":"Celsius"},{"value":"0","measurand":"Power.Active.Export","unit":"W"},{"value":"12639","measurand":"Energy.Active.Export.Register","unit":"Wh"}]}]}]
INFO:ocpp:1: send [3,"16469ed9-d486-4aa7-bb30-f3f391169e87",{}]
INFO:ocpp:1: receive message [2,"94cfe3dc-53d4-47d5-a366-ea673de5ea84","MeterValues",{"connectorId":1,"meterValue":[{"timestamp":"2023-03-01T15:24:50","sampledValue":[{"value":"237.2","measurand":"Voltage","unit":"V","phase":"L1"},{"value":"0.0","measurand":"Current.Export","unit":"A","phase":"L1"},{"value":"235.4","measurand":"Voltage","unit":"V","phase":"L2"},{"value":"238.5","measurand":"Current.Export","unit":"A","phase":"L2"},{"value":"2385.3","measurand":"Voltage","unit":"V","phase":"L3"},{"value":"0.0","measurand":"Current.Export","unit":"A","phase":"L1"},{"value":"13","measurand":"Temperature","unit":"Celsius"},{"value":"0","measurand":"Power.Active.Export","unit":"W"},{"value":"12639","measurand":"Energy.Active.Export.Register","unit":"Wh"}]}]}]
INFO:ocpp:1: send [3,"94cfe3dc-53d4-47d5-a366-ea673de5ea84",{}]
INFO:ocpp:1: receive message [2,"32c325dd-7a6c-4280-907d-dc93a273df37","MeterValues",{"connectorId":1,"meterValue":[{"timestamp":"2023-03-01T15:25:00","sampledValue":[{"value":"237.5","measurand":"Voltage","unit":"V","phase":"L1"},{"value":"0.0","measurand":"Current.Export","unit":"A","phase":"L1"},{"value":"235.7","measurand":"Voltage","unit":"V","phase":"L2"},{"value":"238.8","measurand":"Current.Export","unit":"A","phase":"L2"},{"value":"2388.4","measurand":"Voltage","unit":"V","phase":"L3"},{"value":"0.0","measurand":"Current.Export","unit":"A","phase":"L1"},{"value":"13","measurand":"Temperature","unit":"Celsius"},{"value":"0","measurand":"Power.Active.Export","unit":"W"},{"value":"12639","measurand":"Energy.Active.Export.Register","unit":"Wh"}]}]}]
INFO:ocpp:1: send [3,"32c325dd-7a6c-4280-907d-dc93a273df37",{}]
INFO:ocpp:1: receive message [2,"c7645d70-9877-44dd-94b4-77c7dcf9e2b1","StatusNotification",{"connectorId":1,"errorCode":"NoError","status":"Finishing","timestamp":"2023-03-01T15:25:08"}]
INFO:ocpp:1: send [3,"c7645d70-9877-44dd-94b4-77c7dcf9e2b1",{}]
INFO:ocpp:1: receive message [2,"7617d3e7-367a-4156-9800-b6db2e57e1ee","MeterValues",{"connectorId":1,"meterValue":[{"timestamp":"2023-03-01T15:25:10","sampledValue":[{"value":"237.5","measurand":"Voltage","unit":"V","phase":"L1"},{"value":"0.0","measurand":"Current.Export","unit":"A","phase":"L1"},{"value":"235.9","measurand":"Voltage","unit":"V","phase":"L2"},{"value":"238.8","measurand":"Current.Export","unit":"A","phase":"L2"},{"value":"2388.4","measurand":"Voltage","unit":"V","phase":"L3"},{"value":"0.0","measurand":"Current.Export","unit":"A","phase":"L1"},{"value":"13","measurand":"Temperature","unit":"Celsius"},{"value":"0","measurand":"Power.Active.Export","unit":"W"},{"value":"12639","measurand":"Energy.Active.Export.Register","unit":"Wh"}]}]}]
INFO:ocpp:1: send [3,"7617d3e7-367a-4156-9800-b6db2e57e1ee",{}]
INFO:ocpp:1: receive message [2,"a79f9fd6-ac6a-46c7-8e94-d8fda53a7369","MeterValues",{"connectorId":1,"meterValue":[{"timestamp":"2023-03-01T15:25:20","sampledValue":[{"value":"236.9","measurand":"Voltage","unit":"V","phase":"L1"},{"value":"0.0","measurand":"Current.Export","unit":"A","phase":"L1"},{"value":"236.1","measurand":"Voltage","unit":"V","phase":"L2"},{"value":"238.5","measurand":"Current.Export","unit":"A","phase":"L2"},{"value":"2385.3","measurand":"Voltage","unit":"V","phase":"L3"},{"value":"0.0","measurand":"Current.Export","unit":"A","phase":"L1"},{"value":"13","measurand":"Temperature","unit":"Celsius"},{"value":"0","measurand":"Power.Active.Export","unit":"W"},{"value":"12639","measurand":"Energy.Active.Export.Register","unit":"Wh"}]}]}]
INFO:ocpp:1: send [3,"a79f9fd6-ac6a-46c7-8e94-d8fda53a7369",{}]
INFO:ocpp:1: receive message [2,"9e641e46-75ca-42ce-be20-5b9a7819bb81","MeterValues",{"connectorId":1,"meterValue":[{"timestamp":"2023-03-01T15:25:30","sampledValue":[{"value":"237.1","measurand":"Voltage","unit":"V","phase":"L1"},{"value":"0.0","measurand":"Current.Export","unit":"A","phase":"L1"},{"value":"236.1","measurand":"Voltage","unit":"V","phase":"L2"},{"value":"239.0","measurand":"Current.Export","unit":"A","phase":"L2"},{"value":"2390.8","measurand":"Voltage","unit":"V","phase":"L3"},{"value":"0.0","measurand":"Current.Export","unit":"A","phase":"L1"},{"value":"13","measurand":"Temperature","unit":"Celsius"},{"value":"0","measurand":"Power.Active.Export","unit":"W"},{"value":"12639","measurand":"Energy.Active.Export.Register","unit":"Wh"}]}]}]
INFO:ocpp:1: send [3,"9e641e46-75ca-42ce-be20-5b9a7819bb81",{}]
INFO:ocpp:1: receive message [2,"dfca54c2-cb6e-468e-88de-6fbef94e9218","StatusNotification",{"connectorId":1,"errorCode":"NoError","status":"Finishing","timestamp":"2023-03-01T15:25:38"}]
INFO:ocpp:1: send [3,"dfca54c2-cb6e-468e-88de-6fbef94e9218",{}]
INFO:ocpp:1: receive message [2,"255b3282-88e5-4b0f-9740-f45b75c237ad","MeterValues",{"connectorId":1,"meterValue":[{"timestamp":"2023-03-01T15:25:40","sampledValue":[{"value":"237.5","measurand":"Voltage","unit":"V","phase":"L1"},{"value":"0.0","measurand":"Current.Export","unit":"A","phase":"L1"},{"value":"235.9","measurand":"Voltage","unit":"V","phase":"L2"},{"value":"238.7","measurand":"Current.Export","unit":"A","phase":"L2"},{"value":"2387.5","measurand":"Voltage","unit":"V","phase":"L3"},{"value":"0.0","measurand":"Current.Export","unit":"A","phase":"L1"},{"value":"13","measurand":"Temperature","unit":"Celsius"},{"value":"0","measurand":"Power.Active.Export","unit":"W"},{"value":"12639","measurand":"Energy.Active.Export.Register","unit":"Wh"}]}]}]
INFO:ocpp:1: send [3,"255b3282-88e5-4b0f-9740-f45b75c237ad",{}]
INFO:ocpp:1: receive message [2,"5b34174c-702c-489d-bb0a-a09328fd9046","MeterValues",{"connectorId":1,"meterValue":[{"timestamp":"2023-03-01T15:25:50","sampledValue":[{"value":"237.2","measurand":"Voltage","unit":"V","phase":"L1"},{"value":"0.0","measurand":"Current.Export","unit":"A","phase":"L1"},{"value":"236.1","measurand":"Voltage","unit":"V","phase":"L2"},{"value":"238.5","measurand":"Current.Export","unit":"A","phase":"L2"},{"value":"2385.3","measurand":"Voltage","unit":"V","phase":"L3"},{"value":"0.0","measurand":"Current.Export","unit":"A","phase":"L1"},{"value":"13","measurand":"Temperature","unit":"Celsius"},{"value":"0","measurand":"Power.Active.Export","unit":"W"},{"value":"12639","measurand":"Energy.Active.Export.Register","unit":"Wh"}]}]}]
INFO:ocpp:1: send [3,"5b34174c-702c-489d-bb0a-a09328fd9046",{}]
INFO:ocpp:1: receive message [2,"e77a84d3-fb7f-4dd6-a775-b00f924f9119","MeterValues",{"connectorId":1,"meterValue":[{"timestamp":"2023-03-01T15:26:00","sampledValue":[{"value":"236.9","measurand":"Voltage","unit":"V","phase":"L1"},{"value":"0.0","measurand":"Current.Export","unit":"A","phase":"L1"},{"value":"236.2","measurand":"Voltage","unit":"V","phase":"L2"},{"value":"238.4","measurand":"Current.Export","unit":"A","phase":"L2"},{"value":"2384.6","measurand":"Voltage","unit":"V","phase":"L3"},{"value":"0.0","measurand":"Current.Export","unit":"A","phase":"L1"},{"value":"13","measurand":"Temperature","unit":"Celsius"},{"value":"0","measurand":"Power.Active.Export","unit":"W"},{"value":"12639","measurand":"Energy.Active.Export.Register","unit":"Wh"}]}]}]
INFO:ocpp:1: send [3,"e77a84d3-fb7f-4dd6-a775-b00f924f9119",{}]
INFO:ocpp:1: receive message [2,"b424cda8-64fb-4a5e-9cc4-43c3764db7ab","StatusNotification",{"connectorId":1,"errorCode":"NoError","status":"Finishing","timestamp":"2023-03-01T15:26:08"}]
INFO:ocpp:1: send [3,"b424cda8-64fb-4a5e-9cc4-43c3764db7ab",{}]
INFO:ocpp:1: receive message [2,"eba931bc-7367-4e7a-99fb-bae102f7eccc","MeterValues",{"connectorId":1,"meterValue":[{"timestamp":"2023-03-01T15:26:10","sampledValue":[{"value":"237.0","measurand":"Voltage","unit":"V","phase":"L1"},{"value":"0.0","measurand":"Current.Export","unit":"A","phase":"L1"},{"value":"236.3","measurand":"Voltage","unit":"V","phase":"L2"},{"value":"238.5","measurand":"Current.Export","unit":"A","phase":"L2"},{"value":"2385.5","measurand":"Voltage","unit":"V","phase":"L3"},{"value":"0.0","measurand":"Current.Export","unit":"A","phase":"L1"},{"value":"13","measurand":"Temperature","unit":"Celsius"},{"value":"0","measurand":"Power.Active.Export","unit":"W"},{"value":"12639","measurand":"Energy.Active.Export.Register","unit":"Wh"}]}]}]
INFO:ocpp:1: send [3,"eba931bc-7367-4e7a-99fb-bae102f7eccc",{}]
INFO:ocpp:1: receive message [2,"26d99d2f-7e75-444b-b998-10ce2467dd31","MeterValues",{"connectorId":1,"meterValue":[{"timestamp":"2023-03-01T15:26:20","sampledValue":[{"value":"237.4","measurand":"Voltage","unit":"V","phase":"L1"},{"value":"0.0","measurand":"Current.Export","unit":"A","phase":"L1"},{"value":"236.6","measurand":"Voltage","unit":"V","phase":"L2"},{"value":"238.9","measurand":"Current.Export","unit":"A","phase":"L2"},{"value":"2389.5","measurand":"Voltage","unit":"V","phase":"L3"},{"value":"0.0","measurand":"Current.Export","unit":"A","phase":"L1"},{"value":"13","measurand":"Temperature","unit":"Celsius"},{"value":"0","measurand":"Power.Active.Export","unit":"W"},{"value":"12639","measurand":"Energy.Active.Export.Register","unit":"Wh"}]}]}]
INFO:ocpp:1: send [3,"26d99d2f-7e75-444b-b998-10ce2467dd31",{}]
INFO:ocpp:1: receive message [2,"e807e079-c28b-49a9-a7a3-9fa3f2790a66","MeterValues",{"connectorId":1,"meterValue":[{"timestamp":"2023-03-01T15:26:30","sampledValue":[{"value":"237.0","measurand":"Voltage","unit":"V","phase":"L1"},{"value":"0.0","measurand":"Current.Export","unit":"A","phase":"L1"},{"value":"236.3","measurand":"Voltage","unit":"V","phase":"L2"},{"value":"238.6","measurand":"Current.Export","unit":"A","phase":"L2"},{"value":"2386.0","measurand":"Voltage","unit":"V","phase":"L3"},{"value":"0.0","measurand":"Current.Export","unit":"A","phase":"L1"},{"value":"13","measurand":"Temperature","unit":"Celsius"},{"value":"0","measurand":"Power.Active.Export","unit":"W"},{"value":"12639","measurand":"Energy.Active.Export.Register","unit":"Wh"}]}]}]
INFO:ocpp:1: send [3,"e807e079-c28b-49a9-a7a3-9fa3f2790a66",{}]
INFO:websockets.server:connection closed
INFO:websockets.server:server listening on 10.45.2.39:9000
INFO:websockets.server:connection open
INFO:ocpp:1: receive message [2,"281bbb1f-dd98-4799-b393-5b55f1a836cd","BootNotification",{"chargePointModel":"type-2","chargePointVendor":"Teison-AC","chargePointSerialNumber":"AISEN001","firmwareVersion":"V0.0.1"}]
INFO:ocpp:1: send [3,"281bbb1f-dd98-4799-b393-5b55f1a836cd",{"currentTime":"2023-03-01T15:38:29.014647","interval":300,"status":"Accepted"}]
INFO:ocpp:1: receive message [2,"87dc8f1e-2b10-4b68-a19f-1d058ea73da8","MeterValues",{"connectorId":1,"meterValue":[{"timestamp":"2023-03-01T15:38:31","sampledValue":[{"value":"237.2","measurand":"Voltage","unit":"V","phase":"L1"},{"value":"0.0","measurand":"Current.Export","unit":"A","phase":"L1"},{"value":"236.1","measurand":"Voltage","unit":"V","phase":"L2"},{"value":"238.3","measurand":"Current.Export","unit":"A","phase":"L2"},{"value":"2383.9","measurand":"Voltage","unit":"V","phase":"L3"},{"value":"0.0","measurand":"Current.Export","unit":"A","phase":"L1"},{"value":"13","measurand":"Temperature","unit":"Celsius"},{"value":"0","measurand":"Power.Active.Export","unit":"W"},{"value":"0","measurand":"Energy.Active.Export.Register","unit":"Wh"}]}]}]
INFO:ocpp:1: send [3,"87dc8f1e-2b10-4b68-a19f-1d058ea73da8",{}]
INFO:ocpp:1: receive message [2,"705f5003-2c6b-43d8-b30d-206c8a1167f7","StatusNotification",{"connectorId":1,"errorCode":"NoError","status":"Preparing","timestamp":"2023-03-01T15:38:38"}]
INFO:ocpp:1: send [3,"705f5003-2c6b-43d8-b30d-206c8a1167f7",{}]
INFO:ocpp:1: receive message [2,"a5ab674c-3850-44a3-8029-6f794b4b9ef9","MeterValues",{"connectorId":1,"meterValue":[{"timestamp":"2023-03-01T15:38:41","sampledValue":[{"value":"236.8","measurand":"Voltage","unit":"V","phase":"L1"},{"value":"0.0","measurand":"Current.Export","unit":"A","phase":"L1"},{"value":"236.3","measurand":"Voltage","unit":"V","phase":"L2"},{"value":"238.5","measurand":"Current.Export","unit":"A","phase":"L2"},{"value":"2385.9","measurand":"Voltage","unit":"V","phase":"L3"},{"value":"0.0","measurand":"Current.Export","unit":"A","phase":"L1"},{"value":"13","measurand":"Temperature","unit":"Celsius"},{"value":"0","measurand":"Power.Active.Export","unit":"W"},{"value":"0","measurand":"Energy.Active.Export.Register","unit":"Wh"}]}]}]
INFO:ocpp:1: send [3,"a5ab674c-3850-44a3-8029-6f794b4b9ef9",{}]
INFO:ocpp:1: receive message [2,"1d275808-714e-4387-b36e-f64b5ced8ca5","Authorize",{"idTag":"62E783BA"}]
INFO:ocpp:1: send [3,"1d275808-714e-4387-b36e-f64b5ced8ca5",{"idTagInfo":{"status":"Accepted","expiryDate":"2023-03-15T20:38:29.014647"}}]
INFO:ocpp:1: receive message [2,"d9d20f05-5cb0-4157-8da8-ad2f949f3143","StatusNotification",{"connectorId":1,"errorCode":"NoError","status":"Preparing","timestamp":"2023-03-01T15:38:48"}]
INFO:ocpp:1: send [3,"d9d20f05-5cb0-4157-8da8-ad2f949f3143",{}]
INFO:ocpp:1: receive message [2,"f26651f3-589e-4ebd-b2f9-56d8165a785a","StartTransaction",{"connectorId":1,"idTag":"62E783BA","meterStart":0,"timestamp":"2023-03-01T15:38:49"}]
INFO:ocpp:1: send [3,"f26651f3-589e-4ebd-b2f9-56d8165a785a",{"transactionId":3,"idTagInfo":{"status":"Accepted","expiryDate":"2023-03-15T20:38:29.014647"}}]
INFO:ocpp:1: receive message [2,"434ab4d3-10ae-4d44-a10b-fd8b270496ae","StatusNotification",{"connectorId":1,"errorCode":"NoError","status":"Charging","timestamp":"2023-03-01T15:38:49"}]
INFO:ocpp:1: send [3,"434ab4d3-10ae-4d44-a10b-fd8b270496ae",{}]
INFO:ocpp:1: receive message [2,"1ef43f98-a804-4a2b-83be-b1a261605a91","MeterValues",{"connectorId":1,"transactionId":3,"meterValue":[{"timestamp":"2023-03-01T15:38:51","sampledValue":[{"value":"237.1","measurand":"Voltage","unit":"V","phase":"L1"},{"value":"2.8","measurand":"Current.Export","unit":"A","phase":"L1"},{"value":"236.3","measurand":"Voltage","unit":"V","phase":"L2"},{"value":"238.1","measurand":"Current.Export","unit":"A","phase":"L2"},{"value":"2381.5","measurand":"Voltage","unit":"V","phase":"L3"},{"value":"2.8","measurand":"Current.Export","unit":"A","phase":"L1"},{"value":"13","measurand":"Temperature","unit":"Celsius"},{"value":"198","measurand":"Power.Active.Export","unit":"W"},{"value":"7","measurand":"Energy.Active.Export.Register","unit":"Wh"}]}]}]
INFO:ocpp:1: send [3,"1ef43f98-a804-4a2b-83be-b1a261605a91",{}]
INFO:ocpp:1: receive message [2,"044856af-4eca-4254-a396-34abe73c4c1f","StopTransaction",{"idTag":"62E783BA","meterStop":82,"timestamp":"2023-03-01T15:39:00","transactionId":3,"reason":"Local"}]
ERROR:ocpp:Error while handling request '<Call - unique_id=044856af-4eca-4254-a396-34abe73c4c1f, action=StopTransaction, payload={'idTag': '62E783BA', 'meterStop': 82, 'timestamp': '2023-03-01T15:39:00', 'transactionId': 3, 'reason': 'Local'}>'
Traceback (most recent call last):
  File "/home/elite/Workplace/quanto/lib/python3.9/site-packages/mysql/connector/connection_cext.py", line 608, in cmd_query
    self._cmysql.query(
_mysql_connector.MySQLInterfaceError: Data truncated for column 'meter_stop' at row 1

The above exception was the direct cause of the following exception:

Traceback (most recent call last):
  File "/home/elite/Workplace/quanto/lib/python3.9/site-packages/ocpp/charge_point.py", line 200, in _handle_call
    response = await response
  File "/home/elite/Workplace/quanto/app.py", line 390, in on_stop_transaction
    postdb.execute(stop_charging, (meter_stop, reason, timestamp, transaction_id))
  File "/home/elite/Workplace/quanto/lib/python3.9/site-packages/mysql/connector/cursor_cext.py", line 330, in execute
    result = self._cnx.cmd_query(
  File "/home/elite/Workplace/quanto/lib/python3.9/site-packages/mysql/connector/connection_cext.py", line 616, in cmd_query
    raise get_mysql_exception(
mysql.connector.errors.DatabaseError: 1265 (01000): Data truncated for column 'meter_stop' at row 1
INFO:ocpp:1: send [4,"044856af-4eca-4254-a396-34abe73c4c1f","InternalError","An unexpected error occurred.",{}]
INFO:ocpp:1: receive message [2,"20f31352-58c7-4975-8100-88e7adef143c","StatusNotification",{"connectorId":1,"errorCode":"NoError","status":"Finishing","timestamp":"2023-03-01T15:39:00"}]
INFO:ocpp:1: send [3,"20f31352-58c7-4975-8100-88e7adef143c",{}]
INFO:ocpp:1: receive message [2,"ccd6df3a-b7cf-41b3-8dee-8fa6e9c020fa","MeterValues",{"connectorId":1,"meterValue":[{"timestamp":"2023-03-01T15:39:01","sampledValue":[{"value":"236.4","measurand":"Voltage","unit":"V","phase":"L1"},{"value":"18.9","measurand":"Current.Export","unit":"A","phase":"L1"},{"value":"236.4","measurand":"Voltage","unit":"V","phase":"L2"},{"value":"238.3","measurand":"Current.Export","unit":"A","phase":"L2"},{"value":"2383.2","measurand":"Voltage","unit":"V","phase":"L3"},{"value":"2.1","measurand":"Current.Export","unit":"A","phase":"L1"},{"value":"13","measurand":"Temperature","unit":"Celsius"},{"value":"578","measurand":"Power.Active.Export","unit":"W"},{"value":"100","measurand":"Energy.Active.Export.Register","unit":"Wh"}]}]}]
INFO:ocpp:1: send [3,"ccd6df3a-b7cf-41b3-8dee-8fa6e9c020fa",{}]
INFO:ocpp:1: receive message [2,"c8e3d128-e9b9-4ee7-88da-074c70005aef","MeterValues",{"connectorId":1,"meterValue":[{"timestamp":"2023-03-01T15:39:11","sampledValue":[{"value":"237.0","measurand":"Voltage","unit":"V","phase":"L1"},{"value":"0.0","measurand":"Current.Export","unit":"A","phase":"L1"},{"value":"236.1","measurand":"Voltage","unit":"V","phase":"L2"},{"value":"238.0","measurand":"Current.Export","unit":"A","phase":"L2"},{"value":"2380.7","measurand":"Voltage","unit":"V","phase":"L3"},{"value":"0.0","measurand":"Current.Export","unit":"A","phase":"L1"},{"value":"13","measurand":"Temperature","unit":"Celsius"},{"value":"0","measurand":"Power.Active.Export","unit":"W"},{"value":"111","measurand":"Energy.Active.Export.Register","unit":"Wh"}]}]}]
INFO:ocpp:1: send [3,"c8e3d128-e9b9-4ee7-88da-074c70005aef",{}]
INFO:ocpp:1: receive message [2,"fe1c66b9-18d5-44f6-a55a-a455ecf44b10","MeterValues",{"connectorId":1,"meterValue":[{"timestamp":"2023-03-01T15:39:21","sampledValue":[{"value":"237.5","measurand":"Voltage","unit":"V","phase":"L1"},{"value":"0.0","measurand":"Current.Export","unit":"A","phase":"L1"},{"value":"235.5","measurand":"Voltage","unit":"V","phase":"L2"},{"value":"238.0","measurand":"Current.Export","unit":"A","phase":"L2"},{"value":"2380.7","measurand":"Voltage","unit":"V","phase":"L3"},{"value":"0.0","measurand":"Current.Export","unit":"A","phase":"L1"},{"value":"12","measurand":"Temperature","unit":"Celsius"},{"value":"0","measurand":"Power.Active.Export","unit":"W"},{"value":"111","measurand":"Energy.Active.Export.Register","unit":"Wh"}]}]}]
INFO:ocpp:1: send [3,"fe1c66b9-18d5-44f6-a55a-a455ecf44b10",{}]
INFO:ocpp:1: receive message [2,"92e07663-fc74-47e0-bae5-94ab40140b48","StatusNotification",{"connectorId":1,"errorCode":"NoError","status":"Finishing","timestamp":"2023-03-01T15:39:30"}]
INFO:ocpp:1: send [3,"92e07663-fc74-47e0-bae5-94ab40140b48",{}]
INFO:ocpp:1: receive message [2,"51c764f5-4aeb-4943-a385-8c91e9e6183e","MeterValues",{"connectorId":1,"meterValue":[{"timestamp":"2023-03-01T15:39:31","sampledValue":[{"value":"237.4","measurand":"Voltage","unit":"V","phase":"L1"},{"value":"0.0","measurand":"Current.Export","unit":"A","phase":"L1"},{"value":"235.4","measurand":"Voltage","unit":"V","phase":"L2"},{"value":"238.0","measurand":"Current.Export","unit":"A","phase":"L2"},{"value":"2380.5","measurand":"Voltage","unit":"V","phase":"L3"},{"value":"0.0","measurand":"Current.Export","unit":"A","phase":"L1"},{"value":"13","measurand":"Temperature","unit":"Celsius"},{"value":"0","measurand":"Power.Active.Export","unit":"W"},{"value":"111","measurand":"Energy.Active.Export.Register","unit":"Wh"}]}]}]
INFO:ocpp:1: send [3,"51c764f5-4aeb-4943-a385-8c91e9e6183e",{}]
INFO:ocpp:1: receive message [2,"ef128776-da72-4396-ab93-0a7b98fde14a","MeterValues",{"connectorId":1,"meterValue":[{"timestamp":"2023-03-01T15:39:41","sampledValue":[{"value":"237.5","measurand":"Voltage","unit":"V","phase":"L1"},{"value":"0.0","measurand":"Current.Export","unit":"A","phase":"L1"},{"value":"235.4","measurand":"Voltage","unit":"V","phase":"L2"},{"value":"238.0","measurand":"Current.Export","unit":"A","phase":"L2"},{"value":"2380.8","measurand":"Voltage","unit":"V","phase":"L3"},{"value":"0.0","measurand":"Current.Export","unit":"A","phase":"L1"},{"value":"13","measurand":"Temperature","unit":"Celsius"},{"value":"0","measurand":"Power.Active.Export","unit":"W"},{"value":"111","measurand":"Energy.Active.Export.Register","unit":"Wh"}]}]}]
INFO:ocpp:1: send [3,"ef128776-da72-4396-ab93-0a7b98fde14a",{}]
INFO:ocpp:1: receive message [2,"d7f7b1cd-0e01-4c76-b5ee-58e53ae76bde","MeterValues",{"connectorId":1,"meterValue":[{"timestamp":"2023-03-01T15:39:51","sampledValue":[{"value":"237.6","measurand":"Voltage","unit":"V","phase":"L1"},{"value":"0.0","measurand":"Current.Export","unit":"A","phase":"L1"},{"value":"235.5","measurand":"Voltage","unit":"V","phase":"L2"},{"value":"238.2","measurand":"Current.Export","unit":"A","phase":"L2"},{"value":"2382.3","measurand":"Voltage","unit":"V","phase":"L3"},{"value":"0.0","measurand":"Current.Export","unit":"A","phase":"L1"},{"value":"13","measurand":"Temperature","unit":"Celsius"},{"value":"0","measurand":"Power.Active.Export","unit":"W"},{"value":"111","measurand":"Energy.Active.Export.Register","unit":"Wh"}]}]}]
INFO:ocpp:1: send [3,"d7f7b1cd-0e01-4c76-b5ee-58e53ae76bde",{}]
INFO:ocpp:1: receive message [2,"bfaceec0-dc71-4adf-a1bf-d961f774ef6d","StatusNotification",{"connectorId":1,"errorCode":"NoError","status":"Finishing","timestamp":"2023-03-01T15:40:00"}]
INFO:ocpp:1: send [3,"bfaceec0-dc71-4adf-a1bf-d961f774ef6d",{}]
INFO:ocpp:1: receive message [2,"5eef138f-66ad-4e6d-8515-be972a4fa4a5","MeterValues",{"connectorId":1,"meterValue":[{"timestamp":"2023-03-01T15:40:01","sampledValue":[{"value":"237.7","measurand":"Voltage","unit":"V","phase":"L1"},{"value":"0.0","measurand":"Current.Export","unit":"A","phase":"L1"},{"value":"235.7","measurand":"Voltage","unit":"V","phase":"L2"},{"value":"238.3","measurand":"Current.Export","unit":"A","phase":"L2"},{"value":"2383.5","measurand":"Voltage","unit":"V","phase":"L3"},{"value":"0.0","measurand":"Current.Export","unit":"A","phase":"L1"},{"value":"12","measurand":"Temperature","unit":"Celsius"},{"value":"0","measurand":"Power.Active.Export","unit":"W"},{"value":"111","measurand":"Energy.Active.Export.Register","unit":"Wh"}]}]}]
INFO:ocpp:1: send [3,"5eef138f-66ad-4e6d-8515-be972a4fa4a5",{}]
INFO:ocpp:1: receive message [2,"db0a9b65-781c-4476-845d-07e76a906503","MeterValues",{"connectorId":1,"meterValue":[{"timestamp":"2023-03-01T15:40:11","sampledValue":[{"value":"237.2","measurand":"Voltage","unit":"V","phase":"L1"},{"value":"0.0","measurand":"Current.Export","unit":"A","phase":"L1"},{"value":"236.4","measurand":"Voltage","unit":"V","phase":"L2"},{"value":"238.1","measurand":"Current.Export","unit":"A","phase":"L2"},{"value":"2381.3","measurand":"Voltage","unit":"V","phase":"L3"},{"value":"0.0","measurand":"Current.Export","unit":"A","phase":"L1"},{"value":"12","measurand":"Temperature","unit":"Celsius"},{"value":"0","measurand":"Power.Active.Export","unit":"W"},{"value":"111","measurand":"Energy.Active.Export.Register","unit":"Wh"}]}]}]
INFO:ocpp:1: send [3,"db0a9b65-781c-4476-845d-07e76a906503",{}]
INFO:ocpp:1: receive message [2,"4bd818bc-8d3f-4c05-9558-ac4b74dfa981","MeterValues",{"connectorId":1,"meterValue":[{"timestamp":"2023-03-01T15:40:21","sampledValue":[{"value":"237.0","measurand":"Voltage","unit":"V","phase":"L1"},{"value":"0.0","measurand":"Current.Export","unit":"A","phase":"L1"},{"value":"236.2","measurand":"Voltage","unit":"V","phase":"L2"},{"value":"237.9","measurand":"Current.Export","unit":"A","phase":"L2"},{"value":"2379.7","measurand":"Voltage","unit":"V","phase":"L3"},{"value":"0.0","measurand":"Current.Export","unit":"A","phase":"L1"},{"value":"12","measurand":"Temperature","unit":"Celsius"},{"value":"0","measurand":"Power.Active.Export","unit":"W"},{"value":"111","measurand":"Energy.Active.Export.Register","unit":"Wh"}]}]}]
INFO:ocpp:1: send [3,"4bd818bc-8d3f-4c05-9558-ac4b74dfa981",{}]
INFO:ocpp:1: receive message [2,"4185d2b6-1050-4426-b51d-5c6802a82fcd","StatusNotification",{"connectorId":1,"errorCode":"NoError","status":"Finishing","timestamp":"2023-03-01T15:40:30"}]
INFO:ocpp:1: send [3,"4185d2b6-1050-4426-b51d-5c6802a82fcd",{}]
INFO:ocpp:1: receive message [2,"cfd8ce21-1777-4caf-bc08-d5162488f58f","MeterValues",{"connectorId":1,"meterValue":[{"timestamp":"2023-03-01T15:40:31","sampledValue":[{"value":"236.9","measurand":"Voltage","unit":"V","phase":"L1"},{"value":"0.0","measurand":"Current.Export","unit":"A","phase":"L1"},{"value":"236.2","measurand":"Voltage","unit":"V","phase":"L2"},{"value":"237.8","measurand":"Current.Export","unit":"A","phase":"L2"},{"value":"2378.6","measurand":"Voltage","unit":"V","phase":"L3"},{"value":"0.0","measurand":"Current.Export","unit":"A","phase":"L1"},{"value":"12","measurand":"Temperature","unit":"Celsius"},{"value":"0","measurand":"Power.Active.Export","unit":"W"},{"value":"111","measurand":"Energy.Active.Export.Register","unit":"Wh"}]}]}]
INFO:ocpp:1: send [3,"cfd8ce21-1777-4caf-bc08-d5162488f58f",{}]
INFO:websockets.server:connection closed
INFO:websockets.server:server listening on 10.45.2.39:9000
INFO:websockets.server:connection open
INFO:ocpp:1: receive message [2,"07d5b9e3-1146-412f-9ece-633b792b57e1","BootNotification",{"chargePointModel":"type-2","chargePointVendor":"Teison-AC","chargePointSerialNumber":"AISEN001","firmwareVersion":"V0.0.1"}]
INFO:ocpp:1: send [3,"07d5b9e3-1146-412f-9ece-633b792b57e1",{"currentTime":"2023-03-01T15:48:03.707348","interval":300,"status":"Accepted"}]
INFO:ocpp:1: receive message [2,"b9153018-e819-4e59-8e61-fb93e86a956b","Heartbeat",{}]
INFO:ocpp:1: send [3,"b9153018-e819-4e59-8e61-fb93e86a956b",{"currentTime":"2023-03-01T15:48:03.707348Z"}]
INFO:ocpp:1: receive message [2,"e0071653-1d3e-40cc-9990-e6d2abb03ebd","MeterValues",{"connectorId":1,"meterValue":[{"timestamp":"2023-03-01T15:48:03","sampledValue":[{"value":"237.0","measurand":"Voltage","unit":"V","phase":"L1"},{"value":"0.0","measurand":"Current.Export","unit":"A","phase":"L1"},{"value":"237.6","measurand":"Voltage","unit":"V","phase":"L2"},{"value":"237.3","measurand":"Current.Export","unit":"A","phase":"L2"},{"value":"2373.7","measurand":"Voltage","unit":"V","phase":"L3"},{"value":"0.0","measurand":"Current.Export","unit":"A","phase":"L1"},{"value":"12","measurand":"Temperature","unit":"Celsius"},{"value":"0","measurand":"Power.Active.Export","unit":"W"},{"value":"111","measurand":"Energy.Active.Export.Register","unit":"Wh"}]}]}]
INFO:ocpp:1: send [3,"e0071653-1d3e-40cc-9990-e6d2abb03ebd",{}]
INFO:ocpp:1: receive message [2,"6bd4e931-8411-438b-92de-f30ab2885ff1","StatusNotification",{"connectorId":1,"errorCode":"NoError","status":"Finishing","timestamp":"2023-03-01T15:48:03"}]
INFO:ocpp:1: send [3,"6bd4e931-8411-438b-92de-f30ab2885ff1",{}]
INFO:ocpp:1: receive message [2,"9e99fb00-58c6-4a22-b9c6-ed73edecd85d","StatusNotification",{"connectorId":1,"errorCode":"NoError","status":"Available","timestamp":"2023-03-01T15:48:08"}]
INFO:ocpp:1: send [3,"9e99fb00-58c6-4a22-b9c6-ed73edecd85d",{}]
INFO:ocpp:1: receive message [2,"22889aa8-8e9b-4d66-b59a-c713df86c415","StatusNotification",{"connectorId":1,"errorCode":"NoError","status":"Preparing","timestamp":"2023-03-01T15:48:10"}]
INFO:ocpp:1: send [3,"22889aa8-8e9b-4d66-b59a-c713df86c415",{}]
INFO:ocpp:1: receive message [2,"4bb578b7-62b3-4053-ab56-f7eee1b4bd63","MeterValues",{"connectorId":1,"meterValue":[{"timestamp":"2023-03-01T15:48:12","sampledValue":[{"value":"236.8","measurand":"Voltage","unit":"V","phase":"L1"},{"value":"0.0","measurand":"Current.Export","unit":"A","phase":"L1"},{"value":"237.4","measurand":"Voltage","unit":"V","phase":"L2"},{"value":"237.2","measurand":"Current.Export","unit":"A","phase":"L2"},{"value":"2372.9","measurand":"Voltage","unit":"V","phase":"L3"},{"value":"0.0","measurand":"Current.Export","unit":"A","phase":"L1"},{"value":"12","measurand":"Temperature","unit":"Celsius"},{"value":"0","measurand":"Power.Active.Export","unit":"W"},{"value":"111","measurand":"Energy.Active.Export.Register","unit":"Wh"}]}]}]
INFO:ocpp:1: send [3,"4bb578b7-62b3-4053-ab56-f7eee1b4bd63",{}]
INFO:ocpp:1: receive message [2,"bf4035bf-25c7-4822-a4e8-46d37ce7458a","MeterValues",{"connectorId":1,"meterValue":[{"timestamp":"2023-03-01T15:48:22","sampledValue":[{"value":"236.1","measurand":"Voltage","unit":"V","phase":"L1"},{"value":"0.0","measurand":"Current.Export","unit":"A","phase":"L1"},{"value":"237.4","measurand":"Voltage","unit":"V","phase":"L2"},{"value":"236.8","measurand":"Current.Export","unit":"A","phase":"L2"},{"value":"2368.6","measurand":"Voltage","unit":"V","phase":"L3"},{"value":"0.0","measurand":"Current.Export","unit":"A","phase":"L1"},{"value":"12","measurand":"Temperature","unit":"Celsius"},{"value":"0","measurand":"Power.Active.Export","unit":"W"},{"value":"111","measurand":"Energy.Active.Export.Register","unit":"Wh"}]}]}]
INFO:ocpp:1: send [3,"bf4035bf-25c7-4822-a4e8-46d37ce7458a",{}]
INFO:ocpp:1: receive message [2,"cb7b9198-39d3-48d8-938f-562dba1d4990","Authorize",{"idTag":"62E783BA"}]
INFO:ocpp:1: send [3,"cb7b9198-39d3-48d8-938f-562dba1d4990",{"idTagInfo":{"status":"Accepted","expiryDate":"2023-03-15T20:48:03.707348"}}]
INFO:ocpp:1: receive message [2,"6c68175e-5a3d-4c80-b9a0-0d5d707123de","StatusNotification",{"connectorId":1,"errorCode":"NoError","status":"Preparing","timestamp":"2023-03-01T15:48:27"}]
INFO:ocpp:1: send [3,"6c68175e-5a3d-4c80-b9a0-0d5d707123de",{}]
INFO:ocpp:1: receive message [2,"2c2d9a3f-eb03-49c2-a261-789a49d71114","StartTransaction",{"connectorId":1,"idTag":"62E783BA","meterStart":111,"timestamp":"2023-03-01T15:48:28"}]
INFO:ocpp:1: send [3,"2c2d9a3f-eb03-49c2-a261-789a49d71114",{"transactionId":4,"idTagInfo":{"status":"Accepted","expiryDate":"2023-03-15T20:48:03.707348"}}]
INFO:ocpp:1: receive message [2,"bc2a5d93-8a9f-4d5b-8307-059f5b3d46ab","StatusNotification",{"connectorId":1,"errorCode":"NoError","status":"Charging","timestamp":"2023-03-01T15:48:28"}]
INFO:ocpp:1: send [3,"bc2a5d93-8a9f-4d5b-8307-059f5b3d46ab",{}]
INFO:ocpp:1: receive message [2,"9ccc0e77-b25a-4d88-b0e6-ebd613793680","MeterValues",{"connectorId":1,"transactionId":4,"meterValue":[{"timestamp":"2023-03-01T15:48:32","sampledValue":[{"value":"236.3","measurand":"Voltage","unit":"V","phase":"L1"},{"value":"2.8","measurand":"Current.Export","unit":"A","phase":"L1"},{"value":"237.5","measurand":"Voltage","unit":"V","phase":"L2"},{"value":"237.2","measurand":"Current.Export","unit":"A","phase":"L2"},{"value":"2372.2","measurand":"Voltage","unit":"V","phase":"L3"},{"value":"2.8","measurand":"Current.Export","unit":"A","phase":"L1"},{"value":"12","measurand":"Temperature","unit":"Celsius"},{"value":"198","measurand":"Power.Active.Export","unit":"W"},{"value":"131","measurand":"Energy.Active.Export.Register","unit":"Wh"}]}]}]
INFO:ocpp:1: send [3,"9ccc0e77-b25a-4d88-b0e6-ebd613793680",{}]
INFO:ocpp:1: receive message [2,"a50baca1-174b-4462-8bd2-695eb846ccb9","StopTransaction",{"idTag":"62E783BA","meterStop":144,"timestamp":"2023-03-01T15:48:34","transactionId":4,"reason":"Local"}]
INFO:ocpp:1: send [3,"a50baca1-174b-4462-8bd2-695eb846ccb9",{"idTagInfo":{"status":"Accepted","expiryDate":"2023-03-13T20:48:03.707348"}}]
INFO:ocpp:1: receive message [2,"a3127f21-617e-404a-8e26-36b5c7361472","StatusNotification",{"connectorId":1,"errorCode":"NoError","status":"Finishing","timestamp":"2023-03-01T15:48:34"}]
INFO:ocpp:1: send [3,"a3127f21-617e-404a-8e26-36b5c7361472",{}]
INFO:ocpp:1: receive message [2,"1ea85f42-4ebc-4379-945d-01737949f861","MeterValues",{"connectorId":1,"meterValue":[{"timestamp":"2023-03-01T15:48:42","sampledValue":[{"value":"237.1","measurand":"Voltage","unit":"V","phase":"L1"},{"value":"0.0","measurand":"Current.Export","unit":"A","phase":"L1"},{"value":"236.6","measurand":"Voltage","unit":"V","phase":"L2"},{"value":"238.0","measurand":"Current.Export","unit":"A","phase":"L2"},{"value":"2380.8","measurand":"Voltage","unit":"V","phase":"L3"},{"value":"0.0","measurand":"Current.Export","unit":"A","phase":"L1"},{"value":"12","measurand":"Temperature","unit":"Celsius"},{"value":"0","measurand":"Power.Active.Export","unit":"W"},{"value":"152","measurand":"Energy.Active.Export.Register","unit":"Wh"}]}]}]
INFO:ocpp:1: send [3,"1ea85f42-4ebc-4379-945d-01737949f861",{}]
INFO:ocpp:1: receive message [2,"76f4b954-178a-4274-97bc-ba60134f9291","MeterValues",{"connectorId":1,"meterValue":[{"timestamp":"2023-03-01T15:48:52","sampledValue":[{"value":"237.2","measurand":"Voltage","unit":"V","phase":"L1"},{"value":"0.0","measurand":"Current.Export","unit":"A","phase":"L1"},{"value":"236.8","measurand":"Voltage","unit":"V","phase":"L2"},{"value":"238.5","measurand":"Current.Export","unit":"A","phase":"L2"},{"value":"2385.5","measurand":"Voltage","unit":"V","phase":"L3"},{"value":"0.0","measurand":"Current.Export","unit":"A","phase":"L1"},{"value":"12","measurand":"Temperature","unit":"Celsius"},{"value":"0","measurand":"Power.Active.Export","unit":"W"},{"value":"152","measurand":"Energy.Active.Export.Register","unit":"Wh"}]}]}]
INFO:ocpp:1: send [3,"76f4b954-178a-4274-97bc-ba60134f9291",{}]
INFO:ocpp:1: receive message [2,"75178e66-591b-4dc2-9328-fbd47b47dcfe","MeterValues",{"connectorId":1,"meterValue":[{"timestamp":"2023-03-01T15:49:02","sampledValue":[{"value":"237.6","measurand":"Voltage","unit":"V","phase":"L1"},{"value":"0.0","measurand":"Current.Export","unit":"A","phase":"L1"},{"value":"236.7","measurand":"Voltage","unit":"V","phase":"L2"},{"value":"238.0","measurand":"Current.Export","unit":"A","phase":"L2"},{"value":"2380.6","measurand":"Voltage","unit":"V","phase":"L3"},{"value":"0.0","measurand":"Current.Export","unit":"A","phase":"L1"},{"value":"12","measurand":"Temperature","unit":"Celsius"},{"value":"0","measurand":"Power.Active.Export","unit":"W"},{"value":"152","measurand":"Energy.Active.Export.Register","unit":"Wh"}]}]}]
INFO:ocpp:1: send [3,"75178e66-591b-4dc2-9328-fbd47b47dcfe",{}]
INFO:ocpp:1: receive message [2,"26115d11-b293-4eb3-b2b1-b3e980a06d50","StatusNotification",{"connectorId":1,"errorCode":"NoError","status":"Finishing","timestamp":"2023-03-01T15:49:04"}]
INFO:ocpp:1: send [3,"26115d11-b293-4eb3-b2b1-b3e980a06d50",{}]
INFO:ocpp:1: receive message [2,"315de231-69c3-415d-a57f-c61a24a7a801","MeterValues",{"connectorId":1,"meterValue":[{"timestamp":"2023-03-01T15:49:12","sampledValue":[{"value":"237.2","measurand":"Voltage","unit":"V","phase":"L1"},{"value":"0.0","measurand":"Current.Export","unit":"A","phase":"L1"},{"value":"237.1","measurand":"Voltage","unit":"V","phase":"L2"},{"value":"238.1","measurand":"Current.Export","unit":"A","phase":"L2"},{"value":"2381.9","measurand":"Voltage","unit":"V","phase":"L3"},{"value":"0.0","measurand":"Current.Export","unit":"A","phase":"L1"},{"value":"12","measurand":"Temperature","unit":"Celsius"},{"value":"0","measurand":"Power.Active.Export","unit":"W"},{"value":"152","measurand":"Energy.Active.Export.Register","unit":"Wh"}]}]}]
INFO:ocpp:1: send [3,"315de231-69c3-415d-a57f-c61a24a7a801",{}]
INFO:ocpp:1: receive message [2,"971e3b81-317e-4337-b93a-a10d921abae1","MeterValues",{"connectorId":1,"meterValue":[{"timestamp":"2023-03-01T15:49:22","sampledValue":[{"value":"236.7","measurand":"Voltage","unit":"V","phase":"L1"},{"value":"0.0","measurand":"Current.Export","unit":"A","phase":"L1"},{"value":"237.1","measurand":"Voltage","unit":"V","phase":"L2"},{"value":"238.8","measurand":"Current.Export","unit":"A","phase":"L2"},{"value":"2388.8","measurand":"Voltage","unit":"V","phase":"L3"},{"value":"0.0","measurand":"Current.Export","unit":"A","phase":"L1"},{"value":"12","measurand":"Temperature","unit":"Celsius"},{"value":"0","measurand":"Power.Active.Export","unit":"W"},{"value":"152","measurand":"Energy.Active.Export.Register","unit":"Wh"}]}]}]
INFO:ocpp:1: send [3,"971e3b81-317e-4337-b93a-a10d921abae1",{}]
INFO:ocpp:1: receive message [2,"4a800dc0-54c3-4874-a5d0-d174d714e41f","MeterValues",{"connectorId":1,"meterValue":[{"timestamp":"2023-03-01T15:49:32","sampledValue":[{"value":"236.8","measurand":"Voltage","unit":"V","phase":"L1"},{"value":"0.0","measurand":"Current.Export","unit":"A","phase":"L1"},{"value":"236.8","measurand":"Voltage","unit":"V","phase":"L2"},{"value":"238.4","measurand":"Current.Export","unit":"A","phase":"L2"},{"value":"2384.1","measurand":"Voltage","unit":"V","phase":"L3"},{"value":"0.0","measurand":"Current.Export","unit":"A","phase":"L1"},{"value":"12","measurand":"Temperature","unit":"Celsius"},{"value":"0","measurand":"Power.Active.Export","unit":"W"},{"value":"152","measurand":"Energy.Active.Export.Register","unit":"Wh"}]}]}]
INFO:ocpp:1: send [3,"4a800dc0-54c3-4874-a5d0-d174d714e41f",{}]
INFO:ocpp:1: receive message [2,"f1a90b60-40f4-4300-8e1a-0cf91c572376","StatusNotification",{"connectorId":1,"errorCode":"NoError","status":"Finishing","timestamp":"2023-03-01T15:49:34"}]
INFO:ocpp:1: send [3,"f1a90b60-40f4-4300-8e1a-0cf91c572376",{}]
ERROR:websockets.server:connection handler failed
Traceback (most recent call last):
  File "/home/elite/Workplace/quanto/lib/python3.9/site-packages/websockets/legacy/protocol.py", line 968, in transfer_data
    message = await self.read_message()
  File "/home/elite/Workplace/quanto/lib/python3.9/site-packages/websockets/legacy/protocol.py", line 1038, in read_message
    frame = await self.read_data_frame(max_size=self.max_size)
  File "/home/elite/Workplace/quanto/lib/python3.9/site-packages/websockets/legacy/protocol.py", line 1113, in read_data_frame
    frame = await self.read_frame(max_size)
  File "/home/elite/Workplace/quanto/lib/python3.9/site-packages/websockets/legacy/protocol.py", line 1170, in read_frame
    frame = await Frame.read(
  File "/home/elite/Workplace/quanto/lib/python3.9/site-packages/websockets/legacy/framing.py", line 69, in read
    data = await reader(2)
  File "/usr/lib/python3.9/asyncio/streams.py", line 723, in readexactly
    await self._wait_for_data('readexactly')
  File "/usr/lib/python3.9/asyncio/streams.py", line 517, in _wait_for_data
    await self._waiter
  File "/usr/lib/python3.9/asyncio/selector_events.py", line 856, in _read_ready__data_received
    data = self._sock.recv(self.max_size)
ConnectionResetError: [Errno 104] Connection reset by peer

The above exception was the direct cause of the following exception:

Traceback (most recent call last):
  File "/home/elite/Workplace/quanto/lib/python3.9/site-packages/websockets/legacy/server.py", line 236, in handler
    await self.ws_handler(self)
  File "/home/elite/Workplace/quanto/lib/python3.9/site-packages/websockets/legacy/server.py", line 1175, in _ws_handler
    return await cast(
  File "/home/elite/Workplace/quanto/app.py", line 423, in on_connect
    await cp.start()
  File "/home/elite/Workplace/quanto/lib/python3.9/site-packages/ocpp/charge_point.py", line 127, in start
    message = await self._connection.recv()
  File "/home/elite/Workplace/quanto/lib/python3.9/site-packages/websockets/legacy/protocol.py", line 568, in recv
    await self.ensure_open()
  File "/home/elite/Workplace/quanto/lib/python3.9/site-packages/websockets/legacy/protocol.py", line 944, in ensure_open
    raise self.connection_closed_exc()
websockets.exceptions.ConnectionClosedError: no close frame received or sent
INFO:websockets.server:connection closed
INFO:websockets.server:server listening on 10.45.2.39:9000
INFO:websockets.server:connection open
INFO:ocpp:1: receive message [2,"2801b293-3c30-4cc0-a552-2761b85533f3","BootNotification",{"chargePointModel":"type-2","chargePointVendor":"Teison-AC","chargePointSerialNumber":"AISEN001","firmwareVersion":"V0.0.1"}]
INFO:ocpp:1: send [3,"2801b293-3c30-4cc0-a552-2761b85533f3",{"currentTime":"2023-03-01T15:51:26.441544","interval":300,"status":"Accepted"}]
INFO:ocpp:1: receive message [2,"38aac3e3-ed58-4032-987a-a2217a5afca3","MeterValues",{"connectorId":1,"meterValue":[{"timestamp":"2023-03-01T15:51:27","sampledValue":[{"value":"236.6","measurand":"Voltage","unit":"V","phase":"L1"},{"value":"0.0","measurand":"Current.Export","unit":"A","phase":"L1"},{"value":"236.9","measurand":"Voltage","unit":"V","phase":"L2"},{"value":"238.3","measurand":"Current.Export","unit":"A","phase":"L2"},{"value":"2383.0","measurand":"Voltage","unit":"V","phase":"L3"},{"value":"0.0","measurand":"Current.Export","unit":"A","phase":"L1"},{"value":"12","measurand":"Temperature","unit":"Celsius"},{"value":"0","measurand":"Power.Active.Export","unit":"W"},{"value":"0","measurand":"Energy.Active.Export.Register","unit":"Wh"}]}]}]
INFO:ocpp:1: send [3,"38aac3e3-ed58-4032-987a-a2217a5afca3",{}]
INFO:ocpp:1: receive message [2,"14c530f1-2e2b-40df-a789-abf7da31d668","StatusNotification",{"connectorId":1,"errorCode":"NoError","status":"Preparing","timestamp":"2023-03-01T15:51:37"}]
INFO:ocpp:1: send [3,"14c530f1-2e2b-40df-a789-abf7da31d668",{}]
INFO:ocpp:1: receive message [2,"e168b92a-7bfb-491a-b4a0-d668629a379c","MeterValues",{"connectorId":1,"meterValue":[{"timestamp":"2023-03-01T15:51:37","sampledValue":[{"value":"236.4","measurand":"Voltage","unit":"V","phase":"L1"},{"value":"0.0","measurand":"Current.Export","unit":"A","phase":"L1"},{"value":"236.9","measurand":"Voltage","unit":"V","phase":"L2"},{"value":"238.4","measurand":"Current.Export","unit":"A","phase":"L2"},{"value":"2384.4","measurand":"Voltage","unit":"V","phase":"L3"},{"value":"0.0","measurand":"Current.Export","unit":"A","phase":"L1"},{"value":"12","measurand":"Temperature","unit":"Celsius"},{"value":"0","measurand":"Power.Active.Export","unit":"W"},{"value":"0","measurand":"Energy.Active.Export.Register","unit":"Wh"}]}]}]
INFO:ocpp:1: send [3,"e168b92a-7bfb-491a-b4a0-d668629a379c",{}]
INFO:ocpp:1: receive message [2,"a65e4bed-21c5-4a88-b2ef-24cdfe0ef15b","Authorize",{"idTag":"62E783BA"}]
INFO:ocpp:1: send [3,"a65e4bed-21c5-4a88-b2ef-24cdfe0ef15b",{"idTagInfo":{"status":"Accepted","expiryDate":"2023-03-15T20:51:26.441544"}}]
INFO:ocpp:1: receive message [2,"d7858974-1a7e-4187-8c2c-a378511c7d97","StatusNotification",{"connectorId":1,"errorCode":"NoError","status":"Preparing","timestamp":"2023-03-01T15:51:40"}]
INFO:ocpp:1: send [3,"d7858974-1a7e-4187-8c2c-a378511c7d97",{}]
INFO:ocpp:1: receive message [2,"c754dd29-dbbb-4976-8128-69ce260a9e1f","StartTransaction",{"connectorId":1,"idTag":"62E783BA","meterStart":0,"timestamp":"2023-03-01T15:51:40"}]
INFO:ocpp:1: send [3,"c754dd29-dbbb-4976-8128-69ce260a9e1f",{"transactionId":5,"idTagInfo":{"status":"Accepted","expiryDate":"2023-03-15T20:51:26.441544"}}]
INFO:ocpp:1: receive message [2,"12d679c4-4207-4d7d-a574-7c378f8a4d1e","StatusNotification",{"connectorId":1,"errorCode":"NoError","status":"Charging","timestamp":"2023-03-01T15:51:40"}]
INFO:ocpp:1: send [3,"12d679c4-4207-4d7d-a574-7c378f8a4d1e",{}]
INFO:ocpp:1: receive message [2,"a4dba856-8cea-4e67-96ac-550ce9761af0","MeterValues",{"connectorId":1,"transactionId":5,"meterValue":[{"timestamp":"2023-03-01T15:51:47","sampledValue":[{"value":"237.2","measurand":"Voltage","unit":"V","phase":"L1"},{"value":"4.7","measurand":"Current.Export","unit":"A","phase":"L1"},{"value":"237.0","measurand":"Voltage","unit":"V","phase":"L2"},{"value":"238.0","measurand":"Current.Export","unit":"A","phase":"L2"},{"value":"2380.5","measurand":"Voltage","unit":"V","phase":"L3"},{"value":"2.8","measurand":"Current.Export","unit":"A","phase":"L1"},{"value":"12","measurand":"Temperature","unit":"Celsius"},{"value":"243","measurand":"Power.Active.Export","unit":"W"},{"value":"39","measurand":"Energy.Active.Export.Register","unit":"Wh"}]}]}]
INFO:ocpp:1: send [3,"a4dba856-8cea-4e67-96ac-550ce9761af0",{}]
INFO:ocpp:1: receive message [2,"6b1ce151-a89d-4658-9cf0-84126e393261","MeterValues",{"connectorId":1,"transactionId":5,"meterValue":[{"timestamp":"2023-03-01T15:51:57","sampledValue":[{"value":"234.8","measurand":"Voltage","unit":"V","phase":"L1"},{"value":"59.5","measurand":"Current.Export","unit":"A","phase":"L1"},{"value":"234.9","measurand":"Voltage","unit":"V","phase":"L2"},{"value":"239.7","measurand":"Current.Export","unit":"A","phase":"L2"},{"value":"2397.9","measurand":"Voltage","unit":"V","phase":"L3"},{"value":"2.8","measurand":"Current.Export","unit":"A","phase":"L1"},{"value":"12","measurand":"Temperature","unit":"Celsius"},{"value":"2875","measurand":"Power.Active.Export","unit":"W"},{"value":"295","measurand":"Energy.Active.Export.Register","unit":"Wh"}]}]}]
INFO:ocpp:1: send [3,"6b1ce151-a89d-4658-9cf0-84126e393261",{}]
INFO:ocpp:1: receive message [2,"95dab186-f325-438a-a3c9-28a623bc203e","MeterValues",{"connectorId":1,"transactionId":5,"meterValue":[{"timestamp":"2023-03-01T15:52:07","sampledValue":[{"value":"234.5","measurand":"Voltage","unit":"V","phase":"L1"},{"value":"138.5","measurand":"Current.Export","unit":"A","phase":"L1"},{"value":"234.8","measurand":"Voltage","unit":"V","phase":"L2"},{"value":"236.0","measurand":"Current.Export","unit":"A","phase":"L2"},{"value":"2360.7","measurand":"Voltage","unit":"V","phase":"L3"},{"value":"139.8","measurand":"Current.Export","unit":"A","phase":"L1"},{"value":"12","measurand":"Temperature","unit":"Celsius"},{"value":"9847","measurand":"Power.Active.Export","unit":"W"},{"value":"1898","measurand":"Energy.Active.Export.Register","unit":"Wh"}]}]}]
INFO:ocpp:1: send [3,"95dab186-f325-438a-a3c9-28a623bc203e",{}]
INFO:ocpp:1: receive message [2,"2e18b4d5-ef5c-4a9b-a89f-aac308f35134","StatusNotification",{"connectorId":1,"errorCode":"NoError","status":"Charging","timestamp":"2023-03-01T15:52:10"}]
INFO:ocpp:1: send [3,"2e18b4d5-ef5c-4a9b-a89f-aac308f35134",{}]
INFO:ocpp:1: receive message [2,"68674a8b-b1a1-44e8-8dcc-d2a51dabb18f","MeterValues",{"connectorId":1,"transactionId":5,"meterValue":[{"timestamp":"2023-03-01T15:52:17","sampledValue":[{"value":"234.0","measurand":"Voltage","unit":"V","phase":"L1"},{"value":"159.2","measurand":"Current.Export","unit":"A","phase":"L1"},{"value":"233.7","measurand":"Voltage","unit":"V","phase":"L2"},{"value":"234.9","measurand":"Current.Export","unit":"A","phase":"L2"},{"value":"2349.1","measurand":"Voltage","unit":"V","phase":"L3"},{"value":"160.5","measurand":"Current.Export","unit":"A","phase":"L1"},{"value":"12","measurand":"Temperature","unit":"Celsius"},{"value":"11262","measurand":"Power.Active.Export","unit":"W"},{"value":"5004","measurand":"Energy.Active.Export.Register","unit":"Wh"}]}]}]
INFO:ocpp:1: send [3,"68674a8b-b1a1-44e8-8dcc-d2a51dabb18f",{}]
INFO:ocpp:1: receive message [2,"2a6874d2-258c-4842-a355-d9fba9acb730","MeterValues",{"connectorId":1,"transactionId":5,"meterValue":[{"timestamp":"2023-03-01T15:52:27","sampledValue":[{"value":"233.9","measurand":"Voltage","unit":"V","phase":"L1"},{"value":"160.2","measurand":"Current.Export","unit":"A","phase":"L1"},{"value":"233.7","measurand":"Voltage","unit":"V","phase":"L2"},{"value":"234.7","measurand":"Current.Export","unit":"A","phase":"L2"},{"value":"2347.2","measurand":"Voltage","unit":"V","phase":"L3"},{"value":"161.5","measurand":"Current.Export","unit":"A","phase":"L1"},{"value":"12","measurand":"Temperature","unit":"Celsius"},{"value":"11326","measurand":"Power.Active.Export","unit":"W"},{"value":"8179","measurand":"Energy.Active.Export.Register","unit":"Wh"}]}]}]
INFO:ocpp:1: send [3,"2a6874d2-258c-4842-a355-d9fba9acb730",{}]
INFO:ocpp:1: receive message [2,"57a90bc9-2bf2-492d-a2a4-da231b69fc5c","MeterValues",{"connectorId":1,"transactionId":5,"meterValue":[{"timestamp":"2023-03-01T15:52:37","sampledValue":[{"value":"233.5","measurand":"Voltage","unit":"V","phase":"L1"},{"value":"159.8","measurand":"Current.Export","unit":"A","phase":"L1"},{"value":"233.6","measurand":"Voltage","unit":"V","phase":"L2"},{"value":"234.4","measurand":"Current.Export","unit":"A","phase":"L2"},{"value":"2344.1","measurand":"Voltage","unit":"V","phase":"L3"},{"value":"161.3","measurand":"Current.Export","unit":"A","phase":"L1"},{"value":"12","measurand":"Temperature","unit":"Celsius"},{"value":"11285","measurand":"Power.Active.Export","unit":"W"},{"value":"11343","measurand":"Energy.Active.Export.Register","unit":"Wh"}]}]}]
INFO:ocpp:1: send [3,"57a90bc9-2bf2-492d-a2a4-da231b69fc5c",{}]
INFO:ocpp:1: receive message [2,"2b91465e-370c-467d-bd4e-ebd579aa16ad","StatusNotification",{"connectorId":1,"errorCode":"NoError","status":"Charging","timestamp":"2023-03-01T15:52:40"}]
INFO:ocpp:1: send [3,"2b91465e-370c-467d-bd4e-ebd579aa16ad",{}]
INFO:ocpp:1: receive message [2,"f264d5a4-40b5-4e91-9c10-7d19991fb23a","MeterValues",{"connectorId":1,"transactionId":5,"meterValue":[{"timestamp":"2023-03-01T15:52:48","sampledValue":[{"value":"233.9","measurand":"Voltage","unit":"V","phase":"L1"},{"value":"160.1","measurand":"Current.Export","unit":"A","phase":"L1"},{"value":"233.7","measurand":"Voltage","unit":"V","phase":"L2"},{"value":"234.4","measurand":"Current.Export","unit":"A","phase":"L2"},{"value":"2344.6","measurand":"Voltage","unit":"V","phase":"L3"},{"value":"161.5","measurand":"Current.Export","unit":"A","phase":"L1"},{"value":"12","measurand":"Temperature","unit":"Celsius"},{"value":"11318","measurand":"Power.Active.Export","unit":"W"},{"value":"14185","measurand":"Energy.Active.Export.Register","unit":"Wh"}]}]}]
INFO:ocpp:1: send [3,"f264d5a4-40b5-4e91-9c10-7d19991fb23a",{}]
INFO:ocpp:1: receive message [2,"5745493e-5982-4008-94a2-465c83f2eabc","MeterValues",{"connectorId":1,"transactionId":5,"meterValue":[{"timestamp":"2023-03-01T15:52:58","sampledValue":[{"value":"234.0","measurand":"Voltage","unit":"V","phase":"L1"},{"value":"159.4","measurand":"Current.Export","unit":"A","phase":"L1"},{"value":"234.0","measurand":"Voltage","unit":"V","phase":"L2"},{"value":"234.6","measurand":"Current.Export","unit":"A","phase":"L2"},{"value":"2346.4","measurand":"Voltage","unit":"V","phase":"L3"},{"value":"160.8","measurand":"Current.Export","unit":"A","phase":"L1"},{"value":"12","measurand":"Temperature","unit":"Celsius"},{"value":"11275","measurand":"Power.Active.Export","unit":"W"},{"value":"17351","measurand":"Energy.Active.Export.Register","unit":"Wh"}]}]}]
INFO:ocpp:1: send [3,"5745493e-5982-4008-94a2-465c83f2eabc",{}]
INFO:ocpp:1: receive message [2,"f44be80a-c805-4617-803e-4c4528f428c7","MeterValues",{"connectorId":1,"transactionId":5,"meterValue":[{"timestamp":"2023-03-01T15:53:08","sampledValue":[{"value":"233.8","measurand":"Voltage","unit":"V","phase":"L1"},{"value":"159.9","measurand":"Current.Export","unit":"A","phase":"L1"},{"value":"233.7","measurand":"Voltage","unit":"V","phase":"L2"},{"value":"234.3","measurand":"Current.Export","unit":"A","phase":"L2"},{"value":"2343.3","measurand":"Voltage","unit":"V","phase":"L3"},{"value":"161.3","measurand":"Current.Export","unit":"A","phase":"L1"},{"value":"12","measurand":"Temperature","unit":"Celsius"},{"value":"11297","measurand":"Power.Active.Export","unit":"W"},{"value":"20505","measurand":"Energy.Active.Export.Register","unit":"Wh"}]}]}]
INFO:ocpp:1: send [3,"f44be80a-c805-4617-803e-4c4528f428c7",{}]
INFO:ocpp:1: receive message [2,"bd3b2957-b341-465f-a270-3fee310afe90","StatusNotification",{"connectorId":1,"errorCode":"NoError","status":"Charging","timestamp":"2023-03-01T15:53:10"}]
INFO:ocpp:1: send [3,"bd3b2957-b341-465f-a270-3fee310afe90",{}]
INFO:ocpp:1: receive message [2,"6d56e005-e6f4-42de-9165-bbf9d9163370","MeterValues",{"connectorId":1,"transactionId":5,"meterValue":[{"timestamp":"2023-03-01T15:53:18","sampledValue":[{"value":"233.7","measurand":"Voltage","unit":"V","phase":"L1"},{"value":"160.3","measurand":"Current.Export","unit":"A","phase":"L1"},{"value":"233.6","measurand":"Voltage","unit":"V","phase":"L2"},{"value":"234.2","measurand":"Current.Export","unit":"A","phase":"L2"},{"value":"2342.7","measurand":"Voltage","unit":"V","phase":"L3"},{"value":"161.5","measurand":"Current.Export","unit":"A","phase":"L1"},{"value":"12","measurand":"Temperature","unit":"Celsius"},{"value":"11315","measurand":"Power.Active.Export","unit":"W"},{"value":"23671","measurand":"Energy.Active.Export.Register","unit":"Wh"}]}]}]
INFO:ocpp:1: send [3,"6d56e005-e6f4-42de-9165-bbf9d9163370",{}]
INFO:ocpp:1: receive message [2,"15371d2f-94df-4a03-b84b-94449ac2d826","MeterValues",{"connectorId":1,"transactionId":5,"meterValue":[{"timestamp":"2023-03-01T15:53:28","sampledValue":[{"value":"233.6","measurand":"Voltage","unit":"V","phase":"L1"},{"value":"159.6","measurand":"Current.Export","unit":"A","phase":"L1"},{"value":"233.5","measurand":"Voltage","unit":"V","phase":"L2"},{"value":"234.2","measurand":"Current.Export","unit":"A","phase":"L2"},{"value":"2342.7","measurand":"Voltage","unit":"V","phase":"L3"},{"value":"161.1","measurand":"Current.Export","unit":"A","phase":"L1"},{"value":"12","measurand":"Temperature","unit":"Celsius"},{"value":"11268","measurand":"Power.Active.Export","unit":"W"},{"value":"26823","measurand":"Energy.Active.Export.Register","unit":"Wh"}]}]}]
INFO:ocpp:1: send [3,"15371d2f-94df-4a03-b84b-94449ac2d826",{}]
INFO:ocpp:1: receive message [2,"6bd7dded-82c2-4df4-9b2f-f67364df0e49","MeterValues",{"connectorId":1,"transactionId":5,"meterValue":[{"timestamp":"2023-03-01T15:53:38","sampledValue":[{"value":"233.1","measurand":"Voltage","unit":"V","phase":"L1"},{"value":"160.2","measurand":"Current.Export","unit":"A","phase":"L1"},{"value":"233.1","measurand":"Voltage","unit":"V","phase":"L2"},{"value":"233.9","measurand":"Current.Export","unit":"A","phase":"L2"},{"value":"2339.6","measurand":"Voltage","unit":"V","phase":"L3"},{"value":"161.6","measurand":"Current.Export","unit":"A","phase":"L1"},{"value":"12","measurand":"Temperature","unit":"Celsius"},{"value":"11299","measurand":"Power.Active.Export","unit":"W"},{"value":"29976","measurand":"Energy.Active.Export.Register","unit":"Wh"}]}]}]
INFO:ocpp:1: send [3,"6bd7dded-82c2-4df4-9b2f-f67364df0e49",{}]
INFO:ocpp:1: receive message [2,"1e043e4a-8099-4975-a99e-e26c44e185c4","StatusNotification",{"connectorId":1,"errorCode":"NoError","status":"Charging","timestamp":"2023-03-01T15:53:40"}]
INFO:ocpp:1: send [3,"1e043e4a-8099-4975-a99e-e26c44e185c4",{}]
INFO:ocpp:1: receive message [2,"cadd94ae-ac8d-4a4f-abc3-4c0f96c8c1a2","MeterValues",{"connectorId":1,"transactionId":5,"meterValue":[{"timestamp":"2023-03-01T15:53:48","sampledValue":[{"value":"233.3","measurand":"Voltage","unit":"V","phase":"L1"},{"value":"160.2","measurand":"Current.Export","unit":"A","phase":"L1"},{"value":"233.5","measurand":"Voltage","unit":"V","phase":"L2"},{"value":"234.0","measurand":"Current.Export","unit":"A","phase":"L2"},{"value":"2340.9","measurand":"Voltage","unit":"V","phase":"L3"},{"value":"161.5","measurand":"Current.Export","unit":"A","phase":"L1"},{"value":"12","measurand":"Temperature","unit":"Celsius"},{"value":"11301","measurand":"Power.Active.Export","unit":"W"},{"value":"33146","measurand":"Energy.Active.Export.Register","unit":"Wh"}]}]}]
INFO:ocpp:1: send [3,"cadd94ae-ac8d-4a4f-abc3-4c0f96c8c1a2",{}]
INFO:ocpp:1: receive message [2,"4dd8548b-ba4a-4e5f-923d-708d894c1a22","MeterValues",{"connectorId":1,"transactionId":5,"meterValue":[{"timestamp":"2023-03-01T15:53:58","sampledValue":[{"value":"233.4","measurand":"Voltage","unit":"V","phase":"L1"},{"value":"160.1","measurand":"Current.Export","unit":"A","phase":"L1"},{"value":"233.4","measurand":"Voltage","unit":"V","phase":"L2"},{"value":"234.0","measurand":"Current.Export","unit":"A","phase":"L2"},{"value":"2340.7","measurand":"Voltage","unit":"V","phase":"L3"},{"value":"161.5","measurand":"Current.Export","unit":"A","phase":"L1"},{"value":"12","measurand":"Temperature","unit":"Celsius"},{"value":"11301","measurand":"Power.Active.Export","unit":"W"},{"value":"36298","measurand":"Energy.Active.Export.Register","unit":"Wh"}]}]}]
INFO:ocpp:1: send [3,"4dd8548b-ba4a-4e5f-923d-708d894c1a22",{}]
INFO:ocpp:1: receive message [2,"33566c49-181c-47c4-b871-a0843ac612ad","MeterValues",{"connectorId":1,"transactionId":5,"meterValue":[{"timestamp":"2023-03-01T15:54:08","sampledValue":[{"value":"233.1","measurand":"Voltage","unit":"V","phase":"L1"},{"value":"160.1","measurand":"Current.Export","unit":"A","phase":"L1"},{"value":"233.5","measurand":"Voltage","unit":"V","phase":"L2"},{"value":"233.9","measurand":"Current.Export","unit":"A","phase":"L2"},{"value":"2339.1","measurand":"Voltage","unit":"V","phase":"L3"},{"value":"161.7","measurand":"Current.Export","unit":"A","phase":"L1"},{"value":"12","measurand":"Temperature","unit":"Celsius"},{"value":"11298","measurand":"Power.Active.Export","unit":"W"},{"value":"39458","measurand":"Energy.Active.Export.Register","unit":"Wh"}]}]}]
INFO:ocpp:1: send [3,"33566c49-181c-47c4-b871-a0843ac612ad",{}]
INFO:ocpp:1: receive message [2,"cdc2b7a3-bdb1-453e-bcad-c9dc39831c67","StatusNotification",{"connectorId":1,"errorCode":"NoError","status":"Charging","timestamp":"2023-03-01T15:54:10"}]
INFO:ocpp:1: send [3,"cdc2b7a3-bdb1-453e-bcad-c9dc39831c67",{}]
INFO:ocpp:1: receive message [2,"f9fb6175-011e-45c6-88a3-4744a9da4dcb","MeterValues",{"connectorId":1,"transactionId":5,"meterValue":[{"timestamp":"2023-03-01T15:54:18","sampledValue":[{"value":"233.1","measurand":"Voltage","unit":"V","phase":"L1"},{"value":"159.8","measurand":"Current.Export","unit":"A","phase":"L1"},{"value":"233.6","measurand":"Voltage","unit":"V","phase":"L2"},{"value":"234.3","measurand":"Current.Export","unit":"A","phase":"L2"},{"value":"2343.3","measurand":"Voltage","unit":"V","phase":"L3"},{"value":"161.5","measurand":"Current.Export","unit":"A","phase":"L1"},{"value":"12","measurand":"Temperature","unit":"Celsius"},{"value":"11283","measurand":"Power.Active.Export","unit":"W"},{"value":"42625","measurand":"Energy.Active.Export.Register","unit":"Wh"}]}]}]
INFO:ocpp:1: send [3,"f9fb6175-011e-45c6-88a3-4744a9da4dcb",{}]
INFO:ocpp:1: receive message [2,"0348f859-a096-4185-a0fb-dfa1d88ce6b5","MeterValues",{"connectorId":1,"transactionId":5,"meterValue":[{"timestamp":"2023-03-01T15:54:28","sampledValue":[{"value":"233.5","measurand":"Voltage","unit":"V","phase":"L1"},{"value":"159.5","measurand":"Current.Export","unit":"A","phase":"L1"},{"value":"233.5","measurand":"Voltage","unit":"V","phase":"L2"},{"value":"234.4","measurand":"Current.Export","unit":"A","phase":"L2"},{"value":"2344.0","measurand":"Voltage","unit":"V","phase":"L3"},{"value":"161.0","measurand":"Current.Export","unit":"A","phase":"L1"},{"value":"12","measurand":"Temperature","unit":"Celsius"},{"value":"11261","measurand":"Power.Active.Export","unit":"W"},{"value":"45782","measurand":"Energy.Active.Export.Register","unit":"Wh"}]}]}]
INFO:ocpp:1: send [3,"0348f859-a096-4185-a0fb-dfa1d88ce6b5",{}]
INFO:ocpp:1: receive message [2,"cafc5892-c20d-428e-9e0e-44b1b48a4b0d","MeterValues",{"connectorId":1,"transactionId":5,"meterValue":[{"timestamp":"2023-03-01T15:54:38","sampledValue":[{"value":"233.4","measurand":"Voltage","unit":"V","phase":"L1"},{"value":"159.3","measurand":"Current.Export","unit":"A","phase":"L1"},{"value":"233.4","measurand":"Voltage","unit":"V","phase":"L2"},{"value":"234.3","measurand":"Current.Export","unit":"A","phase":"L2"},{"value":"2343.2","measurand":"Voltage","unit":"V","phase":"L3"},{"value":"160.8","measurand":"Current.Export","unit":"A","phase":"L1"},{"value":"12","measurand":"Temperature","unit":"Celsius"},{"value":"11248","measurand":"Power.Active.Export","unit":"W"},{"value":"48933","measurand":"Energy.Active.Export.Register","unit":"Wh"}]}]}]
INFO:ocpp:1: send [3,"cafc5892-c20d-428e-9e0e-44b1b48a4b0d",{}]
INFO:ocpp:1: receive message [2,"c58a26a3-2d04-46e4-a141-eb185c5de743","StatusNotification",{"connectorId":1,"errorCode":"NoError","status":"Charging","timestamp":"2023-03-01T15:54:40"}]
INFO:ocpp:1: send [3,"c58a26a3-2d04-46e4-a141-eb185c5de743",{}]
INFO:ocpp:1: receive message [2,"6e0f3ce8-5c71-4de7-b485-7ae33ce18ffc","MeterValues",{"connectorId":1,"transactionId":5,"meterValue":[{"timestamp":"2023-03-01T15:54:48","sampledValue":[{"value":"233.5","measurand":"Voltage","unit":"V","phase":"L1"},{"value":"159.3","measurand":"Current.Export","unit":"A","phase":"L1"},{"value":"233.6","measurand":"Voltage","unit":"V","phase":"L2"},{"value":"234.5","measurand":"Current.Export","unit":"A","phase":"L2"},{"value":"2345.6","measurand":"Voltage","unit":"V","phase":"L3"},{"value":"160.8","measurand":"Current.Export","unit":"A","phase":"L1"},{"value":"12","measurand":"Temperature","unit":"Celsius"},{"value":"11255","measurand":"Power.Active.Export","unit":"W"},{"value":"52090","measurand":"Energy.Active.Export.Register","unit":"Wh"}]}]}]
INFO:ocpp:1: send [3,"6e0f3ce8-5c71-4de7-b485-7ae33ce18ffc",{}]
INFO:ocpp:1: receive message [2,"00aa829a-da7e-4a3c-8e02-1b6aa739a032","MeterValues",{"connectorId":1,"transactionId":5,"meterValue":[{"timestamp":"2023-03-01T15:54:58","sampledValue":[{"value":"233.6","measurand":"Voltage","unit":"V","phase":"L1"},{"value":"159.6","measurand":"Current.Export","unit":"A","phase":"L1"},{"value":"233.8","measurand":"Voltage","unit":"V","phase":"L2"},{"value":"234.6","measurand":"Current.Export","unit":"A","phase":"L2"},{"value":"2346.4","measurand":"Voltage","unit":"V","phase":"L3"},{"value":"161.0","measurand":"Current.Export","unit":"A","phase":"L1"},{"value":"12","measurand":"Temperature","unit":"Celsius"},{"value":"11272","measurand":"Power.Active.Export","unit":"W"},{"value":"54985","measurand":"Energy.Active.Export.Register","unit":"Wh"}]}]}]
INFO:ocpp:1: send [3,"00aa829a-da7e-4a3c-8e02-1b6aa739a032",{}]
INFO:ocpp:1: receive message [2,"d7d933e6-9dca-49d0-8593-f5b3841604d9","MeterValues",{"connectorId":1,"transactionId":5,"meterValue":[{"timestamp":"2023-03-01T15:55:08","sampledValue":[{"value":"233.6","measurand":"Voltage","unit":"V","phase":"L1"},{"value":"159.6","measurand":"Current.Export","unit":"A","phase":"L1"},{"value":"233.7","measurand":"Voltage","unit":"V","phase":"L2"},{"value":"234.5","measurand":"Current.Export","unit":"A","phase":"L2"},{"value":"2345.5","measurand":"Voltage","unit":"V","phase":"L3"},{"value":"161.1","measurand":"Current.Export","unit":"A","phase":"L1"},{"value":"12","measurand":"Temperature","unit":"Celsius"},{"value":"11275","measurand":"Power.Active.Export","unit":"W"},{"value":"58137","measurand":"Energy.Active.Export.Register","unit":"Wh"}]}]}]
INFO:ocpp:1: send [3,"d7d933e6-9dca-49d0-8593-f5b3841604d9",{}]
INFO:ocpp:1: receive message [2,"216df8d0-8ed9-4915-998c-be052c61d14d","StatusNotification",{"connectorId":1,"errorCode":"NoError","status":"Charging","timestamp":"2023-03-01T15:55:10"}]
INFO:ocpp:1: send [3,"216df8d0-8ed9-4915-998c-be052c61d14d",{}]
INFO:ocpp:1: receive message [2,"ebdc3f7a-d0f7-43d3-9ecc-f9b8ae548886","MeterValues",{"connectorId":1,"transactionId":5,"meterValue":[{"timestamp":"2023-03-01T15:55:18","sampledValue":[{"value":"233.5","measurand":"Voltage","unit":"V","phase":"L1"},{"value":"160.2","measurand":"Current.Export","unit":"A","phase":"L1"},{"value":"233.5","measurand":"Voltage","unit":"V","phase":"L2"},{"value":"234.3","measurand":"Current.Export","unit":"A","phase":"L2"},{"value":"2343.5","measurand":"Voltage","unit":"V","phase":"L3"},{"value":"161.7","measurand":"Current.Export","unit":"A","phase":"L1"},{"value":"12","measurand":"Temperature","unit":"Celsius"},{"value":"11310","measurand":"Power.Active.Export","unit":"W"},{"value":"61301","measurand":"Energy.Active.Export.Register","unit":"Wh"}]}]}]
INFO:ocpp:1: send [3,"ebdc3f7a-d0f7-43d3-9ecc-f9b8ae548886",{}]
INFO:ocpp:1: receive message [2,"cd86e03e-79a5-41ae-9e26-d454b005fc4e","MeterValues",{"connectorId":1,"transactionId":5,"meterValue":[{"timestamp":"2023-03-01T15:55:28","sampledValue":[{"value":"233.3","measurand":"Voltage","unit":"V","phase":"L1"},{"value":"160.4","measurand":"Current.Export","unit":"A","phase":"L1"},{"value":"233.5","measurand":"Voltage","unit":"V","phase":"L2"},{"value":"235.1","measurand":"Current.Export","unit":"A","phase":"L2"},{"value":"2351.7","measurand":"Voltage","unit":"V","phase":"L3"},{"value":"161.8","measurand":"Current.Export","unit":"A","phase":"L1"},{"value":"12","measurand":"Temperature","unit":"Celsius"},{"value":"11328","measurand":"Power.Active.Export","unit":"W"},{"value":"64457","measurand":"Energy.Active.Export.Register","unit":"Wh"}]}]}]
INFO:ocpp:1: send [3,"cd86e03e-79a5-41ae-9e26-d454b005fc4e",{}]
INFO:ocpp:1: receive message [2,"2c3877c7-ba58-42a9-9be8-90417343376b","MeterValues",{"connectorId":1,"transactionId":5,"meterValue":[{"timestamp":"2023-03-01T15:55:38","sampledValue":[{"value":"233.0","measurand":"Voltage","unit":"V","phase":"L1"},{"value":"160.4","measurand":"Current.Export","unit":"A","phase":"L1"},{"value":"233.0","measurand":"Voltage","unit":"V","phase":"L2"},{"value":"234.7","measurand":"Current.Export","unit":"A","phase":"L2"},{"value":"2347.7","measurand":"Voltage","unit":"V","phase":"L3"},{"value":"161.5","measurand":"Current.Export","unit":"A","phase":"L1"},{"value":"12","measurand":"Temperature","unit":"Celsius"},{"value":"11304","measurand":"Power.Active.Export","unit":"W"},{"value":"67619","measurand":"Energy.Active.Export.Register","unit":"Wh"}]}]}]
INFO:ocpp:1: send [3,"2c3877c7-ba58-42a9-9be8-90417343376b",{}]
INFO:ocpp:1: receive message [2,"e5e0ad3d-eb75-4658-a28d-5eda760f5516","StatusNotification",{"connectorId":1,"errorCode":"NoError","status":"Charging","timestamp":"2023-03-01T15:55:40"}]
INFO:ocpp:1: send [3,"e5e0ad3d-eb75-4658-a28d-5eda760f5516",{}]
INFO:ocpp:1: receive message [2,"2d160523-975a-4a5d-ae35-4a458edc675f","MeterValues",{"connectorId":1,"transactionId":5,"meterValue":[{"timestamp":"2023-03-01T15:55:48","sampledValue":[{"value":"233.3","measurand":"Voltage","unit":"V","phase":"L1"},{"value":"159.5","measurand":"Current.Export","unit":"A","phase":"L1"},{"value":"233.5","measurand":"Voltage","unit":"V","phase":"L2"},{"value":"235.1","measurand":"Current.Export","unit":"A","phase":"L2"},{"value":"2351.6","measurand":"Voltage","unit":"V","phase":"L3"},{"value":"160.7","measurand":"Current.Export","unit":"A","phase":"L1"},{"value":"12","measurand":"Temperature","unit":"Celsius"},{"value":"11260","measurand":"Power.Active.Export","unit":"W"},{"value":"70784","measurand":"Energy.Active.Export.Register","unit":"Wh"}]}]}]
INFO:ocpp:1: send [3,"2d160523-975a-4a5d-ae35-4a458edc675f",{}]
INFO:ocpp:1: receive message [2,"a7fde0ac-9044-4bf8-9d45-d1a0ee16b312","MeterValues",{"connectorId":1,"transactionId":5,"meterValue":[{"timestamp":"2023-03-01T15:55:58","sampledValue":[{"value":"233.6","measurand":"Voltage","unit":"V","phase":"L1"},{"value":"158.8","measurand":"Current.Export","unit":"A","phase":"L1"},{"value":"233.8","measurand":"Voltage","unit":"V","phase":"L2"},{"value":"235.3","measurand":"Current.Export","unit":"A","phase":"L2"},{"value":"2353.8","measurand":"Voltage","unit":"V","phase":"L3"},{"value":"160.2","measurand":"Current.Export","unit":"A","phase":"L1"},{"value":"12","measurand":"Temperature","unit":"Celsius"},{"value":"11232","measurand":"Power.Active.Export","unit":"W"},{"value":"73934","measurand":"Energy.Active.Export.Register","unit":"Wh"}]}]}]
INFO:ocpp:1: send [3,"a7fde0ac-9044-4bf8-9d45-d1a0ee16b312",{}]
INFO:ocpp:1: receive message [2,"c422311b-55ca-442a-9680-b76fd88a6873","MeterValues",{"connectorId":1,"transactionId":5,"meterValue":[{"timestamp":"2023-03-01T15:56:08","sampledValue":[{"value":"233.8","measurand":"Voltage","unit":"V","phase":"L1"},{"value":"158.6","measurand":"Current.Export","unit":"A","phase":"L1"},{"value":"233.9","measurand":"Voltage","unit":"V","phase":"L2"},{"value":"235.5","measurand":"Current.Export","unit":"A","phase":"L2"},{"value":"2355.7","measurand":"Voltage","unit":"V","phase":"L3"},{"value":"160.0","measurand":"Current.Export","unit":"A","phase":"L1"},{"value":"12","measurand":"Temperature","unit":"Celsius"},{"value":"11229","measurand":"Power.Active.Export","unit":"W"},{"value":"77077","measurand":"Energy.Active.Export.Register","unit":"Wh"}]}]}]
INFO:ocpp:1: send [3,"c422311b-55ca-442a-9680-b76fd88a6873",{}]
INFO:ocpp:1: receive message [2,"eb4d0e7b-fc7a-4283-946b-eecb009a31f1","StatusNotification",{"connectorId":1,"errorCode":"NoError","status":"Charging","timestamp":"2023-03-01T15:56:10"}]
INFO:ocpp:1: send [3,"eb4d0e7b-fc7a-4283-946b-eecb009a31f1",{}]
INFO:ocpp:1: receive message [2,"b596e113-63af-4b73-b2cf-b335e3eabf96","Heartbeat",{}]
INFO:ocpp:1: send [3,"b596e113-63af-4b73-b2cf-b335e3eabf96",{"currentTime":"2023-03-01T15:51:26.441544Z"}]
INFO:ocpp:1: receive message [2,"773fe5d2-08be-4c58-a76a-c8c8dd908c71","MeterValues",{"connectorId":1,"transactionId":5,"meterValue":[{"timestamp":"2023-03-01T15:56:18","sampledValue":[{"value":"233.9","measurand":"Voltage","unit":"V","phase":"L1"},{"value":"158.8","measurand":"Current.Export","unit":"A","phase":"L1"},{"value":"234.1","measurand":"Voltage","unit":"V","phase":"L2"},{"value":"235.6","measurand":"Current.Export","unit":"A","phase":"L2"},{"value":"2356.5","measurand":"Voltage","unit":"V","phase":"L3"},{"value":"160.2","measurand":"Current.Export","unit":"A","phase":"L1"},{"value":"13","measurand":"Temperature","unit":"Celsius"},{"value":"11251","measurand":"Power.Active.Export","unit":"W"},{"value":"80218","measurand":"Energy.Active.Export.Register","unit":"Wh"}]}]}]
INFO:ocpp:1: send [3,"773fe5d2-08be-4c58-a76a-c8c8dd908c71",{}]
INFO:ocpp:1: receive message [2,"683ad753-819a-42d4-ad26-d2a7f263ddf0","MeterValues",{"connectorId":1,"transactionId":5,"meterValue":[{"timestamp":"2023-03-01T15:51:35","sampledValue":[{"value":"233.5","measurand":"Voltage","unit":"V","phase":"L1"},{"value":"159.9","measurand":"Current.Export","unit":"A","phase":"L1"},{"value":"234.1","measurand":"Voltage","unit":"V","phase":"L2"},{"value":"235.5","measurand":"Current.Export","unit":"A","phase":"L2"},{"value":"2355.7","measurand":"Voltage","unit":"V","phase":"L3"},{"value":"161.4","measurand":"Current.Export","unit":"A","phase":"L1"},{"value":"13","measurand":"Temperature","unit":"Celsius"},{"value":"11326","measurand":"Power.Active.Export","unit":"W"},{"value":"83381","measurand":"Energy.Active.Export.Register","unit":"Wh"}]}]}]
INFO:ocpp:1: send [3,"683ad753-819a-42d4-ad26-d2a7f263ddf0",{}]
INFO:ocpp:1: receive message [2,"40b880d5-32fd-4eb1-a75d-60df3b72aee3","MeterValues",{"connectorId":1,"transactionId":5,"meterValue":[{"timestamp":"2023-03-01T15:51:45","sampledValue":[{"value":"233.4","measurand":"Voltage","unit":"V","phase":"L1"},{"value":"159.7","measurand":"Current.Export","unit":"A","phase":"L1"},{"value":"234.0","measurand":"Voltage","unit":"V","phase":"L2"},{"value":"235.5","measurand":"Current.Export","unit":"A","phase":"L2"},{"value":"2355.0","measurand":"Voltage","unit":"V","phase":"L3"},{"value":"161.1","measurand":"Current.Export","unit":"A","phase":"L1"},{"value":"13","measurand":"Temperature","unit":"Celsius"},{"value":"11296","measurand":"Power.Active.Export","unit":"W"},{"value":"86553","measurand":"Energy.Active.Export.Register","unit":"Wh"}]}]}]
INFO:ocpp:1: send [3,"40b880d5-32fd-4eb1-a75d-60df3b72aee3",{}]
INFO:ocpp:1: receive message [2,"56803568-b0b7-4617-8490-decc17055e5d","StatusNotification",{"connectorId":1,"errorCode":"NoError","status":"Charging","timestamp":"2023-03-01T15:51:48"}]
INFO:ocpp:1: send [3,"56803568-b0b7-4617-8490-decc17055e5d",{}]
INFO:ocpp:1: receive message [2,"2e733b0b-256d-4cfc-9e36-10f83947dfc1","MeterValues",{"connectorId":1,"transactionId":5,"meterValue":[{"timestamp":"2023-03-01T15:51:55","sampledValue":[{"value":"233.8","measurand":"Voltage","unit":"V","phase":"L1"},{"value":"159.9","measurand":"Current.Export","unit":"A","phase":"L1"},{"value":"233.5","measurand":"Voltage","unit":"V","phase":"L2"},{"value":"235.5","measurand":"Current.Export","unit":"A","phase":"L2"},{"value":"2355.7","measurand":"Voltage","unit":"V","phase":"L3"},{"value":"161.4","measurand":"Current.Export","unit":"A","phase":"L1"},{"value":"13","measurand":"Temperature","unit":"Celsius"},{"value":"11319","measurand":"Power.Active.Export","unit":"W"},{"value":"89712","measurand":"Energy.Active.Export.Register","unit":"Wh"}]}]}]
INFO:ocpp:1: send [3,"2e733b0b-256d-4cfc-9e36-10f83947dfc1",{}]
INFO:ocpp:1: receive message [2,"56183f11-d786-48b6-a9fd-2143f9e7bc74","MeterValues",{"connectorId":1,"transactionId":5,"meterValue":[{"timestamp":"2023-03-01T15:52:05","sampledValue":[{"value":"233.5","measurand":"Voltage","unit":"V","phase":"L1"},{"value":"159.1","measurand":"Current.Export","unit":"A","phase":"L1"},{"value":"233.5","measurand":"Voltage","unit":"V","phase":"L2"},{"value":"235.3","measurand":"Current.Export","unit":"A","phase":"L2"},{"value":"2353.1","measurand":"Voltage","unit":"V","phase":"L3"},{"value":"160.5","measurand":"Current.Export","unit":"A","phase":"L1"},{"value":"13","measurand":"Temperature","unit":"Celsius"},{"value":"11241","measurand":"Power.Active.Export","unit":"W"},{"value":"92870","measurand":"Energy.Active.Export.Register","unit":"Wh"}]}]}]
INFO:ocpp:1: send [3,"56183f11-d786-48b6-a9fd-2143f9e7bc74",{}]
INFO:ocpp:1: receive message [2,"0edfc95a-448f-4e83-b306-5ae2e0e6ecda","MeterValues",{"connectorId":1,"transactionId":5,"meterValue":[{"timestamp":"2023-03-01T15:52:15","sampledValue":[{"value":"233.6","measurand":"Voltage","unit":"V","phase":"L1"},{"value":"159.7","measurand":"Current.Export","unit":"A","phase":"L1"},{"value":"233.3","measurand":"Voltage","unit":"V","phase":"L2"},{"value":"234.7","measurand":"Current.Export","unit":"A","phase":"L2"},{"value":"2347.6","measurand":"Voltage","unit":"V","phase":"L3"},{"value":"161.3","measurand":"Current.Export","unit":"A","phase":"L1"},{"value":"13","measurand":"Temperature","unit":"Celsius"},{"value":"11288","measurand":"Power.Active.Export","unit":"W"},{"value":"96016","measurand":"Energy.Active.Export.Register","unit":"Wh"}]}]}]
INFO:ocpp:1: send [3,"0edfc95a-448f-4e83-b306-5ae2e0e6ecda",{}]
INFO:ocpp:1: receive message [2,"64532179-0d85-4b47-8ba4-4ea96329faaa","StatusNotification",{"connectorId":1,"errorCode":"NoError","status":"Charging","timestamp":"2023-03-01T15:52:18"}]
INFO:ocpp:1: send [3,"64532179-0d85-4b47-8ba4-4ea96329faaa",{}]
INFO:ocpp:1: receive message [2,"70174b8d-91ca-4889-aaf8-552af64a1afe","MeterValues",{"connectorId":1,"transactionId":5,"meterValue":[{"timestamp":"2023-03-01T15:52:25","sampledValue":[{"value":"233.7","measurand":"Voltage","unit":"V","phase":"L1"},{"value":"160.3","measurand":"Current.Export","unit":"A","phase":"L1"},{"value":"233.3","measurand":"Voltage","unit":"V","phase":"L2"},{"value":"234.6","measurand":"Current.Export","unit":"A","phase":"L2"},{"value":"2346.7","measurand":"Voltage","unit":"V","phase":"L3"},{"value":"161.7","measurand":"Current.Export","unit":"A","phase":"L1"},{"value":"13","measurand":"Temperature","unit":"Celsius"},{"value":"11320","measurand":"Power.Active.Export","unit":"W"},{"value":"98866","measurand":"Energy.Active.Export.Register","unit":"Wh"}]}]}]
INFO:ocpp:1: send [3,"70174b8d-91ca-4889-aaf8-552af64a1afe",{}]
INFO:ocpp:1: receive message [2,"8d4334e5-74ee-49fd-bd76-60dd230c74d7","MeterValues",{"connectorId":1,"transactionId":5,"meterValue":[{"timestamp":"2023-03-01T15:52:35","sampledValue":[{"value":"233.6","measurand":"Voltage","unit":"V","phase":"L1"},{"value":"160.3","measurand":"Current.Export","unit":"A","phase":"L1"},{"value":"233.4","measurand":"Voltage","unit":"V","phase":"L2"},{"value":"235.3","measurand":"Current.Export","unit":"A","phase":"L2"},{"value":"2353.8","measurand":"Voltage","unit":"V","phase":"L3"},{"value":"161.8","measurand":"Current.Export","unit":"A","phase":"L1"},{"value":"13","measurand":"Temperature","unit":"Celsius"},{"value":"11332","measurand":"Power.Active.Export","unit":"W"},{"value":"102035","measurand":"Energy.Active.Export.Register","unit":"Wh"}]}]}]
INFO:ocpp:1: send [3,"8d4334e5-74ee-49fd-bd76-60dd230c74d7",{}]
INFO:ocpp:1: receive message [2,"da34867c-e342-42af-85fd-442fb947e4d2","MeterValues",{"connectorId":1,"transactionId":5,"meterValue":[{"timestamp":"2023-03-01T15:52:45","sampledValue":[{"value":"233.8","measurand":"Voltage","unit":"V","phase":"L1"},{"value":"160.1","measurand":"Current.Export","unit":"A","phase":"L1"},{"value":"233.5","measurand":"Voltage","unit":"V","phase":"L2"},{"value":"235.4","measurand":"Current.Export","unit":"A","phase":"L2"},{"value":"2354.1","measurand":"Voltage","unit":"V","phase":"L3"},{"value":"161.4","measurand":"Current.Export","unit":"A","phase":"L1"},{"value":"13","measurand":"Temperature","unit":"Celsius"},{"value":"11315","measurand":"Power.Active.Export","unit":"W"},{"value":"105201","measurand":"Energy.Active.Export.Register","unit":"Wh"}]}]}]
INFO:ocpp:1: send [3,"da34867c-e342-42af-85fd-442fb947e4d2",{}]
INFO:ocpp:1: receive message [2,"c7da1ee7-2a00-42c4-a6fc-dcab098ea88c","StatusNotification",{"connectorId":1,"errorCode":"NoError","status":"Charging","timestamp":"2023-03-01T15:52:48"}]
INFO:ocpp:1: send [3,"c7da1ee7-2a00-42c4-a6fc-dcab098ea88c",{}]
INFO:ocpp:1: receive message [2,"82b02a2b-7864-463c-84c5-1f87b91219dd","MeterValues",{"connectorId":1,"transactionId":5,"meterValue":[{"timestamp":"2023-03-01T15:52:55","sampledValue":[{"value":"234.0","measurand":"Voltage","unit":"V","phase":"L1"},{"value":"159.8","measurand":"Current.Export","unit":"A","phase":"L1"},{"value":"233.4","measurand":"Voltage","unit":"V","phase":"L2"},{"value":"235.5","measurand":"Current.Export","unit":"A","phase":"L2"},{"value":"2355.5","measurand":"Voltage","unit":"V","phase":"L3"},{"value":"161.3","measurand":"Current.Export","unit":"A","phase":"L1"},{"value":"13","measurand":"Temperature","unit":"Celsius"},{"value":"11308","measurand":"Power.Active.Export","unit":"W"},{"value":"108374","measurand":"Energy.Active.Export.Register","unit":"Wh"}]}]}]
